{"/Volumes/development/aws_serverless/src/opt/nodejs/connectors/apigateway.connector.js":{"path":"/Volumes/development/aws_serverless/src/opt/nodejs/connectors/apigateway.connector.js","statementMap":{"0":{"start":{"line":2,"column":23},"end":{"line":2,"column":43}},"1":{"start":{"line":6,"column":4},"end":{"line":6,"column":40}},"2":{"start":{"line":9,"column":4},"end":{"line":9,"column":38}},"3":{"start":{"line":10,"column":12},"end":{"line":10,"column":30}},"4":{"start":{"line":13,"column":38},"end":{"line":13,"column":82}},"5":{"start":{"line":13,"column":44},"end":{"line":13,"column":82}},"6":{"start":{"line":14,"column":38},"end":{"line":14,"column":84}},"7":{"start":{"line":14,"column":44},"end":{"line":14,"column":84}},"8":{"start":{"line":15,"column":39},"end":{"line":15,"column":86}},"9":{"start":{"line":15,"column":45},"end":{"line":15,"column":86}},"10":{"start":{"line":16,"column":47},"end":{"line":16,"column":102}},"11":{"start":{"line":16,"column":53},"end":{"line":16,"column":102}},"12":{"start":{"line":17,"column":31},"end":{"line":17,"column":70}},"13":{"start":{"line":17,"column":37},"end":{"line":17,"column":70}},"14":{"start":{"line":21,"column":26},"end":{"line":24,"column":3}},"15":{"start":{"line":21,"column":57},"end":{"line":24,"column":1}},"16":{"start":{"line":27,"column":25},"end":{"line":42,"column":2}},"17":{"start":{"line":28,"column":4},"end":{"line":29,"column":55}},"18":{"start":{"line":29,"column":8},"end":{"line":29,"column":55}},"19":{"start":{"line":31,"column":4},"end":{"line":32,"column":57}},"20":{"start":{"line":32,"column":8},"end":{"line":32,"column":57}},"21":{"start":{"line":34,"column":20},"end":{"line":34,"column":57}},"22":{"start":{"line":35,"column":4},"end":{"line":41,"column":5}},"23":{"start":{"line":36,"column":23},"end":{"line":36,"column":52}},"24":{"start":{"line":37,"column":8},"end":{"line":37,"column":38}},"25":{"start":{"line":39,"column":8},"end":{"line":39,"column":52}},"26":{"start":{"line":40,"column":8},"end":{"line":40,"column":34}},"27":{"start":{"line":44,"column":30},"end":{"line":60,"column":2}},"28":{"start":{"line":45,"column":4},"end":{"line":46,"column":55}},"29":{"start":{"line":46,"column":8},"end":{"line":46,"column":55}},"30":{"start":{"line":48,"column":4},"end":{"line":49,"column":57}},"31":{"start":{"line":49,"column":8},"end":{"line":49,"column":57}},"32":{"start":{"line":51,"column":18},"end":{"line":51,"column":52}},"33":{"start":{"line":52,"column":4},"end":{"line":53,"column":71}},"34":{"start":{"line":53,"column":8},"end":{"line":53,"column":71}},"35":{"start":{"line":55,"column":21},"end":{"line":55,"column":84}},"36":{"start":{"line":55,"column":48},"end":{"line":55,"column":83}},"37":{"start":{"line":56,"column":4},"end":{"line":59,"column":6}},"38":{"start":{"line":57,"column":8},"end":{"line":57,"column":24}},"39":{"start":{"line":58,"column":8},"end":{"line":58,"column":63}},"40":{"start":{"line":62,"column":29},"end":{"line":74,"column":2}},"41":{"start":{"line":63,"column":4},"end":{"line":64,"column":55}},"42":{"start":{"line":64,"column":8},"end":{"line":64,"column":55}},"43":{"start":{"line":66,"column":17},"end":{"line":66,"column":51}},"44":{"start":{"line":67,"column":4},"end":{"line":68,"column":71}},"45":{"start":{"line":68,"column":8},"end":{"line":68,"column":71}},"46":{"start":{"line":70,"column":4},"end":{"line":73,"column":6}},"47":{"start":{"line":71,"column":8},"end":{"line":71,"column":24}},"48":{"start":{"line":72,"column":8},"end":{"line":72,"column":62}},"49":{"start":{"line":77,"column":0},"end":{"line":89,"column":1}},"50":{"start":{"line":87,"column":41},"end":{"line":87,"column":111}},"51":{"start":{"line":88,"column":40},"end":{"line":88,"column":109}}},"fnMap":{"0":{"name":"(anonymous_0)","decl":{"start":{"line":13,"column":38},"end":{"line":13,"column":39}},"loc":{"start":{"line":13,"column":44},"end":{"line":13,"column":82}},"line":13},"1":{"name":"(anonymous_1)","decl":{"start":{"line":14,"column":38},"end":{"line":14,"column":39}},"loc":{"start":{"line":14,"column":44},"end":{"line":14,"column":84}},"line":14},"2":{"name":"(anonymous_2)","decl":{"start":{"line":15,"column":39},"end":{"line":15,"column":40}},"loc":{"start":{"line":15,"column":45},"end":{"line":15,"column":86}},"line":15},"3":{"name":"(anonymous_3)","decl":{"start":{"line":16,"column":47},"end":{"line":16,"column":48}},"loc":{"start":{"line":16,"column":53},"end":{"line":16,"column":102}},"line":16},"4":{"name":"(anonymous_4)","decl":{"start":{"line":17,"column":31},"end":{"line":17,"column":32}},"loc":{"start":{"line":17,"column":37},"end":{"line":17,"column":70}},"line":17},"5":{"name":"(anonymous_5)","decl":{"start":{"line":21,"column":32},"end":{"line":21,"column":33}},"loc":{"start":{"line":21,"column":57},"end":{"line":24,"column":1}},"line":21},"6":{"name":"(anonymous_6)","decl":{"start":{"line":27,"column":31},"end":{"line":27,"column":32}},"loc":{"start":{"line":27,"column":67},"end":{"line":42,"column":1}},"line":27},"7":{"name":"(anonymous_7)","decl":{"start":{"line":44,"column":36},"end":{"line":44,"column":37}},"loc":{"start":{"line":44,"column":72},"end":{"line":60,"column":1}},"line":44},"8":{"name":"(anonymous_8)","decl":{"start":{"line":55,"column":39},"end":{"line":55,"column":40}},"loc":{"start":{"line":55,"column":48},"end":{"line":55,"column":83}},"line":55},"9":{"name":"(anonymous_9)","decl":{"start":{"line":56,"column":39},"end":{"line":56,"column":40}},"loc":{"start":{"line":56,"column":46},"end":{"line":59,"column":5}},"line":56},"10":{"name":"(anonymous_10)","decl":{"start":{"line":62,"column":35},"end":{"line":62,"column":36}},"loc":{"start":{"line":62,"column":70},"end":{"line":74,"column":1}},"line":62},"11":{"name":"(anonymous_11)","decl":{"start":{"line":70,"column":60},"end":{"line":70,"column":61}},"loc":{"start":{"line":70,"column":67},"end":{"line":73,"column":5}},"line":70},"12":{"name":"(anonymous_12)","decl":{"start":{"line":87,"column":23},"end":{"line":87,"column":24}},"loc":{"start":{"line":87,"column":41},"end":{"line":87,"column":111}},"line":87},"13":{"name":"(anonymous_13)","decl":{"start":{"line":88,"column":22},"end":{"line":88,"column":23}},"loc":{"start":{"line":88,"column":40},"end":{"line":88,"column":109}},"line":88}},"branchMap":{"0":{"loc":{"start":{"line":28,"column":4},"end":{"line":29,"column":55}},"type":"if","locations":[{"start":{"line":28,"column":4},"end":{"line":29,"column":55}},{"start":{"line":28,"column":4},"end":{"line":29,"column":55}}],"line":28},"1":{"loc":{"start":{"line":31,"column":4},"end":{"line":32,"column":57}},"type":"if","locations":[{"start":{"line":31,"column":4},"end":{"line":32,"column":57}},{"start":{"line":31,"column":4},"end":{"line":32,"column":57}}],"line":31},"2":{"loc":{"start":{"line":45,"column":4},"end":{"line":46,"column":55}},"type":"if","locations":[{"start":{"line":45,"column":4},"end":{"line":46,"column":55}},{"start":{"line":45,"column":4},"end":{"line":46,"column":55}}],"line":45},"3":{"loc":{"start":{"line":48,"column":4},"end":{"line":49,"column":57}},"type":"if","locations":[{"start":{"line":48,"column":4},"end":{"line":49,"column":57}},{"start":{"line":48,"column":4},"end":{"line":49,"column":57}}],"line":48},"4":{"loc":{"start":{"line":52,"column":4},"end":{"line":53,"column":71}},"type":"if","locations":[{"start":{"line":52,"column":4},"end":{"line":53,"column":71}},{"start":{"line":52,"column":4},"end":{"line":53,"column":71}}],"line":52},"5":{"loc":{"start":{"line":63,"column":4},"end":{"line":64,"column":55}},"type":"if","locations":[{"start":{"line":63,"column":4},"end":{"line":64,"column":55}},{"start":{"line":63,"column":4},"end":{"line":64,"column":55}}],"line":63},"6":{"loc":{"start":{"line":67,"column":4},"end":{"line":68,"column":71}},"type":"if","locations":[{"start":{"line":67,"column":4},"end":{"line":68,"column":71}},{"start":{"line":67,"column":4},"end":{"line":68,"column":71}}],"line":67}},"s":{"0":1,"1":1,"2":1,"3":1,"4":1,"5":6,"6":1,"7":2,"8":1,"9":2,"10":1,"11":3,"12":1,"13":4,"14":1,"15":11,"16":1,"17":12,"18":1,"19":11,"20":1,"21":10,"22":10,"23":10,"24":5,"25":5,"26":5,"27":1,"28":5,"29":1,"30":4,"31":1,"32":3,"33":3,"34":1,"35":2,"36":6,"37":2,"38":1,"39":1,"40":1,"41":4,"42":1,"43":3,"44":3,"45":1,"46":2,"47":1,"48":1,"49":1,"50":1,"51":0},"f":{"0":6,"1":2,"2":2,"3":3,"4":4,"5":11,"6":12,"7":5,"8":6,"9":1,"10":4,"11":1,"12":1,"13":0},"b":{"0":[1,11],"1":[1,10],"2":[1,4],"3":[1,3],"4":[1,2],"5":[1,3],"6":[1,2]},"_coverageSchema":"1a1c01bbd47fc00a2c39e90264f33305004495a9","hash":"a5707e2d0260afb81bb0b80f54ca9cafc35e268c","contentHash":"b9fed5b8bbda6317b8850fc6bddfee9672b8ef5d7158410ee18a3dc9b927e53f"},"/Volumes/development/aws_serverless/src/opt/nodejs/utils/validators/index.js":{"path":"/Volumes/development/aws_serverless/src/opt/nodejs/utils/validators/index.js","statementMap":{"0":{"start":{"line":1,"column":18},"end":{"line":1,"column":38}},"1":{"start":{"line":4,"column":19},"end":{"line":4,"column":49}},"2":{"start":{"line":4,"column":26},"end":{"line":4,"column":49}},"3":{"start":{"line":6,"column":19},"end":{"line":6,"column":48}},"4":{"start":{"line":6,"column":26},"end":{"line":6,"column":48}},"5":{"start":{"line":8,"column":24},"end":{"line":8,"column":53}},"6":{"start":{"line":8,"column":31},"end":{"line":8,"column":53}},"7":{"start":{"line":10,"column":19},"end":{"line":10,"column":48}},"8":{"start":{"line":10,"column":26},"end":{"line":10,"column":48}},"9":{"start":{"line":12,"column":19},"end":{"line":12,"column":47}},"10":{"start":{"line":12,"column":26},"end":{"line":12,"column":47}},"11":{"start":{"line":14,"column":22},"end":{"line":14,"column":50}},"12":{"start":{"line":14,"column":29},"end":{"line":14,"column":50}},"13":{"start":{"line":16,"column":24},"end":{"line":16,"column":52}},"14":{"start":{"line":16,"column":31},"end":{"line":16,"column":52}},"15":{"start":{"line":18,"column":28},"end":{"line":18,"column":56}},"16":{"start":{"line":18,"column":35},"end":{"line":18,"column":56}},"17":{"start":{"line":20,"column":21},"end":{"line":20,"column":52}},"18":{"start":{"line":20,"column":30},"end":{"line":20,"column":52}},"19":{"start":{"line":22,"column":21},"end":{"line":22,"column":52}},"20":{"start":{"line":22,"column":30},"end":{"line":22,"column":52}},"21":{"start":{"line":24,"column":24},"end":{"line":24,"column":52}},"22":{"start":{"line":24,"column":31},"end":{"line":24,"column":52}},"23":{"start":{"line":26,"column":25},"end":{"line":26,"column":71}},"24":{"start":{"line":26,"column":38},"end":{"line":26,"column":71}},"25":{"start":{"line":28,"column":24},"end":{"line":28,"column":52}},"26":{"start":{"line":28,"column":31},"end":{"line":28,"column":52}},"27":{"start":{"line":30,"column":25},"end":{"line":30,"column":50}},"28":{"start":{"line":30,"column":31},"end":{"line":30,"column":50}},"29":{"start":{"line":32,"column":21},"end":{"line":32,"column":49}},"30":{"start":{"line":32,"column":28},"end":{"line":32,"column":49}},"31":{"start":{"line":34,"column":26},"end":{"line":34,"column":54}},"32":{"start":{"line":34,"column":33},"end":{"line":34,"column":54}},"33":{"start":{"line":36,"column":24},"end":{"line":36,"column":76}},"34":{"start":{"line":36,"column":36},"end":{"line":36,"column":76}},"35":{"start":{"line":38,"column":30},"end":{"line":38,"column":82}},"36":{"start":{"line":38,"column":42},"end":{"line":38,"column":82}},"37":{"start":{"line":40,"column":24},"end":{"line":40,"column":64}},"38":{"start":{"line":40,"column":32},"end":{"line":40,"column":64}},"39":{"start":{"line":42,"column":27},"end":{"line":42,"column":64}},"40":{"start":{"line":42,"column":34},"end":{"line":42,"column":64}},"41":{"start":{"line":44,"column":24},"end":{"line":44,"column":58}},"42":{"start":{"line":44,"column":30},"end":{"line":44,"column":58}},"43":{"start":{"line":46,"column":24},"end":{"line":46,"column":81}},"44":{"start":{"line":46,"column":31},"end":{"line":46,"column":81}},"45":{"start":{"line":48,"column":25},"end":{"line":48,"column":86}},"46":{"start":{"line":48,"column":33},"end":{"line":48,"column":86}},"47":{"start":{"line":50,"column":24},"end":{"line":50,"column":64}},"48":{"start":{"line":50,"column":32},"end":{"line":50,"column":64}},"49":{"start":{"line":52,"column":24},"end":{"line":52,"column":61}},"50":{"start":{"line":52,"column":31},"end":{"line":52,"column":61}},"51":{"start":{"line":54,"column":22},"end":{"line":54,"column":68}},"52":{"start":{"line":54,"column":29},"end":{"line":54,"column":68}},"53":{"start":{"line":56,"column":22},"end":{"line":56,"column":77}},"54":{"start":{"line":56,"column":32},"end":{"line":56,"column":77}},"55":{"start":{"line":58,"column":20},"end":{"line":58,"column":69}},"56":{"start":{"line":58,"column":28},"end":{"line":58,"column":69}},"57":{"start":{"line":60,"column":19},"end":{"line":62,"column":2}},"58":{"start":{"line":61,"column":4},"end":{"line":61,"column":34}},"59":{"start":{"line":64,"column":28},"end":{"line":66,"column":2}},"60":{"start":{"line":65,"column":4},"end":{"line":65,"column":34}},"61":{"start":{"line":68,"column":21},"end":{"line":68,"column":66}},"62":{"start":{"line":68,"column":30},"end":{"line":68,"column":66}},"63":{"start":{"line":70,"column":25},"end":{"line":75,"column":1}},"64":{"start":{"line":71,"column":4},"end":{"line":72,"column":18}},"65":{"start":{"line":72,"column":6},"end":{"line":72,"column":18}},"66":{"start":{"line":73,"column":23},"end":{"line":73,"column":56}},"67":{"start":{"line":73,"column":40},"end":{"line":73,"column":55}},"68":{"start":{"line":74,"column":4},"end":{"line":74,"column":33}},"69":{"start":{"line":77,"column":25},"end":{"line":82,"column":1}},"70":{"start":{"line":78,"column":4},"end":{"line":79,"column":18}},"71":{"start":{"line":79,"column":6},"end":{"line":79,"column":18}},"72":{"start":{"line":80,"column":23},"end":{"line":80,"column":61}},"73":{"start":{"line":80,"column":40},"end":{"line":80,"column":60}},"74":{"start":{"line":81,"column":4},"end":{"line":81,"column":33}},"75":{"start":{"line":84,"column":22},"end":{"line":86,"column":2}},"76":{"start":{"line":85,"column":4},"end":{"line":85,"column":38}},"77":{"start":{"line":90,"column":0},"end":{"line":130,"column":1}}},"fnMap":{"0":{"name":"(anonymous_0)","decl":{"start":{"line":4,"column":19},"end":{"line":4,"column":20}},"loc":{"start":{"line":4,"column":26},"end":{"line":4,"column":49}},"line":4},"1":{"name":"(anonymous_1)","decl":{"start":{"line":6,"column":19},"end":{"line":6,"column":20}},"loc":{"start":{"line":6,"column":26},"end":{"line":6,"column":48}},"line":6},"2":{"name":"(anonymous_2)","decl":{"start":{"line":8,"column":24},"end":{"line":8,"column":25}},"loc":{"start":{"line":8,"column":31},"end":{"line":8,"column":53}},"line":8},"3":{"name":"(anonymous_3)","decl":{"start":{"line":10,"column":19},"end":{"line":10,"column":20}},"loc":{"start":{"line":10,"column":26},"end":{"line":10,"column":48}},"line":10},"4":{"name":"(anonymous_4)","decl":{"start":{"line":12,"column":19},"end":{"line":12,"column":20}},"loc":{"start":{"line":12,"column":26},"end":{"line":12,"column":47}},"line":12},"5":{"name":"(anonymous_5)","decl":{"start":{"line":14,"column":22},"end":{"line":14,"column":23}},"loc":{"start":{"line":14,"column":29},"end":{"line":14,"column":50}},"line":14},"6":{"name":"(anonymous_6)","decl":{"start":{"line":16,"column":24},"end":{"line":16,"column":25}},"loc":{"start":{"line":16,"column":31},"end":{"line":16,"column":52}},"line":16},"7":{"name":"(anonymous_7)","decl":{"start":{"line":18,"column":28},"end":{"line":18,"column":29}},"loc":{"start":{"line":18,"column":35},"end":{"line":18,"column":56}},"line":18},"8":{"name":"(anonymous_8)","decl":{"start":{"line":20,"column":21},"end":{"line":20,"column":22}},"loc":{"start":{"line":20,"column":30},"end":{"line":20,"column":52}},"line":20},"9":{"name":"(anonymous_9)","decl":{"start":{"line":22,"column":21},"end":{"line":22,"column":22}},"loc":{"start":{"line":22,"column":30},"end":{"line":22,"column":52}},"line":22},"10":{"name":"(anonymous_10)","decl":{"start":{"line":24,"column":24},"end":{"line":24,"column":25}},"loc":{"start":{"line":24,"column":31},"end":{"line":24,"column":52}},"line":24},"11":{"name":"(anonymous_11)","decl":{"start":{"line":26,"column":25},"end":{"line":26,"column":26}},"loc":{"start":{"line":26,"column":38},"end":{"line":26,"column":71}},"line":26},"12":{"name":"(anonymous_12)","decl":{"start":{"line":28,"column":24},"end":{"line":28,"column":25}},"loc":{"start":{"line":28,"column":31},"end":{"line":28,"column":52}},"line":28},"13":{"name":"(anonymous_13)","decl":{"start":{"line":30,"column":25},"end":{"line":30,"column":26}},"loc":{"start":{"line":30,"column":31},"end":{"line":30,"column":50}},"line":30},"14":{"name":"(anonymous_14)","decl":{"start":{"line":32,"column":21},"end":{"line":32,"column":22}},"loc":{"start":{"line":32,"column":28},"end":{"line":32,"column":49}},"line":32},"15":{"name":"(anonymous_15)","decl":{"start":{"line":34,"column":26},"end":{"line":34,"column":27}},"loc":{"start":{"line":34,"column":33},"end":{"line":34,"column":54}},"line":34},"16":{"name":"(anonymous_16)","decl":{"start":{"line":36,"column":24},"end":{"line":36,"column":25}},"loc":{"start":{"line":36,"column":36},"end":{"line":36,"column":76}},"line":36},"17":{"name":"(anonymous_17)","decl":{"start":{"line":38,"column":30},"end":{"line":38,"column":31}},"loc":{"start":{"line":38,"column":42},"end":{"line":38,"column":82}},"line":38},"18":{"name":"(anonymous_18)","decl":{"start":{"line":40,"column":24},"end":{"line":40,"column":25}},"loc":{"start":{"line":40,"column":32},"end":{"line":40,"column":64}},"line":40},"19":{"name":"(anonymous_19)","decl":{"start":{"line":42,"column":27},"end":{"line":42,"column":28}},"loc":{"start":{"line":42,"column":34},"end":{"line":42,"column":64}},"line":42},"20":{"name":"(anonymous_20)","decl":{"start":{"line":44,"column":24},"end":{"line":44,"column":25}},"loc":{"start":{"line":44,"column":30},"end":{"line":44,"column":58}},"line":44},"21":{"name":"(anonymous_21)","decl":{"start":{"line":46,"column":24},"end":{"line":46,"column":25}},"loc":{"start":{"line":46,"column":31},"end":{"line":46,"column":81}},"line":46},"22":{"name":"(anonymous_22)","decl":{"start":{"line":48,"column":25},"end":{"line":48,"column":26}},"loc":{"start":{"line":48,"column":33},"end":{"line":48,"column":86}},"line":48},"23":{"name":"(anonymous_23)","decl":{"start":{"line":50,"column":24},"end":{"line":50,"column":25}},"loc":{"start":{"line":50,"column":32},"end":{"line":50,"column":64}},"line":50},"24":{"name":"(anonymous_24)","decl":{"start":{"line":52,"column":24},"end":{"line":52,"column":25}},"loc":{"start":{"line":52,"column":31},"end":{"line":52,"column":61}},"line":52},"25":{"name":"(anonymous_25)","decl":{"start":{"line":54,"column":22},"end":{"line":54,"column":23}},"loc":{"start":{"line":54,"column":29},"end":{"line":54,"column":68}},"line":54},"26":{"name":"(anonymous_26)","decl":{"start":{"line":56,"column":22},"end":{"line":56,"column":23}},"loc":{"start":{"line":56,"column":32},"end":{"line":56,"column":77}},"line":56},"27":{"name":"(anonymous_27)","decl":{"start":{"line":58,"column":20},"end":{"line":58,"column":21}},"loc":{"start":{"line":58,"column":28},"end":{"line":58,"column":69}},"line":58},"28":{"name":"(anonymous_28)","decl":{"start":{"line":60,"column":25},"end":{"line":60,"column":26}},"loc":{"start":{"line":60,"column":41},"end":{"line":62,"column":1}},"line":60},"29":{"name":"(anonymous_29)","decl":{"start":{"line":64,"column":34},"end":{"line":64,"column":35}},"loc":{"start":{"line":64,"column":50},"end":{"line":66,"column":1}},"line":64},"30":{"name":"(anonymous_30)","decl":{"start":{"line":68,"column":21},"end":{"line":68,"column":22}},"loc":{"start":{"line":68,"column":30},"end":{"line":68,"column":66}},"line":68},"31":{"name":"(anonymous_31)","decl":{"start":{"line":70,"column":25},"end":{"line":70,"column":26}},"loc":{"start":{"line":70,"column":32},"end":{"line":75,"column":1}},"line":70},"32":{"name":"(anonymous_32)","decl":{"start":{"line":73,"column":34},"end":{"line":73,"column":35}},"loc":{"start":{"line":73,"column":40},"end":{"line":73,"column":55}},"line":73},"33":{"name":"(anonymous_33)","decl":{"start":{"line":77,"column":25},"end":{"line":77,"column":26}},"loc":{"start":{"line":77,"column":32},"end":{"line":82,"column":1}},"line":77},"34":{"name":"(anonymous_34)","decl":{"start":{"line":80,"column":34},"end":{"line":80,"column":35}},"loc":{"start":{"line":80,"column":40},"end":{"line":80,"column":60}},"line":80},"35":{"name":"(anonymous_35)","decl":{"start":{"line":84,"column":28},"end":{"line":84,"column":29}},"loc":{"start":{"line":84,"column":46},"end":{"line":86,"column":1}},"line":84}},"branchMap":{"0":{"loc":{"start":{"line":4,"column":26},"end":{"line":4,"column":49}},"type":"binary-expr","locations":[{"start":{"line":4,"column":26},"end":{"line":4,"column":29}},{"start":{"line":4,"column":33},"end":{"line":4,"column":49}}],"line":4},"1":{"loc":{"start":{"line":6,"column":26},"end":{"line":6,"column":48}},"type":"binary-expr","locations":[{"start":{"line":6,"column":26},"end":{"line":6,"column":29}},{"start":{"line":6,"column":33},"end":{"line":6,"column":48}}],"line":6},"2":{"loc":{"start":{"line":8,"column":31},"end":{"line":8,"column":53}},"type":"binary-expr","locations":[{"start":{"line":8,"column":31},"end":{"line":8,"column":34}},{"start":{"line":8,"column":38},"end":{"line":8,"column":53}}],"line":8},"3":{"loc":{"start":{"line":10,"column":26},"end":{"line":10,"column":48}},"type":"binary-expr","locations":[{"start":{"line":10,"column":26},"end":{"line":10,"column":29}},{"start":{"line":10,"column":33},"end":{"line":10,"column":48}}],"line":10},"4":{"loc":{"start":{"line":12,"column":26},"end":{"line":12,"column":47}},"type":"binary-expr","locations":[{"start":{"line":12,"column":26},"end":{"line":12,"column":29}},{"start":{"line":12,"column":33},"end":{"line":12,"column":47}}],"line":12},"5":{"loc":{"start":{"line":14,"column":29},"end":{"line":14,"column":50}},"type":"binary-expr","locations":[{"start":{"line":14,"column":29},"end":{"line":14,"column":32}},{"start":{"line":14,"column":36},"end":{"line":14,"column":50}}],"line":14},"6":{"loc":{"start":{"line":16,"column":31},"end":{"line":16,"column":52}},"type":"binary-expr","locations":[{"start":{"line":16,"column":31},"end":{"line":16,"column":34}},{"start":{"line":16,"column":38},"end":{"line":16,"column":52}}],"line":16},"7":{"loc":{"start":{"line":18,"column":35},"end":{"line":18,"column":56}},"type":"binary-expr","locations":[{"start":{"line":18,"column":35},"end":{"line":18,"column":38}},{"start":{"line":18,"column":42},"end":{"line":18,"column":56}}],"line":18},"8":{"loc":{"start":{"line":20,"column":30},"end":{"line":20,"column":52}},"type":"binary-expr","locations":[{"start":{"line":20,"column":30},"end":{"line":20,"column":35}},{"start":{"line":20,"column":39},"end":{"line":20,"column":52}}],"line":20},"9":{"loc":{"start":{"line":22,"column":30},"end":{"line":22,"column":52}},"type":"binary-expr","locations":[{"start":{"line":22,"column":30},"end":{"line":22,"column":35}},{"start":{"line":22,"column":39},"end":{"line":22,"column":52}}],"line":22},"10":{"loc":{"start":{"line":24,"column":31},"end":{"line":24,"column":52}},"type":"binary-expr","locations":[{"start":{"line":24,"column":31},"end":{"line":24,"column":34}},{"start":{"line":24,"column":38},"end":{"line":24,"column":52}}],"line":24},"11":{"loc":{"start":{"line":26,"column":38},"end":{"line":26,"column":71}},"type":"binary-expr","locations":[{"start":{"line":26,"column":38},"end":{"line":26,"column":47}},{"start":{"line":26,"column":51},"end":{"line":26,"column":71}}],"line":26},"12":{"loc":{"start":{"line":28,"column":31},"end":{"line":28,"column":52}},"type":"binary-expr","locations":[{"start":{"line":28,"column":31},"end":{"line":28,"column":34}},{"start":{"line":28,"column":38},"end":{"line":28,"column":52}}],"line":28},"13":{"loc":{"start":{"line":30,"column":31},"end":{"line":30,"column":50}},"type":"binary-expr","locations":[{"start":{"line":30,"column":31},"end":{"line":30,"column":33}},{"start":{"line":30,"column":37},"end":{"line":30,"column":50}}],"line":30},"14":{"loc":{"start":{"line":32,"column":28},"end":{"line":32,"column":49}},"type":"binary-expr","locations":[{"start":{"line":32,"column":28},"end":{"line":32,"column":31}},{"start":{"line":32,"column":35},"end":{"line":32,"column":49}}],"line":32},"15":{"loc":{"start":{"line":34,"column":33},"end":{"line":34,"column":54}},"type":"binary-expr","locations":[{"start":{"line":34,"column":33},"end":{"line":34,"column":36}},{"start":{"line":34,"column":40},"end":{"line":34,"column":54}}],"line":34},"16":{"loc":{"start":{"line":36,"column":36},"end":{"line":36,"column":76}},"type":"binary-expr","locations":[{"start":{"line":36,"column":36},"end":{"line":36,"column":53}},{"start":{"line":36,"column":57},"end":{"line":36,"column":76}}],"line":36},"17":{"loc":{"start":{"line":38,"column":42},"end":{"line":38,"column":82}},"type":"binary-expr","locations":[{"start":{"line":38,"column":42},"end":{"line":38,"column":59}},{"start":{"line":38,"column":63},"end":{"line":38,"column":82}}],"line":38},"18":{"loc":{"start":{"line":40,"column":32},"end":{"line":40,"column":64}},"type":"binary-expr","locations":[{"start":{"line":40,"column":32},"end":{"line":40,"column":45}},{"start":{"line":40,"column":49},"end":{"line":40,"column":64}}],"line":40},"19":{"loc":{"start":{"line":42,"column":34},"end":{"line":42,"column":64}},"type":"binary-expr","locations":[{"start":{"line":42,"column":34},"end":{"line":42,"column":46}},{"start":{"line":42,"column":50},"end":{"line":42,"column":64}}],"line":42},"20":{"loc":{"start":{"line":44,"column":30},"end":{"line":44,"column":58}},"type":"binary-expr","locations":[{"start":{"line":44,"column":30},"end":{"line":44,"column":41}},{"start":{"line":44,"column":45},"end":{"line":44,"column":58}}],"line":44},"21":{"loc":{"start":{"line":46,"column":31},"end":{"line":46,"column":81}},"type":"binary-expr","locations":[{"start":{"line":46,"column":31},"end":{"line":46,"column":43}},{"start":{"line":46,"column":47},"end":{"line":46,"column":70}},{"start":{"line":46,"column":74},"end":{"line":46,"column":81}}],"line":46},"22":{"loc":{"start":{"line":48,"column":33},"end":{"line":48,"column":86}},"type":"binary-expr","locations":[{"start":{"line":48,"column":33},"end":{"line":48,"column":46}},{"start":{"line":48,"column":50},"end":{"line":48,"column":74}},{"start":{"line":48,"column":78},"end":{"line":48,"column":86}}],"line":48},"23":{"loc":{"start":{"line":50,"column":32},"end":{"line":50,"column":64}},"type":"binary-expr","locations":[{"start":{"line":50,"column":32},"end":{"line":50,"column":45}},{"start":{"line":50,"column":49},"end":{"line":50,"column":64}}],"line":50},"24":{"loc":{"start":{"line":52,"column":31},"end":{"line":52,"column":61}},"type":"binary-expr","locations":[{"start":{"line":52,"column":31},"end":{"line":52,"column":43}},{"start":{"line":52,"column":47},"end":{"line":52,"column":61}}],"line":52},"25":{"loc":{"start":{"line":54,"column":29},"end":{"line":54,"column":68}},"type":"binary-expr","locations":[{"start":{"line":54,"column":29},"end":{"line":54,"column":41}},{"start":{"line":54,"column":45},"end":{"line":54,"column":68}}],"line":54},"26":{"loc":{"start":{"line":56,"column":32},"end":{"line":56,"column":77}},"type":"binary-expr","locations":[{"start":{"line":56,"column":32},"end":{"line":56,"column":47}},{"start":{"line":56,"column":51},"end":{"line":56,"column":77}}],"line":56},"27":{"loc":{"start":{"line":58,"column":28},"end":{"line":58,"column":69}},"type":"binary-expr","locations":[{"start":{"line":58,"column":28},"end":{"line":58,"column":41}},{"start":{"line":58,"column":45},"end":{"line":58,"column":69}}],"line":58},"28":{"loc":{"start":{"line":61,"column":11},"end":{"line":61,"column":34}},"type":"binary-expr","locations":[{"start":{"line":61,"column":11},"end":{"line":61,"column":14}},{"start":{"line":61,"column":18},"end":{"line":61,"column":34}}],"line":61},"29":{"loc":{"start":{"line":65,"column":11},"end":{"line":65,"column":34}},"type":"binary-expr","locations":[{"start":{"line":65,"column":11},"end":{"line":65,"column":14}},{"start":{"line":65,"column":18},"end":{"line":65,"column":34}}],"line":65},"30":{"loc":{"start":{"line":68,"column":30},"end":{"line":68,"column":66}},"type":"binary-expr","locations":[{"start":{"line":68,"column":30},"end":{"line":68,"column":44}},{"start":{"line":68,"column":48},"end":{"line":68,"column":66}}],"line":68},"31":{"loc":{"start":{"line":71,"column":4},"end":{"line":72,"column":18}},"type":"if","locations":[{"start":{"line":71,"column":4},"end":{"line":72,"column":18}},{"start":{"line":71,"column":4},"end":{"line":72,"column":18}}],"line":71},"32":{"loc":{"start":{"line":78,"column":4},"end":{"line":79,"column":18}},"type":"if","locations":[{"start":{"line":78,"column":4},"end":{"line":79,"column":18}},{"start":{"line":78,"column":4},"end":{"line":79,"column":18}}],"line":78},"33":{"loc":{"start":{"line":85,"column":11},"end":{"line":85,"column":38}},"type":"binary-expr","locations":[{"start":{"line":85,"column":11},"end":{"line":85,"column":16}},{"start":{"line":85,"column":20},"end":{"line":85,"column":38}}],"line":85}},"s":{"0":1,"1":1,"2":8,"3":1,"4":3,"5":1,"6":0,"7":1,"8":0,"9":1,"10":110,"11":1,"12":50,"13":1,"14":20,"15":1,"16":71,"17":1,"18":47,"19":1,"20":15,"21":1,"22":59,"23":1,"24":45,"25":1,"26":56,"27":1,"28":44,"29":1,"30":0,"31":1,"32":18,"33":1,"34":39,"35":1,"36":7,"37":1,"38":19,"39":1,"40":10,"41":1,"42":13,"43":1,"44":44,"45":1,"46":40,"47":1,"48":35,"49":1,"50":9,"51":1,"52":20,"53":1,"54":8,"55":1,"56":11,"57":1,"58":20,"59":1,"60":23,"61":1,"62":42,"63":1,"64":24,"65":4,"66":20,"67":40,"68":20,"69":1,"70":10,"71":0,"72":10,"73":20,"74":10,"75":1,"76":29,"77":1},"f":{"0":8,"1":3,"2":0,"3":0,"4":110,"5":50,"6":20,"7":71,"8":47,"9":15,"10":59,"11":45,"12":56,"13":44,"14":0,"15":18,"16":39,"17":7,"18":19,"19":10,"20":13,"21":44,"22":40,"23":35,"24":9,"25":20,"26":8,"27":11,"28":20,"29":23,"30":42,"31":24,"32":40,"33":10,"34":20,"35":29},"b":{"0":[8,6],"1":[3,2],"2":[0,0],"3":[0,0],"4":[110,102],"5":[50,42],"6":[20,16],"7":[71,62],"8":[47,41],"9":[15,13],"10":[59,54],"11":[45,40],"12":[56,49],"13":[44,36],"14":[0,0],"15":[18,15],"16":[39,38],"17":[7,6],"18":[19,17],"19":[10,8],"20":[13,10],"21":[44,41,41],"22":[40,38,38],"23":[35,34],"24":[9,8],"25":[20,18],"26":[8,6],"27":[11,9],"28":[20,18],"29":[23,19],"30":[42,38],"31":[4,20],"32":[0,10],"33":[29,22]},"_coverageSchema":"1a1c01bbd47fc00a2c39e90264f33305004495a9","hash":"006d81677184638df68b4b52fab020ae2a3575b3","contentHash":"4919010cb66a451e1bbe9fceb99bc6dd1b7637ccd0550dca9fb11e8c5ac76b18"},"/Volumes/development/aws_serverless/src/opt/nodejs/utils/errors/general.js":{"path":"/Volumes/development/aws_serverless/src/opt/nodejs/utils/errors/general.js","statementMap":{"0":{"start":{"line":2,"column":26},"end":{"line":2,"column":67}},"1":{"start":{"line":2,"column":32},"end":{"line":2,"column":67}},"2":{"start":{"line":3,"column":32},"end":{"line":3,"column":72}},"3":{"start":{"line":3,"column":38},"end":{"line":3,"column":72}},"4":{"start":{"line":4,"column":42},"end":{"line":4,"column":93}},"5":{"start":{"line":4,"column":48},"end":{"line":4,"column":93}},"6":{"start":{"line":5,"column":42},"end":{"line":5,"column":93}},"7":{"start":{"line":5,"column":48},"end":{"line":5,"column":93}},"8":{"start":{"line":6,"column":24},"end":{"line":6,"column":63}},"9":{"start":{"line":6,"column":30},"end":{"line":6,"column":63}},"10":{"start":{"line":7,"column":29},"end":{"line":7,"column":74}},"11":{"start":{"line":7,"column":35},"end":{"line":7,"column":74}},"12":{"start":{"line":8,"column":24},"end":{"line":8,"column":63}},"13":{"start":{"line":8,"column":30},"end":{"line":8,"column":63}},"14":{"start":{"line":9,"column":24},"end":{"line":9,"column":63}},"15":{"start":{"line":9,"column":30},"end":{"line":9,"column":63}},"16":{"start":{"line":10,"column":30},"end":{"line":10,"column":76}},"17":{"start":{"line":10,"column":36},"end":{"line":10,"column":76}},"18":{"start":{"line":11,"column":30},"end":{"line":11,"column":76}},"19":{"start":{"line":11,"column":36},"end":{"line":11,"column":76}},"20":{"start":{"line":12,"column":26},"end":{"line":12,"column":68}},"21":{"start":{"line":12,"column":32},"end":{"line":12,"column":68}},"22":{"start":{"line":13,"column":27},"end":{"line":13,"column":70}},"23":{"start":{"line":13,"column":33},"end":{"line":13,"column":70}},"24":{"start":{"line":14,"column":31},"end":{"line":14,"column":78}},"25":{"start":{"line":14,"column":37},"end":{"line":14,"column":78}},"26":{"start":{"line":15,"column":29},"end":{"line":15,"column":73}},"27":{"start":{"line":15,"column":35},"end":{"line":15,"column":73}},"28":{"start":{"line":16,"column":29},"end":{"line":16,"column":73}},"29":{"start":{"line":16,"column":35},"end":{"line":16,"column":73}},"30":{"start":{"line":17,"column":29},"end":{"line":17,"column":74}},"31":{"start":{"line":17,"column":35},"end":{"line":17,"column":74}},"32":{"start":{"line":18,"column":33},"end":{"line":18,"column":82}},"33":{"start":{"line":18,"column":39},"end":{"line":18,"column":82}},"34":{"start":{"line":19,"column":30},"end":{"line":19,"column":85}},"35":{"start":{"line":19,"column":36},"end":{"line":19,"column":85}},"36":{"start":{"line":20,"column":21},"end":{"line":20,"column":62}},"37":{"start":{"line":20,"column":27},"end":{"line":20,"column":62}},"38":{"start":{"line":21,"column":29},"end":{"line":21,"column":73}},"39":{"start":{"line":21,"column":35},"end":{"line":21,"column":73}},"40":{"start":{"line":22,"column":30},"end":{"line":22,"column":75}},"41":{"start":{"line":22,"column":36},"end":{"line":22,"column":75}},"42":{"start":{"line":23,"column":29},"end":{"line":23,"column":73}},"43":{"start":{"line":23,"column":35},"end":{"line":23,"column":73}},"44":{"start":{"line":24,"column":29},"end":{"line":24,"column":73}},"45":{"start":{"line":24,"column":35},"end":{"line":24,"column":73}},"46":{"start":{"line":25,"column":26},"end":{"line":25,"column":67}},"47":{"start":{"line":25,"column":32},"end":{"line":25,"column":67}},"48":{"start":{"line":26,"column":27},"end":{"line":26,"column":69}},"49":{"start":{"line":26,"column":33},"end":{"line":26,"column":69}},"50":{"start":{"line":27,"column":32},"end":{"line":27,"column":80}},"51":{"start":{"line":27,"column":38},"end":{"line":27,"column":80}},"52":{"start":{"line":28,"column":29},"end":{"line":28,"column":73}},"53":{"start":{"line":28,"column":35},"end":{"line":28,"column":73}},"54":{"start":{"line":29,"column":30},"end":{"line":29,"column":85}},"55":{"start":{"line":29,"column":36},"end":{"line":29,"column":85}},"56":{"start":{"line":30,"column":29},"end":{"line":30,"column":75}},"57":{"start":{"line":30,"column":35},"end":{"line":30,"column":75}},"58":{"start":{"line":31,"column":25},"end":{"line":31,"column":65}},"59":{"start":{"line":31,"column":31},"end":{"line":31,"column":65}},"60":{"start":{"line":32,"column":27},"end":{"line":32,"column":69}},"61":{"start":{"line":32,"column":33},"end":{"line":32,"column":69}},"62":{"start":{"line":33,"column":35},"end":{"line":33,"column":79}},"63":{"start":{"line":33,"column":41},"end":{"line":33,"column":79}},"64":{"start":{"line":34,"column":29},"end":{"line":34,"column":74}},"65":{"start":{"line":34,"column":35},"end":{"line":34,"column":74}},"66":{"start":{"line":36,"column":0},"end":{"line":70,"column":1}}},"fnMap":{"0":{"name":"(anonymous_0)","decl":{"start":{"line":2,"column":26},"end":{"line":2,"column":27}},"loc":{"start":{"line":2,"column":32},"end":{"line":2,"column":67}},"line":2},"1":{"name":"(anonymous_1)","decl":{"start":{"line":3,"column":32},"end":{"line":3,"column":33}},"loc":{"start":{"line":3,"column":38},"end":{"line":3,"column":72}},"line":3},"2":{"name":"(anonymous_2)","decl":{"start":{"line":4,"column":42},"end":{"line":4,"column":43}},"loc":{"start":{"line":4,"column":48},"end":{"line":4,"column":93}},"line":4},"3":{"name":"(anonymous_3)","decl":{"start":{"line":5,"column":42},"end":{"line":5,"column":43}},"loc":{"start":{"line":5,"column":48},"end":{"line":5,"column":93}},"line":5},"4":{"name":"(anonymous_4)","decl":{"start":{"line":6,"column":24},"end":{"line":6,"column":25}},"loc":{"start":{"line":6,"column":30},"end":{"line":6,"column":63}},"line":6},"5":{"name":"(anonymous_5)","decl":{"start":{"line":7,"column":29},"end":{"line":7,"column":30}},"loc":{"start":{"line":7,"column":35},"end":{"line":7,"column":74}},"line":7},"6":{"name":"(anonymous_6)","decl":{"start":{"line":8,"column":24},"end":{"line":8,"column":25}},"loc":{"start":{"line":8,"column":30},"end":{"line":8,"column":63}},"line":8},"7":{"name":"(anonymous_7)","decl":{"start":{"line":9,"column":24},"end":{"line":9,"column":25}},"loc":{"start":{"line":9,"column":30},"end":{"line":9,"column":63}},"line":9},"8":{"name":"(anonymous_8)","decl":{"start":{"line":10,"column":30},"end":{"line":10,"column":31}},"loc":{"start":{"line":10,"column":36},"end":{"line":10,"column":76}},"line":10},"9":{"name":"(anonymous_9)","decl":{"start":{"line":11,"column":30},"end":{"line":11,"column":31}},"loc":{"start":{"line":11,"column":36},"end":{"line":11,"column":76}},"line":11},"10":{"name":"(anonymous_10)","decl":{"start":{"line":12,"column":26},"end":{"line":12,"column":27}},"loc":{"start":{"line":12,"column":32},"end":{"line":12,"column":68}},"line":12},"11":{"name":"(anonymous_11)","decl":{"start":{"line":13,"column":27},"end":{"line":13,"column":28}},"loc":{"start":{"line":13,"column":33},"end":{"line":13,"column":70}},"line":13},"12":{"name":"(anonymous_12)","decl":{"start":{"line":14,"column":31},"end":{"line":14,"column":32}},"loc":{"start":{"line":14,"column":37},"end":{"line":14,"column":78}},"line":14},"13":{"name":"(anonymous_13)","decl":{"start":{"line":15,"column":29},"end":{"line":15,"column":30}},"loc":{"start":{"line":15,"column":35},"end":{"line":15,"column":73}},"line":15},"14":{"name":"(anonymous_14)","decl":{"start":{"line":16,"column":29},"end":{"line":16,"column":30}},"loc":{"start":{"line":16,"column":35},"end":{"line":16,"column":73}},"line":16},"15":{"name":"(anonymous_15)","decl":{"start":{"line":17,"column":29},"end":{"line":17,"column":30}},"loc":{"start":{"line":17,"column":35},"end":{"line":17,"column":74}},"line":17},"16":{"name":"(anonymous_16)","decl":{"start":{"line":18,"column":33},"end":{"line":18,"column":34}},"loc":{"start":{"line":18,"column":39},"end":{"line":18,"column":82}},"line":18},"17":{"name":"(anonymous_17)","decl":{"start":{"line":19,"column":30},"end":{"line":19,"column":31}},"loc":{"start":{"line":19,"column":36},"end":{"line":19,"column":85}},"line":19},"18":{"name":"(anonymous_18)","decl":{"start":{"line":20,"column":21},"end":{"line":20,"column":22}},"loc":{"start":{"line":20,"column":27},"end":{"line":20,"column":62}},"line":20},"19":{"name":"(anonymous_19)","decl":{"start":{"line":21,"column":29},"end":{"line":21,"column":30}},"loc":{"start":{"line":21,"column":35},"end":{"line":21,"column":73}},"line":21},"20":{"name":"(anonymous_20)","decl":{"start":{"line":22,"column":30},"end":{"line":22,"column":31}},"loc":{"start":{"line":22,"column":36},"end":{"line":22,"column":75}},"line":22},"21":{"name":"(anonymous_21)","decl":{"start":{"line":23,"column":29},"end":{"line":23,"column":30}},"loc":{"start":{"line":23,"column":35},"end":{"line":23,"column":73}},"line":23},"22":{"name":"(anonymous_22)","decl":{"start":{"line":24,"column":29},"end":{"line":24,"column":30}},"loc":{"start":{"line":24,"column":35},"end":{"line":24,"column":73}},"line":24},"23":{"name":"(anonymous_23)","decl":{"start":{"line":25,"column":26},"end":{"line":25,"column":27}},"loc":{"start":{"line":25,"column":32},"end":{"line":25,"column":67}},"line":25},"24":{"name":"(anonymous_24)","decl":{"start":{"line":26,"column":27},"end":{"line":26,"column":28}},"loc":{"start":{"line":26,"column":33},"end":{"line":26,"column":69}},"line":26},"25":{"name":"(anonymous_25)","decl":{"start":{"line":27,"column":32},"end":{"line":27,"column":33}},"loc":{"start":{"line":27,"column":38},"end":{"line":27,"column":80}},"line":27},"26":{"name":"(anonymous_26)","decl":{"start":{"line":28,"column":29},"end":{"line":28,"column":30}},"loc":{"start":{"line":28,"column":35},"end":{"line":28,"column":73}},"line":28},"27":{"name":"(anonymous_27)","decl":{"start":{"line":29,"column":30},"end":{"line":29,"column":31}},"loc":{"start":{"line":29,"column":36},"end":{"line":29,"column":85}},"line":29},"28":{"name":"(anonymous_28)","decl":{"start":{"line":30,"column":29},"end":{"line":30,"column":30}},"loc":{"start":{"line":30,"column":35},"end":{"line":30,"column":75}},"line":30},"29":{"name":"(anonymous_29)","decl":{"start":{"line":31,"column":25},"end":{"line":31,"column":26}},"loc":{"start":{"line":31,"column":31},"end":{"line":31,"column":65}},"line":31},"30":{"name":"(anonymous_30)","decl":{"start":{"line":32,"column":27},"end":{"line":32,"column":28}},"loc":{"start":{"line":32,"column":33},"end":{"line":32,"column":69}},"line":32},"31":{"name":"(anonymous_31)","decl":{"start":{"line":33,"column":35},"end":{"line":33,"column":36}},"loc":{"start":{"line":33,"column":41},"end":{"line":33,"column":79}},"line":33},"32":{"name":"(anonymous_32)","decl":{"start":{"line":34,"column":29},"end":{"line":34,"column":30}},"loc":{"start":{"line":34,"column":35},"end":{"line":34,"column":74}},"line":34}},"branchMap":{},"s":{"0":1,"1":9,"2":1,"3":4,"4":1,"5":7,"6":1,"7":7,"8":1,"9":3,"10":1,"11":5,"12":1,"13":10,"14":1,"15":4,"16":1,"17":6,"18":1,"19":9,"20":1,"21":0,"22":1,"23":9,"24":1,"25":4,"26":1,"27":6,"28":1,"29":5,"30":1,"31":4,"32":1,"33":14,"34":1,"35":8,"36":1,"37":13,"38":1,"39":7,"40":1,"41":7,"42":1,"43":4,"44":1,"45":4,"46":1,"47":4,"48":1,"49":3,"50":1,"51":4,"52":1,"53":4,"54":1,"55":2,"56":1,"57":2,"58":1,"59":2,"60":1,"61":2,"62":1,"63":1,"64":1,"65":1,"66":1},"f":{"0":9,"1":4,"2":7,"3":7,"4":3,"5":5,"6":10,"7":4,"8":6,"9":9,"10":0,"11":9,"12":4,"13":6,"14":5,"15":4,"16":14,"17":8,"18":13,"19":7,"20":7,"21":4,"22":4,"23":4,"24":3,"25":4,"26":4,"27":2,"28":2,"29":2,"30":2,"31":1,"32":1},"b":{},"_coverageSchema":"1a1c01bbd47fc00a2c39e90264f33305004495a9","hash":"5d19fc465f64ab7feeb8def8d75801d1f17c7111","contentHash":"6593dbb07fdf03aa8098a8101d4808417542abde8d11d40a08b60696e12c4750"},"/Volumes/development/aws_serverless/src/opt/nodejs/connectors/cognito.connector.js":{"path":"/Volumes/development/aws_serverless/src/opt/nodejs/connectors/cognito.connector.js","statementMap":{"0":{"start":{"line":3,"column":23},"end":{"line":3,"column":43}},"1":{"start":{"line":9,"column":4},"end":{"line":9,"column":40}},"2":{"start":{"line":14,"column":29},"end":{"line":14,"column":63}},"3":{"start":{"line":17,"column":38},"end":{"line":17,"column":84}},"4":{"start":{"line":17,"column":44},"end":{"line":17,"column":84}},"5":{"start":{"line":18,"column":36},"end":{"line":18,"column":81}},"6":{"start":{"line":18,"column":42},"end":{"line":18,"column":81}},"7":{"start":{"line":19,"column":37},"end":{"line":19,"column":89}},"8":{"start":{"line":19,"column":43},"end":{"line":19,"column":89}},"9":{"start":{"line":20,"column":32},"end":{"line":20,"column":73}},"10":{"start":{"line":20,"column":38},"end":{"line":20,"column":73}},"11":{"start":{"line":21,"column":41},"end":{"line":21,"column":93}},"12":{"start":{"line":21,"column":47},"end":{"line":21,"column":93}},"13":{"start":{"line":22,"column":43},"end":{"line":22,"column":96}},"14":{"start":{"line":22,"column":49},"end":{"line":22,"column":96}},"15":{"start":{"line":23,"column":39},"end":{"line":23,"column":88}},"16":{"start":{"line":23,"column":45},"end":{"line":23,"column":88}},"17":{"start":{"line":24,"column":38},"end":{"line":24,"column":86}},"18":{"start":{"line":24,"column":44},"end":{"line":24,"column":86}},"19":{"start":{"line":25,"column":46},"end":{"line":25,"column":101}},"20":{"start":{"line":25,"column":52},"end":{"line":25,"column":101}},"21":{"start":{"line":26,"column":36},"end":{"line":26,"column":81}},"22":{"start":{"line":26,"column":42},"end":{"line":26,"column":81}},"23":{"start":{"line":27,"column":45},"end":{"line":27,"column":100}},"24":{"start":{"line":27,"column":51},"end":{"line":27,"column":100}},"25":{"start":{"line":28,"column":47},"end":{"line":29,"column":55}},"26":{"start":{"line":29,"column":4},"end":{"line":29,"column":55}},"27":{"start":{"line":30,"column":59},"end":{"line":31,"column":69}},"28":{"start":{"line":31,"column":4},"end":{"line":31,"column":69}},"29":{"start":{"line":32,"column":41},"end":{"line":32,"column":99}},"30":{"start":{"line":32,"column":47},"end":{"line":32,"column":99}},"31":{"start":{"line":33,"column":34},"end":{"line":33,"column":76}},"32":{"start":{"line":33,"column":40},"end":{"line":33,"column":76}},"33":{"start":{"line":39,"column":16},"end":{"line":59,"column":2}},"34":{"start":{"line":40,"column":4},"end":{"line":41,"column":65}},"35":{"start":{"line":41,"column":8},"end":{"line":41,"column":65}},"36":{"start":{"line":43,"column":4},"end":{"line":44,"column":50}},"37":{"start":{"line":44,"column":8},"end":{"line":44,"column":50}},"38":{"start":{"line":46,"column":4},"end":{"line":58,"column":6}},"39":{"start":{"line":47,"column":8},"end":{"line":57,"column":10}},"40":{"start":{"line":48,"column":12},"end":{"line":56,"column":13}},"41":{"start":{"line":49,"column":16},"end":{"line":49,"column":27}},"42":{"start":{"line":51,"column":34},"end":{"line":51,"column":68}},"43":{"start":{"line":52,"column":39},"end":{"line":52,"column":72}},"44":{"start":{"line":53,"column":40},"end":{"line":53,"column":71}},"45":{"start":{"line":54,"column":35},"end":{"line":54,"column":64}},"46":{"start":{"line":55,"column":16},"end":{"line":55,"column":79}},"47":{"start":{"line":62,"column":25},"end":{"line":105,"column":2}},"48":{"start":{"line":63,"column":4},"end":{"line":103,"column":5}},"49":{"start":{"line":64,"column":8},"end":{"line":65,"column":53}},"50":{"start":{"line":65,"column":8},"end":{"line":65,"column":53}},"51":{"start":{"line":67,"column":8},"end":{"line":68,"column":54}},"52":{"start":{"line":68,"column":12},"end":{"line":68,"column":54}},"53":{"start":{"line":70,"column":8},"end":{"line":71,"column":57}},"54":{"start":{"line":71,"column":12},"end":{"line":71,"column":57}},"55":{"start":{"line":73,"column":29},"end":{"line":73,"column":74}},"56":{"start":{"line":75,"column":8},"end":{"line":76,"column":65}},"57":{"start":{"line":76,"column":12},"end":{"line":76,"column":65}},"58":{"start":{"line":78,"column":35},"end":{"line":78,"column":87}},"59":{"start":{"line":79,"column":31},"end":{"line":79,"column":65}},"60":{"start":{"line":81,"column":8},"end":{"line":82,"column":64}},"61":{"start":{"line":82,"column":12},"end":{"line":82,"column":64}},"62":{"start":{"line":84,"column":30},"end":{"line":84,"column":65}},"63":{"start":{"line":85,"column":26},"end":{"line":85,"column":55}},"64":{"start":{"line":86,"column":32},"end":{"line":86,"column":69}},"65":{"start":{"line":88,"column":8},"end":{"line":89,"column":75}},"66":{"start":{"line":89,"column":16},"end":{"line":89,"column":75}},"67":{"start":{"line":91,"column":8},"end":{"line":92,"column":73}},"68":{"start":{"line":92,"column":12},"end":{"line":92,"column":73}},"69":{"start":{"line":94,"column":8},"end":{"line":95,"column":67}},"70":{"start":{"line":95,"column":12},"end":{"line":95,"column":67}},"71":{"start":{"line":96,"column":8},"end":{"line":96,"column":19}},"72":{"start":{"line":98,"column":8},"end":{"line":98,"column":54}},"73":{"start":{"line":101,"column":8},"end":{"line":101,"column":24}},"74":{"start":{"line":102,"column":8},"end":{"line":102,"column":58}},"75":{"start":{"line":110,"column":36},"end":{"line":121,"column":2}},"76":{"start":{"line":111,"column":4},"end":{"line":113,"column":5}},"77":{"start":{"line":112,"column":8},"end":{"line":112,"column":53}},"78":{"start":{"line":114,"column":4},"end":{"line":116,"column":5}},"79":{"start":{"line":115,"column":8},"end":{"line":115,"column":53}},"80":{"start":{"line":117,"column":4},"end":{"line":120,"column":6}},"81":{"start":{"line":124,"column":35},"end":{"line":135,"column":2}},"82":{"start":{"line":125,"column":4},"end":{"line":127,"column":5}},"83":{"start":{"line":126,"column":8},"end":{"line":126,"column":53}},"84":{"start":{"line":128,"column":4},"end":{"line":130,"column":5}},"85":{"start":{"line":129,"column":8},"end":{"line":129,"column":53}},"86":{"start":{"line":131,"column":4},"end":{"line":134,"column":6}},"87":{"start":{"line":138,"column":28},"end":{"line":156,"column":2}},"88":{"start":{"line":139,"column":27},"end":{"line":139,"column":56}},"89":{"start":{"line":140,"column":28},"end":{"line":140,"column":58}},"90":{"start":{"line":141,"column":23},"end":{"line":141,"column":48}},"91":{"start":{"line":142,"column":4},"end":{"line":144,"column":5}},"92":{"start":{"line":143,"column":8},"end":{"line":143,"column":65}},"93":{"start":{"line":145,"column":4},"end":{"line":147,"column":5}},"94":{"start":{"line":146,"column":8},"end":{"line":146,"column":67}},"95":{"start":{"line":148,"column":4},"end":{"line":150,"column":5}},"96":{"start":{"line":149,"column":8},"end":{"line":149,"column":62}},"97":{"start":{"line":151,"column":4},"end":{"line":155,"column":6}},"98":{"start":{"line":158,"column":27},"end":{"line":162,"column":3}},"99":{"start":{"line":158,"column":74},"end":{"line":162,"column":1}},"100":{"start":{"line":165,"column":18},"end":{"line":181,"column":2}},"101":{"start":{"line":166,"column":24},"end":{"line":166,"column":40}},"102":{"start":{"line":167,"column":25},"end":{"line":167,"column":42}},"103":{"start":{"line":168,"column":20},"end":{"line":168,"column":32}},"104":{"start":{"line":170,"column":4},"end":{"line":172,"column":5}},"105":{"start":{"line":171,"column":8},"end":{"line":171,"column":60}},"106":{"start":{"line":173,"column":4},"end":{"line":175,"column":5}},"107":{"start":{"line":174,"column":8},"end":{"line":174,"column":61}},"108":{"start":{"line":176,"column":4},"end":{"line":178,"column":5}},"109":{"start":{"line":177,"column":8},"end":{"line":177,"column":56}},"110":{"start":{"line":180,"column":4},"end":{"line":180,"column":82}},"111":{"start":{"line":184,"column":21},"end":{"line":223,"column":2}},"112":{"start":{"line":189,"column":4},"end":{"line":221,"column":6}},"113":{"start":{"line":190,"column":8},"end":{"line":220,"column":10}},"114":{"start":{"line":193,"column":16},"end":{"line":201,"column":17}},"115":{"start":{"line":194,"column":38},"end":{"line":194,"column":71}},"116":{"start":{"line":195,"column":43},"end":{"line":195,"column":76}},"117":{"start":{"line":196,"column":44},"end":{"line":196,"column":75}},"118":{"start":{"line":197,"column":39},"end":{"line":197,"column":68}},"119":{"start":{"line":198,"column":20},"end":{"line":198,"column":83}},"120":{"start":{"line":200,"column":20},"end":{"line":200,"column":31}},"121":{"start":{"line":206,"column":16},"end":{"line":206,"column":52}},"122":{"start":{"line":207,"column":16},"end":{"line":207,"column":59}},"123":{"start":{"line":209,"column":16},"end":{"line":213,"column":18}},"124":{"start":{"line":214,"column":16},"end":{"line":214,"column":25}},"125":{"start":{"line":218,"column":16},"end":{"line":218,"column":29}},"126":{"start":{"line":226,"column":29},"end":{"line":255,"column":2}},"127":{"start":{"line":227,"column":4},"end":{"line":254,"column":5}},"128":{"start":{"line":228,"column":25},"end":{"line":228,"column":78}},"129":{"start":{"line":229,"column":28},"end":{"line":229,"column":62}},"130":{"start":{"line":231,"column":8},"end":{"line":232,"column":74}},"131":{"start":{"line":232,"column":12},"end":{"line":232,"column":74}},"132":{"start":{"line":234,"column":35},"end":{"line":234,"column":87}},"133":{"start":{"line":235,"column":31},"end":{"line":235,"column":65}},"134":{"start":{"line":237,"column":8},"end":{"line":238,"column":64}},"135":{"start":{"line":238,"column":12},"end":{"line":238,"column":64}},"136":{"start":{"line":240,"column":34},"end":{"line":240,"column":73}},"137":{"start":{"line":241,"column":46},"end":{"line":241,"column":97}},"138":{"start":{"line":243,"column":8},"end":{"line":244,"column":75}},"139":{"start":{"line":244,"column":12},"end":{"line":244,"column":75}},"140":{"start":{"line":246,"column":8},"end":{"line":247,"column":87}},"141":{"start":{"line":247,"column":12},"end":{"line":247,"column":87}},"142":{"start":{"line":249,"column":8},"end":{"line":249,"column":90}},"143":{"start":{"line":252,"column":8},"end":{"line":252,"column":24}},"144":{"start":{"line":253,"column":8},"end":{"line":253,"column":62}},"145":{"start":{"line":258,"column":0},"end":{"line":291,"column":1}},"146":{"start":{"line":284,"column":20},"end":{"line":284,"column":66}},"147":{"start":{"line":285,"column":27},"end":{"line":285,"column":70}},"148":{"start":{"line":288,"column":16},"end":{"line":288,"column":61}},"149":{"start":{"line":289,"column":27},"end":{"line":289,"column":70}}},"fnMap":{"0":{"name":"(anonymous_0)","decl":{"start":{"line":17,"column":38},"end":{"line":17,"column":39}},"loc":{"start":{"line":17,"column":44},"end":{"line":17,"column":84}},"line":17},"1":{"name":"(anonymous_1)","decl":{"start":{"line":18,"column":36},"end":{"line":18,"column":37}},"loc":{"start":{"line":18,"column":42},"end":{"line":18,"column":81}},"line":18},"2":{"name":"(anonymous_2)","decl":{"start":{"line":19,"column":37},"end":{"line":19,"column":38}},"loc":{"start":{"line":19,"column":43},"end":{"line":19,"column":89}},"line":19},"3":{"name":"(anonymous_3)","decl":{"start":{"line":20,"column":32},"end":{"line":20,"column":33}},"loc":{"start":{"line":20,"column":38},"end":{"line":20,"column":73}},"line":20},"4":{"name":"(anonymous_4)","decl":{"start":{"line":21,"column":41},"end":{"line":21,"column":42}},"loc":{"start":{"line":21,"column":47},"end":{"line":21,"column":93}},"line":21},"5":{"name":"(anonymous_5)","decl":{"start":{"line":22,"column":43},"end":{"line":22,"column":44}},"loc":{"start":{"line":22,"column":49},"end":{"line":22,"column":96}},"line":22},"6":{"name":"(anonymous_6)","decl":{"start":{"line":23,"column":39},"end":{"line":23,"column":40}},"loc":{"start":{"line":23,"column":45},"end":{"line":23,"column":88}},"line":23},"7":{"name":"(anonymous_7)","decl":{"start":{"line":24,"column":38},"end":{"line":24,"column":39}},"loc":{"start":{"line":24,"column":44},"end":{"line":24,"column":86}},"line":24},"8":{"name":"(anonymous_8)","decl":{"start":{"line":25,"column":46},"end":{"line":25,"column":47}},"loc":{"start":{"line":25,"column":52},"end":{"line":25,"column":101}},"line":25},"9":{"name":"(anonymous_9)","decl":{"start":{"line":26,"column":36},"end":{"line":26,"column":37}},"loc":{"start":{"line":26,"column":42},"end":{"line":26,"column":81}},"line":26},"10":{"name":"(anonymous_10)","decl":{"start":{"line":27,"column":45},"end":{"line":27,"column":46}},"loc":{"start":{"line":27,"column":51},"end":{"line":27,"column":100}},"line":27},"11":{"name":"(anonymous_11)","decl":{"start":{"line":28,"column":47},"end":{"line":28,"column":48}},"loc":{"start":{"line":29,"column":4},"end":{"line":29,"column":55}},"line":29},"12":{"name":"(anonymous_12)","decl":{"start":{"line":30,"column":59},"end":{"line":30,"column":60}},"loc":{"start":{"line":31,"column":4},"end":{"line":31,"column":69}},"line":31},"13":{"name":"(anonymous_13)","decl":{"start":{"line":32,"column":41},"end":{"line":32,"column":42}},"loc":{"start":{"line":32,"column":47},"end":{"line":32,"column":99}},"line":32},"14":{"name":"(anonymous_14)","decl":{"start":{"line":33,"column":34},"end":{"line":33,"column":35}},"loc":{"start":{"line":33,"column":40},"end":{"line":33,"column":76}},"line":33},"15":{"name":"(anonymous_15)","decl":{"start":{"line":39,"column":22},"end":{"line":39,"column":23}},"loc":{"start":{"line":39,"column":50},"end":{"line":59,"column":1}},"line":39},"16":{"name":"(anonymous_16)","decl":{"start":{"line":46,"column":23},"end":{"line":46,"column":24}},"loc":{"start":{"line":46,"column":44},"end":{"line":58,"column":5}},"line":46},"17":{"name":"(anonymous_17)","decl":{"start":{"line":47,"column":31},"end":{"line":47,"column":32}},"loc":{"start":{"line":47,"column":55},"end":{"line":57,"column":9}},"line":47},"18":{"name":"(anonymous_18)","decl":{"start":{"line":62,"column":31},"end":{"line":62,"column":32}},"loc":{"start":{"line":62,"column":108},"end":{"line":105,"column":1}},"line":62},"19":{"name":"(anonymous_19)","decl":{"start":{"line":110,"column":42},"end":{"line":110,"column":43}},"loc":{"start":{"line":110,"column":66},"end":{"line":121,"column":1}},"line":110},"20":{"name":"(anonymous_20)","decl":{"start":{"line":124,"column":41},"end":{"line":124,"column":42}},"loc":{"start":{"line":124,"column":61},"end":{"line":135,"column":1}},"line":124},"21":{"name":"(anonymous_21)","decl":{"start":{"line":138,"column":34},"end":{"line":138,"column":35}},"loc":{"start":{"line":138,"column":46},"end":{"line":156,"column":1}},"line":138},"22":{"name":"(anonymous_22)","decl":{"start":{"line":158,"column":33},"end":{"line":158,"column":34}},"loc":{"start":{"line":158,"column":74},"end":{"line":162,"column":1}},"line":158},"23":{"name":"(anonymous_23)","decl":{"start":{"line":165,"column":24},"end":{"line":165,"column":25}},"loc":{"start":{"line":165,"column":73},"end":{"line":181,"column":1}},"line":165},"24":{"name":"(anonymous_24)","decl":{"start":{"line":184,"column":27},"end":{"line":184,"column":28}},"loc":{"start":{"line":187,"column":20},"end":{"line":223,"column":1}},"line":187},"25":{"name":"(anonymous_25)","decl":{"start":{"line":189,"column":23},"end":{"line":189,"column":24}},"loc":{"start":{"line":189,"column":44},"end":{"line":221,"column":5}},"line":189},"26":{"name":"(anonymous_26)","decl":{"start":{"line":191,"column":23},"end":{"line":191,"column":24}},"loc":{"start":{"line":191,"column":41},"end":{"line":203,"column":13}},"line":191},"27":{"name":"(anonymous_27)","decl":{"start":{"line":204,"column":33},"end":{"line":204,"column":34}},"loc":{"start":{"line":204,"column":85},"end":{"line":216,"column":13}},"line":204},"28":{"name":"(anonymous_28)","decl":{"start":{"line":217,"column":23},"end":{"line":217,"column":24}},"loc":{"start":{"line":217,"column":34},"end":{"line":219,"column":13}},"line":217},"29":{"name":"(anonymous_29)","decl":{"start":{"line":226,"column":35},"end":{"line":226,"column":36}},"loc":{"start":{"line":226,"column":117},"end":{"line":255,"column":1}},"line":226},"30":{"name":"(anonymous_30)","decl":{"start":{"line":284,"column":8},"end":{"line":284,"column":9}},"loc":{"start":{"line":284,"column":20},"end":{"line":284,"column":66}},"line":284},"31":{"name":"(anonymous_31)","decl":{"start":{"line":285,"column":8},"end":{"line":285,"column":9}},"loc":{"start":{"line":285,"column":27},"end":{"line":285,"column":70}},"line":285},"32":{"name":"(anonymous_32)","decl":{"start":{"line":288,"column":8},"end":{"line":288,"column":9}},"loc":{"start":{"line":288,"column":16},"end":{"line":288,"column":61}},"line":288},"33":{"name":"(anonymous_33)","decl":{"start":{"line":289,"column":8},"end":{"line":289,"column":9}},"loc":{"start":{"line":289,"column":27},"end":{"line":289,"column":70}},"line":289}},"branchMap":{"0":{"loc":{"start":{"line":40,"column":4},"end":{"line":41,"column":65}},"type":"if","locations":[{"start":{"line":40,"column":4},"end":{"line":41,"column":65}},{"start":{"line":40,"column":4},"end":{"line":41,"column":65}}],"line":40},"1":{"loc":{"start":{"line":43,"column":4},"end":{"line":44,"column":50}},"type":"if","locations":[{"start":{"line":43,"column":4},"end":{"line":44,"column":50}},{"start":{"line":43,"column":4},"end":{"line":44,"column":50}}],"line":43},"2":{"loc":{"start":{"line":48,"column":12},"end":{"line":56,"column":13}},"type":"if","locations":[{"start":{"line":48,"column":12},"end":{"line":56,"column":13}},{"start":{"line":48,"column":12},"end":{"line":56,"column":13}}],"line":48},"3":{"loc":{"start":{"line":64,"column":8},"end":{"line":65,"column":53}},"type":"if","locations":[{"start":{"line":64,"column":8},"end":{"line":65,"column":53}},{"start":{"line":64,"column":8},"end":{"line":65,"column":53}}],"line":64},"4":{"loc":{"start":{"line":67,"column":8},"end":{"line":68,"column":54}},"type":"if","locations":[{"start":{"line":67,"column":8},"end":{"line":68,"column":54}},{"start":{"line":67,"column":8},"end":{"line":68,"column":54}}],"line":67},"5":{"loc":{"start":{"line":70,"column":8},"end":{"line":71,"column":57}},"type":"if","locations":[{"start":{"line":70,"column":8},"end":{"line":71,"column":57}},{"start":{"line":70,"column":8},"end":{"line":71,"column":57}}],"line":70},"6":{"loc":{"start":{"line":75,"column":8},"end":{"line":76,"column":65}},"type":"if","locations":[{"start":{"line":75,"column":8},"end":{"line":76,"column":65}},{"start":{"line":75,"column":8},"end":{"line":76,"column":65}}],"line":75},"7":{"loc":{"start":{"line":81,"column":8},"end":{"line":82,"column":64}},"type":"if","locations":[{"start":{"line":81,"column":8},"end":{"line":82,"column":64}},{"start":{"line":81,"column":8},"end":{"line":82,"column":64}}],"line":81},"8":{"loc":{"start":{"line":88,"column":8},"end":{"line":89,"column":75}},"type":"if","locations":[{"start":{"line":88,"column":8},"end":{"line":89,"column":75}},{"start":{"line":88,"column":8},"end":{"line":89,"column":75}}],"line":88},"9":{"loc":{"start":{"line":91,"column":8},"end":{"line":92,"column":73}},"type":"if","locations":[{"start":{"line":91,"column":8},"end":{"line":92,"column":73}},{"start":{"line":91,"column":8},"end":{"line":92,"column":73}}],"line":91},"10":{"loc":{"start":{"line":94,"column":8},"end":{"line":95,"column":67}},"type":"if","locations":[{"start":{"line":94,"column":8},"end":{"line":95,"column":67}},{"start":{"line":94,"column":8},"end":{"line":95,"column":67}}],"line":94},"11":{"loc":{"start":{"line":111,"column":4},"end":{"line":113,"column":5}},"type":"if","locations":[{"start":{"line":111,"column":4},"end":{"line":113,"column":5}},{"start":{"line":111,"column":4},"end":{"line":113,"column":5}}],"line":111},"12":{"loc":{"start":{"line":114,"column":4},"end":{"line":116,"column":5}},"type":"if","locations":[{"start":{"line":114,"column":4},"end":{"line":116,"column":5}},{"start":{"line":114,"column":4},"end":{"line":116,"column":5}}],"line":114},"13":{"loc":{"start":{"line":125,"column":4},"end":{"line":127,"column":5}},"type":"if","locations":[{"start":{"line":125,"column":4},"end":{"line":127,"column":5}},{"start":{"line":125,"column":4},"end":{"line":127,"column":5}}],"line":125},"14":{"loc":{"start":{"line":128,"column":4},"end":{"line":130,"column":5}},"type":"if","locations":[{"start":{"line":128,"column":4},"end":{"line":130,"column":5}},{"start":{"line":128,"column":4},"end":{"line":130,"column":5}}],"line":128},"15":{"loc":{"start":{"line":142,"column":4},"end":{"line":144,"column":5}},"type":"if","locations":[{"start":{"line":142,"column":4},"end":{"line":144,"column":5}},{"start":{"line":142,"column":4},"end":{"line":144,"column":5}}],"line":142},"16":{"loc":{"start":{"line":145,"column":4},"end":{"line":147,"column":5}},"type":"if","locations":[{"start":{"line":145,"column":4},"end":{"line":147,"column":5}},{"start":{"line":145,"column":4},"end":{"line":147,"column":5}}],"line":145},"17":{"loc":{"start":{"line":148,"column":4},"end":{"line":150,"column":5}},"type":"if","locations":[{"start":{"line":148,"column":4},"end":{"line":150,"column":5}},{"start":{"line":148,"column":4},"end":{"line":150,"column":5}}],"line":148},"18":{"loc":{"start":{"line":170,"column":4},"end":{"line":172,"column":5}},"type":"if","locations":[{"start":{"line":170,"column":4},"end":{"line":172,"column":5}},{"start":{"line":170,"column":4},"end":{"line":172,"column":5}}],"line":170},"19":{"loc":{"start":{"line":173,"column":4},"end":{"line":175,"column":5}},"type":"if","locations":[{"start":{"line":173,"column":4},"end":{"line":175,"column":5}},{"start":{"line":173,"column":4},"end":{"line":175,"column":5}}],"line":173},"20":{"loc":{"start":{"line":176,"column":4},"end":{"line":178,"column":5}},"type":"if","locations":[{"start":{"line":176,"column":4},"end":{"line":178,"column":5}},{"start":{"line":176,"column":4},"end":{"line":178,"column":5}}],"line":176},"21":{"loc":{"start":{"line":231,"column":8},"end":{"line":232,"column":74}},"type":"if","locations":[{"start":{"line":231,"column":8},"end":{"line":232,"column":74}},{"start":{"line":231,"column":8},"end":{"line":232,"column":74}}],"line":231},"22":{"loc":{"start":{"line":237,"column":8},"end":{"line":238,"column":64}},"type":"if","locations":[{"start":{"line":237,"column":8},"end":{"line":238,"column":64}},{"start":{"line":237,"column":8},"end":{"line":238,"column":64}}],"line":237},"23":{"loc":{"start":{"line":243,"column":8},"end":{"line":244,"column":75}},"type":"if","locations":[{"start":{"line":243,"column":8},"end":{"line":244,"column":75}},{"start":{"line":243,"column":8},"end":{"line":244,"column":75}}],"line":243},"24":{"loc":{"start":{"line":246,"column":8},"end":{"line":247,"column":87}},"type":"if","locations":[{"start":{"line":246,"column":8},"end":{"line":247,"column":87}},{"start":{"line":246,"column":8},"end":{"line":247,"column":87}}],"line":246}},"s":{"0":1,"1":1,"2":1,"3":1,"4":2,"5":1,"6":2,"7":1,"8":3,"9":1,"10":2,"11":1,"12":3,"13":1,"14":3,"15":1,"16":2,"17":1,"18":2,"19":1,"20":2,"21":1,"22":3,"23":1,"24":2,"25":1,"26":2,"27":1,"28":2,"29":1,"30":2,"31":1,"32":2,"33":1,"34":6,"35":1,"36":5,"37":1,"38":4,"39":4,"40":4,"41":1,"42":3,"43":3,"44":3,"45":3,"46":3,"47":1,"48":11,"49":11,"50":1,"51":10,"52":1,"53":9,"54":1,"55":8,"56":8,"57":1,"58":7,"59":7,"60":7,"61":1,"62":6,"63":6,"64":6,"65":6,"66":1,"67":5,"68":1,"69":4,"70":1,"71":3,"72":2,"73":1,"74":1,"75":1,"76":10,"77":1,"78":9,"79":1,"80":8,"81":1,"82":16,"83":1,"84":15,"85":1,"86":14,"87":1,"88":9,"89":9,"90":9,"91":9,"92":2,"93":7,"94":1,"95":6,"96":1,"97":5,"98":1,"99":6,"100":1,"101":8,"102":8,"103":8,"104":8,"105":1,"106":7,"107":1,"108":6,"109":1,"110":5,"111":1,"112":3,"113":3,"114":2,"115":2,"116":1,"117":1,"118":1,"119":1,"120":1,"121":0,"122":0,"123":0,"124":0,"125":1,"126":1,"127":7,"128":7,"129":7,"130":7,"131":1,"132":6,"133":6,"134":5,"135":1,"136":4,"137":4,"138":4,"139":1,"140":3,"141":1,"142":2,"143":1,"144":1,"145":1,"146":0,"147":0,"148":0,"149":0},"f":{"0":2,"1":2,"2":3,"3":2,"4":3,"5":3,"6":2,"7":2,"8":2,"9":3,"10":2,"11":2,"12":2,"13":2,"14":2,"15":6,"16":4,"17":4,"18":11,"19":10,"20":16,"21":9,"22":6,"23":8,"24":3,"25":3,"26":2,"27":0,"28":1,"29":7,"30":0,"31":0,"32":0,"33":0},"b":{"0":[1,5],"1":[1,4],"2":[1,3],"3":[1,10],"4":[1,9],"5":[1,8],"6":[1,7],"7":[1,6],"8":[1,5],"9":[1,4],"10":[1,3],"11":[1,9],"12":[1,8],"13":[1,15],"14":[1,14],"15":[2,7],"16":[1,6],"17":[1,5],"18":[1,7],"19":[1,6],"20":[1,5],"21":[1,6],"22":[1,4],"23":[1,3],"24":[1,2]},"_coverageSchema":"1a1c01bbd47fc00a2c39e90264f33305004495a9","hash":"d20c138d40df8b7dc60ecc0b70673ce18f8e40f6","contentHash":"f772d991b6522d9b41e47bfb430d79da3b07627c17a5b09e8a9b85fb9be26705"},"/Volumes/development/aws_serverless/src/opt/nodejs/connectors/dynamodb.connector.js":{"path":"/Volumes/development/aws_serverless/src/opt/nodejs/connectors/dynamodb.connector.js","statementMap":{"0":{"start":{"line":2,"column":12},"end":{"line":2,"column":30}},"1":{"start":{"line":4,"column":26},"end":{"line":4,"column":50}},"2":{"start":{"line":4,"column":41},"end":{"line":4,"column":50}},"3":{"start":{"line":6,"column":0},"end":{"line":9,"column":1}},"4":{"start":{"line":8,"column":29},"end":{"line":8,"column":88}}},"fnMap":{"0":{"name":"(anonymous_0)","decl":{"start":{"line":4,"column":26},"end":{"line":4,"column":27}},"loc":{"start":{"line":4,"column":41},"end":{"line":4,"column":50}},"line":4},"1":{"name":"(anonymous_1)","decl":{"start":{"line":8,"column":18},"end":{"line":8,"column":19}},"loc":{"start":{"line":8,"column":29},"end":{"line":8,"column":88}},"line":8}},"branchMap":{},"s":{"0":1,"1":1,"2":5,"3":1,"4":4},"f":{"0":5,"1":4},"b":{},"_coverageSchema":"1a1c01bbd47fc00a2c39e90264f33305004495a9","hash":"de1465b33a9285d59a9b0f7825a9acac0979aa9a","contentHash":"3578587d4f2e29af4962fda979c54836ff4785fb74ffe12ae5eeed292dfb6fb7"},"/Volumes/development/aws_serverless/src/opt/nodejs/connectors/mongodb.connector.js":{"path":"/Volumes/development/aws_serverless/src/opt/nodejs/connectors/mongodb.connector.js","statementMap":{"0":{"start":{"line":3,"column":18},"end":{"line":3,"column":38}},"1":{"start":{"line":4,"column":17},"end":{"line":4,"column":36}},"2":{"start":{"line":7,"column":45},"end":{"line":7,"column":100}},"3":{"start":{"line":7,"column":51},"end":{"line":7,"column":100}},"4":{"start":{"line":8,"column":40},"end":{"line":8,"column":93}},"5":{"start":{"line":8,"column":46},"end":{"line":8,"column":93}},"6":{"start":{"line":9,"column":34},"end":{"line":9,"column":75}},"7":{"start":{"line":9,"column":40},"end":{"line":9,"column":75}},"8":{"start":{"line":10,"column":37},"end":{"line":10,"column":82}},"9":{"start":{"line":10,"column":43},"end":{"line":10,"column":82}},"10":{"start":{"line":13,"column":33},"end":{"line":13,"column":100}},"11":{"start":{"line":13,"column":40},"end":{"line":13,"column":100}},"12":{"start":{"line":14,"column":31},"end":{"line":14,"column":62}},"13":{"start":{"line":14,"column":38},"end":{"line":14,"column":62}},"14":{"start":{"line":15,"column":33},"end":{"line":15,"column":62}},"15":{"start":{"line":15,"column":40},"end":{"line":15,"column":62}},"16":{"start":{"line":18,"column":31},"end":{"line":21,"column":3}},"17":{"start":{"line":18,"column":76},"end":{"line":21,"column":1}},"18":{"start":{"line":24,"column":25},"end":{"line":32,"column":2}},"19":{"start":{"line":25,"column":4},"end":{"line":31,"column":5}},"20":{"start":{"line":26,"column":27},"end":{"line":26,"column":72}},"21":{"start":{"line":27,"column":8},"end":{"line":27,"column":25}},"22":{"start":{"line":29,"column":8},"end":{"line":29,"column":24}},"23":{"start":{"line":30,"column":8},"end":{"line":30,"column":69}},"24":{"start":{"line":34,"column":24},"end":{"line":34,"column":28}},"25":{"start":{"line":37,"column":26},"end":{"line":55,"column":2}},"26":{"start":{"line":39,"column":4},"end":{"line":41,"column":5}},"27":{"start":{"line":40,"column":8},"end":{"line":40,"column":64}},"28":{"start":{"line":42,"column":4},"end":{"line":44,"column":5}},"29":{"start":{"line":43,"column":8},"end":{"line":43,"column":58}},"30":{"start":{"line":45,"column":4},"end":{"line":47,"column":5}},"31":{"start":{"line":46,"column":8},"end":{"line":46,"column":61}},"32":{"start":{"line":49,"column":29},"end":{"line":49,"column":85}},"33":{"start":{"line":51,"column":4},"end":{"line":53,"column":5}},"34":{"start":{"line":52,"column":8},"end":{"line":52,"column":66}},"35":{"start":{"line":54,"column":4},"end":{"line":54,"column":45}},"36":{"start":{"line":60,"column":0},"end":{"line":77,"column":1}},"37":{"start":{"line":72,"column":8},"end":{"line":74,"column":9}},"38":{"start":{"line":73,"column":12},"end":{"line":73,"column":95}},"39":{"start":{"line":75,"column":8},"end":{"line":75,"column":97}}},"fnMap":{"0":{"name":"(anonymous_0)","decl":{"start":{"line":7,"column":45},"end":{"line":7,"column":46}},"loc":{"start":{"line":7,"column":51},"end":{"line":7,"column":100}},"line":7},"1":{"name":"(anonymous_1)","decl":{"start":{"line":8,"column":40},"end":{"line":8,"column":41}},"loc":{"start":{"line":8,"column":46},"end":{"line":8,"column":93}},"line":8},"2":{"name":"(anonymous_2)","decl":{"start":{"line":9,"column":34},"end":{"line":9,"column":35}},"loc":{"start":{"line":9,"column":40},"end":{"line":9,"column":75}},"line":9},"3":{"name":"(anonymous_3)","decl":{"start":{"line":10,"column":37},"end":{"line":10,"column":38}},"loc":{"start":{"line":10,"column":43},"end":{"line":10,"column":82}},"line":10},"4":{"name":"(anonymous_4)","decl":{"start":{"line":13,"column":33},"end":{"line":13,"column":34}},"loc":{"start":{"line":13,"column":40},"end":{"line":13,"column":100}},"line":13},"5":{"name":"(anonymous_5)","decl":{"start":{"line":14,"column":31},"end":{"line":14,"column":32}},"loc":{"start":{"line":14,"column":38},"end":{"line":14,"column":62}},"line":14},"6":{"name":"(anonymous_6)","decl":{"start":{"line":15,"column":33},"end":{"line":15,"column":34}},"loc":{"start":{"line":15,"column":40},"end":{"line":15,"column":62}},"line":15},"7":{"name":"(anonymous_7)","decl":{"start":{"line":18,"column":37},"end":{"line":18,"column":38}},"loc":{"start":{"line":18,"column":76},"end":{"line":21,"column":1}},"line":18},"8":{"name":"(anonymous_8)","decl":{"start":{"line":24,"column":31},"end":{"line":24,"column":32}},"loc":{"start":{"line":24,"column":82},"end":{"line":32,"column":1}},"line":24},"9":{"name":"(anonymous_9)","decl":{"start":{"line":37,"column":32},"end":{"line":37,"column":33}},"loc":{"start":{"line":37,"column":106},"end":{"line":55,"column":1}},"line":37},"10":{"name":"(anonymous_10)","decl":{"start":{"line":71,"column":19},"end":{"line":71,"column":20}},"loc":{"start":{"line":71,"column":25},"end":{"line":76,"column":5}},"line":71}},"branchMap":{"0":{"loc":{"start":{"line":13,"column":40},"end":{"line":13,"column":100}},"type":"binary-expr","locations":[{"start":{"line":13,"column":40},"end":{"line":13,"column":52}},{"start":{"line":13,"column":56},"end":{"line":13,"column":73}},{"start":{"line":13,"column":77},"end":{"line":13,"column":100}}],"line":13},"1":{"loc":{"start":{"line":39,"column":4},"end":{"line":41,"column":5}},"type":"if","locations":[{"start":{"line":39,"column":4},"end":{"line":41,"column":5}},{"start":{"line":39,"column":4},"end":{"line":41,"column":5}}],"line":39},"2":{"loc":{"start":{"line":42,"column":4},"end":{"line":44,"column":5}},"type":"if","locations":[{"start":{"line":42,"column":4},"end":{"line":44,"column":5}},{"start":{"line":42,"column":4},"end":{"line":44,"column":5}}],"line":42},"3":{"loc":{"start":{"line":45,"column":4},"end":{"line":47,"column":5}},"type":"if","locations":[{"start":{"line":45,"column":4},"end":{"line":47,"column":5}},{"start":{"line":45,"column":4},"end":{"line":47,"column":5}}],"line":45},"4":{"loc":{"start":{"line":51,"column":4},"end":{"line":53,"column":5}},"type":"if","locations":[{"start":{"line":51,"column":4},"end":{"line":53,"column":5}},{"start":{"line":51,"column":4},"end":{"line":53,"column":5}}],"line":51},"5":{"loc":{"start":{"line":72,"column":8},"end":{"line":74,"column":9}},"type":"if","locations":[{"start":{"line":72,"column":8},"end":{"line":74,"column":9}},{"start":{"line":72,"column":8},"end":{"line":74,"column":9}}],"line":72}},"s":{"0":1,"1":1,"2":1,"3":1,"4":1,"5":2,"6":1,"7":2,"8":1,"9":2,"10":1,"11":8,"12":1,"13":7,"14":1,"15":6,"16":1,"17":4,"18":1,"19":3,"20":3,"21":2,"22":1,"23":1,"24":1,"25":1,"26":5,"27":1,"28":4,"29":1,"30":3,"31":1,"32":2,"33":2,"34":1,"35":1,"36":1,"37":11,"38":1,"39":11},"f":{"0":1,"1":2,"2":2,"3":2,"4":8,"5":7,"6":6,"7":4,"8":3,"9":5,"10":11},"b":{"0":[8,7,7],"1":[1,4],"2":[1,3],"3":[1,2],"4":[1,1],"5":[1,10]},"_coverageSchema":"1a1c01bbd47fc00a2c39e90264f33305004495a9","hash":"7eddb70def4cd5be5133c933453c51b1ad178fbd","contentHash":"bc8b6bcd5b380dacb43f9544c90699e95d420a7db216e6dab3b1cd4190dce966"},"/Volumes/development/aws_serverless/src/opt/nodejs/connectors/sqs.connector.js":{"path":"/Volumes/development/aws_serverless/src/opt/nodejs/connectors/sqs.connector.js","statementMap":{"0":{"start":{"line":1,"column":12},"end":{"line":1,"column":30}},"1":{"start":{"line":2,"column":23},"end":{"line":2,"column":43}},"2":{"start":{"line":10,"column":4},"end":{"line":10,"column":40}},"3":{"start":{"line":18,"column":4},"end":{"line":18,"column":38}},"4":{"start":{"line":20,"column":31},"end":{"line":20,"column":69}},"5":{"start":{"line":20,"column":37},"end":{"line":20,"column":69}},"6":{"start":{"line":21,"column":27},"end":{"line":21,"column":66}},"7":{"start":{"line":21,"column":33},"end":{"line":21,"column":66}},"8":{"start":{"line":22,"column":30},"end":{"line":22,"column":85}},"9":{"start":{"line":22,"column":36},"end":{"line":22,"column":85}},"10":{"start":{"line":23,"column":32},"end":{"line":23,"column":72}},"11":{"start":{"line":23,"column":38},"end":{"line":23,"column":72}},"12":{"start":{"line":24,"column":42},"end":{"line":24,"column":93}},"13":{"start":{"line":24,"column":48},"end":{"line":24,"column":93}},"14":{"start":{"line":25,"column":42},"end":{"line":25,"column":94}},"15":{"start":{"line":25,"column":48},"end":{"line":25,"column":94}},"16":{"start":{"line":26,"column":38},"end":{"line":26,"column":86}},"17":{"start":{"line":26,"column":44},"end":{"line":26,"column":86}},"18":{"start":{"line":27,"column":36},"end":{"line":27,"column":80}},"19":{"start":{"line":27,"column":42},"end":{"line":27,"column":80}},"20":{"start":{"line":28,"column":44},"end":{"line":28,"column":97}},"21":{"start":{"line":28,"column":50},"end":{"line":28,"column":97}},"22":{"start":{"line":31,"column":32},"end":{"line":43,"column":2}},"23":{"start":{"line":32,"column":2},"end":{"line":42,"column":3}},"24":{"start":{"line":45,"column":31},"end":{"line":61,"column":2}},"25":{"start":{"line":46,"column":2},"end":{"line":60,"column":3}},"26":{"start":{"line":63,"column":38},"end":{"line":83,"column":2}},"27":{"start":{"line":64,"column":2},"end":{"line":82,"column":3}},"28":{"start":{"line":86,"column":25},"end":{"line":93,"column":2}},"29":{"start":{"line":87,"column":2},"end":{"line":92,"column":3}},"30":{"start":{"line":88,"column":27},"end":{"line":88,"column":43}},"31":{"start":{"line":89,"column":4},"end":{"line":89,"column":42}},"32":{"start":{"line":91,"column":4},"end":{"line":91,"column":58}},"33":{"start":{"line":95,"column":26},"end":{"line":100,"column":1}},"34":{"start":{"line":96,"column":2},"end":{"line":97,"column":16}},"35":{"start":{"line":97,"column":4},"end":{"line":97,"column":16}},"36":{"start":{"line":98,"column":21},"end":{"line":98,"column":54}},"37":{"start":{"line":98,"column":38},"end":{"line":98,"column":53}},"38":{"start":{"line":99,"column":2},"end":{"line":99,"column":31}},"39":{"start":{"line":103,"column":20},"end":{"line":116,"column":2}},"40":{"start":{"line":104,"column":2},"end":{"line":105,"column":51}},"41":{"start":{"line":105,"column":4},"end":{"line":105,"column":51}},"42":{"start":{"line":106,"column":2},"end":{"line":107,"column":47}},"43":{"start":{"line":107,"column":4},"end":{"line":107,"column":47}},"44":{"start":{"line":109,"column":2},"end":{"line":115,"column":4}},"45":{"start":{"line":110,"column":4},"end":{"line":114,"column":6}},"46":{"start":{"line":111,"column":6},"end":{"line":112,"column":17}},"47":{"start":{"line":112,"column":8},"end":{"line":112,"column":17}},"48":{"start":{"line":113,"column":6},"end":{"line":113,"column":19}},"49":{"start":{"line":118,"column":23},"end":{"line":143,"column":2}},"50":{"start":{"line":120,"column":2},"end":{"line":121,"column":49}},"51":{"start":{"line":121,"column":4},"end":{"line":121,"column":49}},"52":{"start":{"line":123,"column":2},"end":{"line":124,"column":50}},"53":{"start":{"line":124,"column":4},"end":{"line":124,"column":50}},"54":{"start":{"line":126,"column":2},"end":{"line":127,"column":50}},"55":{"start":{"line":127,"column":4},"end":{"line":127,"column":50}},"56":{"start":{"line":129,"column":15},"end":{"line":129,"column":38}},"57":{"start":{"line":131,"column":2},"end":{"line":132,"column":62}},"58":{"start":{"line":132,"column":4},"end":{"line":132,"column":62}},"59":{"start":{"line":134,"column":25},"end":{"line":134,"column":71}},"60":{"start":{"line":136,"column":17},"end":{"line":136,"column":105}},"61":{"start":{"line":138,"column":2},"end":{"line":141,"column":4}},"62":{"start":{"line":139,"column":4},"end":{"line":139,"column":20}},"63":{"start":{"line":140,"column":4},"end":{"line":140,"column":52}},"64":{"start":{"line":145,"column":33},"end":{"line":163,"column":2}},"65":{"start":{"line":146,"column":2},"end":{"l
[...]
n":58},"end":{"line":13,"column":64}},"line":13},"4":{"name":"(anonymous_4)","decl":{"start":{"line":19,"column":28},"end":{"line":19,"column":29}},"loc":{"start":{"line":19,"column":33},"end":{"line":19,"column":65}},"line":19},"5":{"name":"(anonymous_5)","decl":{"start":{"line":19,"column":58},"end":{"line":19,"column":59}},"loc":{"start":{"line":19,"column":63},"end":{"line":19,"column":64}},"line":19},"6":{"name":"(anonymous_6)","decl":{"start":{"line":22,"column":50},"end":{"line":22,"column":51}},"loc":{"start":{"line":22,"column":60},"end":{"line":22,"column":86}},"line":22},"7":{"name":"(anonymous_7)","decl":{"start":{"line":23,"column":50},"end":{"line":23,"column":51}},"loc":{"start":{"line":23,"column":61},"end":{"line":23,"column":84}},"line":23}},"branchMap":{"0":{"loc":{"start":{"line":14,"column":4},"end":{"line":15,"column":56}},"type":"if","locations":[{"start":{"line":14,"column":4},"end":{"line":15,"column":56}},{"start":{"line":14,"column":4},"end":{"line":15,"column":56}}],"line":14},"1":{"loc":{"start":{"line":25,"column":4},"end":{"line":26,"column":61}},"type":"if","locations":[{"start":{"line":25,"column":4},"end":{"line":26,"column":61}},{"start":{"line":25,"column":4},"end":{"line":26,"column":61}}],"line":25}},"s":{"0":1,"1":1,"2":1,"3":2,"4":1,"5":4,"6":4,"7":4,"8":6,"9":4,"10":6,"11":4,"12":1,"13":3,"14":6,"15":2,"16":3,"17":6,"18":3,"19":6,"20":3,"21":1,"22":2,"23":1},"f":{"0":2,"1":4,"2":6,"3":6,"4":6,"5":2,"6":6,"7":6},"b":{"0":[1,3],"1":[1,2]},"_coverageSchema":"1a1c01bbd47fc00a2c39e90264f33305004495a9","hash":"1a908584442bf62129e2f40cac52d6cc5cbea80c","contentHash":"2f17f80a037306f2d6d51dd10b17b82e1fb63521d0127a79d213b0de2a0c5943"},"/Volumes/development/aws_serverless/src/processScheduledQuestions/processQuestion.js":{"path":"/Volumes/development/aws_serverless/src/processScheduledQuestions/processQuestion.js","statementMap":{"0":{"start":{"line":1,"column":16},"end":{"line":1,"column":70}},"1":{"start":{"line":2,"column":30},"end":{"line":2,"column":50}},"2":{"start":{"line":5,"column":4},"end":{"line":5,"column":49}},"3":{"start":{"line":8,"column":4},"end":{"line":8,"column":47}},"4":{"start":{"line":9,"column":27},"end":{"line":9,"column":67}},"5":{"start":{"line":10,"column":49},"end":{"line":10,"column":96}},"6":{"start":{"line":13,"column":37},"end":{"line":13,"column":82}},"7":{"start":{"line":13,"column":43},"end":{"line":13,"column":82}},"8":{"start":{"line":14,"column":49},"end":{"line":14,"column":109}},"9":{"start":{"line":14,"column":55},"end":{"line":14,"column":109}},"10":{"start":{"line":15,"column":34},"end":{"line":15,"column":76}},"11":{"start":{"line":15,"column":40},"end":{"line":15,"column":76}},"12":{"start":{"line":17,"column":42},"end":{"line":26,"column":2}},"13":{"start":{"line":18,"column":4},"end":{"line":25,"column":5}},"14":{"start":{"line":19,"column":21},"end":{"line":19,"column":41}},"15":{"start":{"line":20,"column":23},"end":{"line":20,"column":61}},"16":{"start":{"line":20,"column":40},"end":{"line":20,"column":59}},"17":{"start":{"line":21,"column":8},"end":{"line":21,"column":38}},"18":{"start":{"line":23,"column":8},"end":{"line":23,"column":24}},"19":{"start":{"line":24,"column":8},"end":{"line":24,"column":73}},"20":{"start":{"line":28,"column":30},"end":{"line":30,"column":1}},"21":{"start":{"line":29,"column":4},"end":{"line":29,"column":58}},"22":{"start":{"line":29,"column":40},"end":{"line":29,"column":57}},"23":{"start":{"line":32,"column":28},"end":{"line":57,"column":2}},"24":{"start":{"line":33,"column":4},"end":{"line":34,"column":51}},"25":{"start":{"line":34,"column":8},"end":{"line":34,"column":51}},"26":{"start":{"line":36,"column":4},"end":{"line":56,"column":5}},"27":{"start":{"line":37,"column":23},"end":{"line":37,"column":44}},"28":{"start":{"line":38,"column":21},"end":{"line":38,"column":50}},"29":{"start":{"line":39,"column":26},"end":{"line":39,"column":48}},"30":{"start":{"line":40,"column":8},"end":{"line":41,"column":62}},"31":{"start":{"line":41,"column":12},"end":{"line":41,"column":62}},"32":{"start":{"line":43,"column":31},"end":{"line":43,"column":92}},"33":{"start":{"line":44,"column":35},"end":{"line":44,"column":72}},"34":{"start":{"line":46,"column":8},"end":{"line":52,"column":9}},"35":{"start":{"line":47,"column":12},"end":{"line":47,"column":40}},"36":{"start":{"line":48,"column":12},"end":{"line":48,"column":71}},"37":{"start":{"line":50,"column":12},"end":{"line":50,"column":46}},"38":{"start":{"line":51,"column":12},"end":{"line":51,"column":78}},"39":{"start":{"line":54,"column":8},"end":{"line":54,"column":24}},"40":{"start":{"line":55,"column":8},"end":{"line":55,"column":61}},"41":{"start":{"line":60,"column":0},"end":{"line":68,"column":1}}},"fnMap":{"0":{"name":"(anonymous_0)","decl":{"start":{"line":13,"column":37},"end":{"line":13,"column":38}},"loc":{"start":{"line":13,"column":43},"end":{"line":13,"column":82}},"line":13},"1":{"name":"(anonymous_1)","decl":{"start":{"line":14,"column":49},"end":{"line":14,"column":50}},"loc":{"start":{"line":14,"column":55},"end":{"line":14,"column":109}},"line":14},"2":{"name":"(anonymous_2)","decl":{"start":{"line":15,"column":34},"end":{"line":15,"column":35}},"loc":{"start":{"line":15,"column":40},"end":{"line":15,"column":76}},"line":15},"3":{"name":"(anonymous_3)","decl":{"start":{"line":17,"column":48},"end":{"line":17,"column":49}},"loc":{"start":{"line":17,"column":74},"end":{"line":26,"column":1}},"line":17},"4":{"name":"(anonymous_4)","decl":{"start":{"line":20,"column":32},"end":{"line":20,"column":33}},"loc":{"start":{"line":20,"column":40},"end":{"line":20,"column":59}},"line":20},"5":{"name":"(anonymous_5)","decl":{"start":{"line":28,"column":30},"end":{"line":28,"column":31}},"loc":{"start":{"line":28,"column":43},"end":{"line":30,"column":1}},"line":28},"6":{"name":"(anonymous_6)","decl":{"start":{"line":29,"column":28},"end":{"line":29,"column":29}},"loc":{"start":{"line":29,"column":40},"end":{"line":29,"column":57}},"line":29},"7":{"name":"(anonymous_7)","decl":{"start":{"line":32,"column":34},"end":{"line":32,"column":35}},"loc":{"start":{"line":32,"column":110},"end":{"line":57,"column":1}},"line":32}},"branchMap":{"0":{"loc":{"start":{"line":1,"column":16},"end":{"line":1,"column":70}},"type":"cond-expr","locations":[{"start":{"line":1,"column":37},"end":{"line":1,"column":53}},{"start":{"line":1,"column":56},"end":{"line":1,"column":70}}],"line":1},"1":{"loc":{"start":{"line":33,"column":4},"end":{"line":34,"column":51}},"type":"if","locations":[{"start":{"line":33,"column":4},"end":{"line":34,"column":51}},{"start":{"line":33,"column":4},"end":{"line":34,"column":51}}],"line":33},"2":{"loc":{"start":{"line":40,"column":8},"end":{"line":41,"column":62}},"type":"if","locations":[{"start":{"line":40,"column":8},"end":{"line":41,"column":62}},{"start":{"line":40,"column":8},"end":{"line":41,"column":62}}],"line":40},"3":{"loc":{"start":{"line":40,"column":11},"end":{"line":40,"column":47}},"type":"binary-expr","locations":[{"start":{"line":40,"column":11},"end":{"line":40,"column":21}},{"start":{"line":40,"column":25},"end":{"line":40,"column":47}}],"line":40},"4":{"loc":{"start":{"line":46,"column":8},"end":{"line":52,"column":9}},"type":"if","locations":[{"start":{"line":46,"column":8},"end":{"line":52,"column":9}},{"start":{"line":46,"column":8},"end":{"line":52,"column":9}}],"line":46}},"s":{"0":1,"1":1,"2":1,"3":1,"4":1,"5":1,"6":1,"7":4,"8":1,"9":2,"10":1,"11":2,"12":1,"13":8,"14":8,"15":7,"16":14,"17":7,"18":1,"19":1,"20":1,"21":7,"22":14,"23":1,"24":9,"25":1,"26":8,"27":8,"28":7,"29":7,"30":7,"31":1,"32":6,"33":6,"34":6,"35":3,"36":2,"37":3,"38":2,"39":3,"40":3,"41":1},"f":{"0":4,"1":2,"2":2,"3":8,"4":14,"5":7,"6":14,"7":9},"b":{"0":[1,0],"1":[1,8],"2":[1,6],"3":[7,6],"4":[3,3]},"_coverageSchema":"1a1c01bbd47fc00a2c39e90264f33305004495a9","hash":"0e6cb4c195422f118f1797b7b1647bf5ebd04742","contentHash":"93236fa48d941ef40f3d9144330aa5b4a26fb139ec70c01db1eab36af3dcacfa"},"/Volumes/development/aws_serverless/src/rejectRequest/index.js":{"path":"/Volumes/development/aws_serverless/src/rejectRequest/index.js","statementMap":{"0":{"start":{"line":1,"column":16},"end":{"line":1,"column":70}},"1":{"start":{"line":4,"column":23},"end":{"line":4,"column":43}},"2":{"start":{"line":5,"column":28},"end":{"line":5,"column":76}},"3":{"start":{"line":8,"column":25},"end":{"line":8,"column":70}},"4":{"start":{"line":12,"column":30},"end":{"line":12,"column":73}},"5":{"start":{"line":14,"column":26},"end":{"line":14,"column":69}},"6":{"start":{"line":15,"column":23},"end":{"line":15,"column":62}},"7":{"start":{"line":19,"column":29},"end":{"line":45,"column":2}},"8":{"start":{"line":20,"column":4},"end":{"line":20,"column":50}},"9":{"start":{"line":22,"column":18},"end":{"line":22,"column":37}},"10":{"start":{"line":23,"column":22},"end":{"line":23,"column":45}},"11":{"start":{"line":25,"column":4},"end":{"line":28,"column":5}},"12":{"start":{"line":26,"column":8},"end":{"line":26,"column":40}},"13":{"start":{"line":27,"column":8},"end":{"line":27,"column":50}},"14":{"start":{"line":30,"column":4},"end":{"line":33,"column":5}},"15":{"start":{"line":31,"column":8},"end":{"line":31,"column":44}},"16":{"start":{"line":32,"column":8},"end":{"line":32,"column":54}},"17":{"start":{"line":35,"column":4},"end":{"line":44,"column":5}},"18":{"start":{"line":36,"column":23},"end":{"line":36,"column":68}},"19":{"start":{"line":37,"column":8},"end":{"line":37,"column":27}},"20":{"start":{"line":38,"column":20},"end":{"line":38,"column":61}},"21":{"start":{"line":39,"column":24},"end":{"line":39,"column":59}},"22":{"start":{"line":40,"column":8},"end":{"line":40,"column":22}},"23":{"start":{"line":42,"column":8},"end":{"line":42,"column":64}},"24":{"start":{"line":43,"column":8},"end":{"line":43,"column":66}},"25":{"start":{"line":47,"column":0},"end":{"line":50,"column":1}}},"fnMap":{"0":{"name":"(anonymous_0)","decl":{"start":{"line":19,"column":35},"end":{"line":19,"column":36}},"loc":{"start":{"line":19,"column":105},"end":{"line":45,"column":1}},"line":19}},"branchMap":{"0":{"loc":{"start":{"line":1,"column":16},"end":{"line":1,"column":70}},"type":"cond-expr","locations":[{"start":{"line":1,"column":37},"end":{"line":1,"column":53}},{"start":{"line":1,"column":56},"end":{"line":1,"column":70}}],"line":1},"1":{"loc":{"start":{"line":25,"column":4},"end":{"line":28,"column":5}},"type":"if","locations":[{"start":{"line":25,"column":4},"end":{"line":28,"column":5}},{"start":{"line":25,"column":4},"end":{"line":28,"column":5}}],"line":25},"2":{"loc":{"start":{"line":30,"column":4},"end":{"line":33,"column":5}},"type":"if","locations":[{"start":{"line":30,"column":4},"end":{"line":33,"column":5}},{"start":{"line":30,"column":4},"end":{"line":33,"column":5}}],"line":30}},"s":{"0":1,"1":1,"2":1,"3":1,"4":1,"5":1,"6":1,"7":1,"8":6,"9":6,"10":6,"11":6,"12":1,"13":1,"14":5,"15":1,"16":1,"17":4,"18":4,"19":3,"20":3,"21":2,"22":1,"23":3,"24":3,"25":1},"f":{"0":6},"b":{"0":[1,0],"1":[1,5],"2":[1,4]},"_coverageSchema":"1a1c01bbd47fc00a2c39e90264f33305004495a9","hash":"eabad6fd40a741ff1ef76f0a6dea9a9ab74faf13","contentHash":"00f67e5b82c0fd74becd75968189b2d8c303b13f2854792532eab0528e6916bd"},"/Volumes/development/aws_serverless/src/submitAnswers/index.js":{"path":"/Volumes/development/aws_serverless/src/submitAnswers/index.js","statementMap":{"0":{"start":{"line":1,"column":16},"end":{"line":1,"column":70}},"1":{"start":{"line":2,"column":23},"end":{"line":2,"column":43}},"2":{"start":{"line":9,"column":4},"end":{"line":9,"column":49}},"3":{"start":{"line":17,"column":4},"end":{"line":17,"column":47}},"4":{"start":{"line":18,"column":28},"end":{"line":18,"column":71}},"5":{"start":{"line":19,"column":25},"end":{"line":19,"column":65}},"6":{"start":{"line":22,"column":35},"end":{"line":22,"column":78}},"7":{"start":{"line":22,"column":41},"end":{"line":22,"column":78}},"8":{"start":{"line":24,"column":20},"end":{"line":58,"column":2}},"9":{"start":{"line":25,"column":4},"end":{"line":25,"column":51}},"10":{"start":{"line":27,"column":25},"end":{"line":27,"column":51}},"11":{"start":{"line":28,"column":19},"end":{"line":28,"column":39}},"12":{"start":{"line":29,"column":23},"end":{"line":29,"column":47}},"13":{"start":{"line":30,"column":22},"end":{"line":30,"column":45}},"14":{"start":{"line":32,"column":4},"end":{"line":33,"column":54}},"15":{"start":{"line":33,"column":8},"end":{"line":33,"column":54}},"16":{"start":{"line":35,"column":4},"end":{"line":36,"column":57}},"17":{"start":{"line":36,"column":8},"end":{"line":36,"column":57}},"18":{"start":{"line":38,"column":4},"end":{"line":39,"column":51}},"19":{"start":{"line":39,"column":8},"end":{"line":39,"column":51}},"20":{"start":{"line":41,"column":4},"end":{"line":42,"column":55}},"21":{"start":{"line":42,"column":8},"end":{"line":42,"column":55}},"22":{"start":{"line":44,"column":4},"end":{"line":45,"column":53}},"23":{"start":{"line":45,"column":8},"end":{"line":45,"column":53}},"24":{"start":{"line":47,"column":4},"end":{"line":48,"column":54}},"25":{"start":{"line":48,"column":8},"end":{"line":48,"column":54}},"26":{"start":{"line":50,"column":4},"end":{"line":57,"column":5}},"27":{"start":{"line":51,"column":25},"end":{"line":51,"column":60}},"28":{"start":{"line":52,"column":8},"end":{"line":52,"column":79}},"29":{"start":{"line":53,"column":8},"end":{"line":53,"column":64}},"30":{"start":{"line":55,"column":8},"end":{"line":55,"column":24}},"31":{"start":{"line":56,"column":8},"end":{"line":56,"column":59}},"32":{"start":{"line":60,"column":0},"end":{"line":64,"column":1}}},"fnMap":{"0":{"name":"(anonymous_0)","decl":{"start":{"line":22,"column":35},"end":{"line":22,"column":36}},"loc":{"start":{"line":22,"column":41},"end":{"line":22,"column":78}},"line":22},"1":{"name":"(anonymous_1)","decl":{"start":{"line":24,"column":26},"end":{"line":24,"column":27}},"loc":{"start":{"line":24,"column":95},"end":{"line":58,"column":1}},"line":24}},"branchMap":{"0":{"loc":{"start":{"line":1,"column":16},"end":{"line":1,"column":70}},"type":"cond-expr","locations":[{"start":{"line":1,"column":37},"end":{"line":1,"column":53}},{"start":{"line":1,"column":56},"end":{"line":1,"column":70}}],"line":1},"1":{"loc":{"start":{"line":32,"column":4},"end":{"line":33,"column":54}},"type":"if","locations":[{"start":{"line":32,"column":4},"end":{"line":33,"column":54}},{"start":{"line":32,"column":4},"end":{"line":33,"column":54}}],"line":32},"2":{"loc":{"start":{"line":35,"column":4},"end":{"line":36,"column":57}},"type":"if","locations":[{"start":{"line":35,"column":4},"end":{"line":36,"column":57}},{"start":{"line":35,"column":4},"end":{"line":36,"column":57}}],"line":35},"3":{"loc":{"start":{"line":38,"column":4},"end":{"line":39,"column":51}},"type":"if","locations":[{"start":{"line":38,"column":4},"end":{"line":39,"column":51}},{"start":{"line":38,"column":4},"end":{"line":39,"column":51}}],"line":38},"4":{"loc":{"start":{"line":41,"column":4},"end":{"line":42,"column":55}},"type":"if","locations":[{"start":{"line":41,"column":4},"end":{"line":42,"column":55}},{"start":{"line":41,"column":4},"end":{"line":42,"column":55}}],"line":41},"5":{"loc":{"start":{"line":44,"column":4},"end":{"line":45,"column":53}},"type":"if","locations":[{"start":{"line":44,"column":4},"end":{"line":45,"column":53}},{"start":{"line":44,"column":4},"end":{"line":45,"column":53}}],"line":44},"6":{"loc":{"start":{"line":44,"column":7},"end":{"line":44,"column":42}},"type":"binary-expr","locations":[{"start":{"line":44,"column":7},"end":{"line":44,"column":16}},{"start":{"line":44,"column":20},"end":{"line":44,"column":42}}],"line":44},"7":{"loc":{"start":{"line":47,"column":4},"end":{"line":48,"column":54}},"type":"if","locations":[{"start":{"line":47,"column":4},"end":{"line":48,"column":54}},{"start":{"line":47,"column":4},"end":{"line":48,"column":54}}],"line":47}},"s":{"0":1,"1":1,"2":1,"3":1,"4":1,"5":1,"6":1,"7":3,"8":1,"9":10,"10":10,"11":10,"12":10,"13":10,"14":10,"15":1,"16":9,"17":1,"18":8,"19":1,"20":7,"21":1,"22":6,"23":1,"24":5,"25":1,"26":4,"27":4,"28":3,"29":2,"30":2,"31":2,"32":1},"f":{"0":3,"1":10},"b":{"0":[1,0],"1":[1,9],"2":[1,8],"3":[1,7],"4":[1,6],"5":[1,5],"6":[6,6],"7":[1,4]},"_coverageSchema":"1a1c01bbd47fc00a2c39e90264f33305004495a9","hash":"b64edb226a2115316812ed910b2946e503a7da2d","contentHash":"db2970b2322d22e27110715ac955ddb45925bc4350c259a144fb13812f25bb1e"},"/Volumes/development/aws_serverless/src/updateLocation/index.js":{"path":"/Volumes/development/aws_serverless/src/updateLocation/index.js","statementMap":{"0":{"start":{"line":1,"column":16},"end":{"line":1,"column":70}},"1":{"start":{"line":3,"column":30},"end":{"line":3,"column":50}},"2":{"start":{"line":4,"column":34},"end":{"line":4,"column":77}},"3":{"start":{"line":9,"column":4},"end":{"line":9,"column":49}},"4":{"start":{"line":14,"column":4},"end":{"line":14,"column":47}},"5":{"start":{"line":17,"column":43},"end":{"line":17,"column":95}},"6":{"start":{"line":17,"column":49},"end":{"line":17,"column":95}},"7":{"start":{"line":20,"column":20},"end":{"line":43,"column":2}},"8":{"start":{"line":21,"column":4},"end":{"line":21,"column":51}},"9":{"start":{"line":23,"column":25},"end":{"line":23,"column":51}},"10":{"start":{"line":24,"column":21},"end":{"line":24,"column":55}},"11":{"start":{"line":25,"column":22},"end":{"line":25,"column":57}},"12":{"start":{"line":27,"column":4},"end":{"line":28,"column":57}},"13":{"start":{"line":28,"column":8},"end":{"line":28,"column":57}},"14":{"start":{"line":30,"column":4},"end":{"line":31,"column":53}},"15":{"start":{"line":31,"column":8},"end":{"line":31,"column":53}},"16":{"start":{"line":33,"column":4},"end":{"line":34,"column":54}},"17":{"start":{"line":34,"column":8},"end":{"line":34,"column":54}},"18":{"start":{"line":36,"column":4},"end":{"line":42,"column":5}},"19":{"start":{"line":37,"column":8},"end":{"line":37,"column":70}},"20":{"start":{"line":38,"column":8},"end":{"line":38,"column":63}},"21":{"start":{"line":40,"column":8},"end":{"line":40,"column":24}},"22":{"start":{"line":41,"column":8},"end":{"line":41,"column":67}},"23":{"start":{"line":46,"column":0},"end":{"line":50,"column":1}}},"fnMap":{"0":{"name":"(anonymous_0)","decl":{"start":{"line":17,"column":43},"end":{"line":17,"column":44}},"loc":{"start":{"line":17,"column":49},"end":{"line":17,"column":95}},"line":17},"1":{"name":"(anonymous_1)","decl":{"start":{"line":20,"column":26},"end":{"line":20,"column":27}},"loc":{"start":{"line":20,"column":75},"end":{"line":43,"column":1}},"line":20}},"branchMap":{"0":{"loc":{"start":{"line":1,"column":16},"end":{"line":1,"column":70}},"type":"cond-expr","locations":[{"start":{"line":1,"column":37},"end":{"line":1,"column":53}},{"start":{"line":1,"column":56},"end":{"line":1,"column":70}}],"line":1},"1":{"loc":{"start":{"line":27,"column":4},"end":{"line":28,"column":57}},"type":"if","locations":[{"start":{"line":27,"column":4},"end":{"line":28,"column":57}},{"start":{"line":27,"column":4},"end":{"line":28,"column":57}}],"line":27},"2":{"loc":{"start":{"line":30,"column":4},"end":{"line":31,"column":53}},"type":"if","locations":[{"start":{"line":30,"column":4},"end":{"line":31,"column":53}},{"start":{"line":30,"column":4},"end":{"line":31,"column":53}}],"line":30},"3":{"loc":{"start":{"line":33,"column":4},"end":{"line":34,"column":54}},"type":"if","locations":[{"start":{"line":33,"column":4},"end":{"line":34,"column":54}},{"start":{"line":33,"column":4},"end":{"line":34,"column":54}}],"line":33}},"s":{"0":1,"1":1,"2":1,"3":1,"4":1,"5":1,"6":2,"7":1,"8":6,"9":6,"10":6,"11":6,"12":6,"13":1,"14":5,"15":1,"16":4,"17":1,"18":3,"19":3,"20":2,"21":1,"22":1,"23":1},"f":{"0":2,"1":6},"b":{"0":[1,0],"1":[1,5],"2":[1,4],"3":[1,3]},"_coverageSchema":"1a1c01bbd47fc00a2c39e90264f33305004495a9","hash":"fa5bcbcbe3f312322d3f0c8a7e39f414777d6944","contentHash":"4fc9dc23e8c8e42bf07ab4d3bcb896968e8fbf74eb4860b5b9e39fc553b5fe5e"}}