{"/Volumes/development/aws_serverless/src/opt/nodejs/apigateway.connector.js":{"path":"/Volumes/development/aws_serverless/src/opt/nodejs/apigateway.connector.js","statementMap":{"0":{"start":{"line":3,"column":12},"end":{"line":3,"column":30}},"1":{"start":{"line":4,"column":18},"end":{"line":4,"column":40}},"2":{"start":{"line":5,"column":21},"end":{"line":5,"column":48}},"3":{"start":{"line":7,"column":0},"end":{"line":7,"column":57}},"4":{"start":{"line":11,"column":8},"end":{"line":11,"column":24}},"5":{"start":{"line":12,"column":31},"end":{"line":14,"column":9}},"6":{"start":{"line":15,"column":8},"end":{"line":15,"column":84}},"7":{"start":{"line":19,"column":8},"end":{"line":19,"column":31}},"8":{"start":{"line":23,"column":8},"end":{"line":25,"column":9}},"9":{"start":{"line":24,"column":12},"end":{"line":24,"column":78}},"10":{"start":{"line":26,"column":8},"end":{"line":38,"column":9}},"11":{"start":{"line":27,"column":27},"end":{"line":30,"column":24}},"12":{"start":{"line":31,"column":12},"end":{"line":31,"column":25}},"13":{"start":{"line":33,"column":12},"end":{"line":33,"column":70}},"14":{"start":{"line":34,"column":12},"end":{"line":37,"column":13}},"15":{"start":{"line":35,"column":16},"end":{"line":35,"column":72}},"16":{"start":{"line":36,"column":16},"end":{"line":36,"column":81}},"17":{"start":{"line":42,"column":8},"end":{"line":44,"column":9}},"18":{"start":{"line":43,"column":12},"end":{"line":43,"column":78}},"19":{"start":{"line":45,"column":25},"end":{"line":45,"column":27}},"20":{"start":{"line":46,"column":8},"end":{"line":48,"column":11}},"21":{"start":{"line":47,"column":12},"end":{"line":47,"column":66}},"22":{"start":{"line":49,"column":8},"end":{"line":49,"column":36}},"23":{"start":{"line":53,"column":0},"end":{"line":53,"column":36}}},"fnMap":{"0":{"name":"(anonymous_0)","decl":{"start":{"line":10,"column":4},"end":{"line":10,"column":5}},"loc":{"start":{"line":10,"column":22},"end":{"line":16,"column":5}},"line":10},"1":{"name":"(anonymous_1)","decl":{"start":{"line":18,"column":4},"end":{"line":18,"column":5}},"loc":{"start":{"line":18,"column":20},"end":{"line":20,"column":5}},"line":18},"2":{"name":"(anonymous_2)","decl":{"start":{"line":22,"column":4},"end":{"line":22,"column":5}},"loc":{"start":{"line":22,"column":52},"end":{"line":39,"column":5}},"line":22},"3":{"name":"(anonymous_3)","decl":{"start":{"line":41,"column":4},"end":{"line":41,"column":5}},"loc":{"start":{"line":41,"column":42},"end":{"line":50,"column":5}},"line":41},"4":{"name":"(anonymous_4)","decl":{"start":{"line":46,"column":30},"end":{"line":46,"column":31}},"loc":{"start":{"line":46,"column":39},"end":{"line":48,"column":9}},"line":46}},"branchMap":{"0":{"loc":{"start":{"line":23,"column":8},"end":{"line":25,"column":9}},"type":"if","locations":[{"start":{"line":23,"column":8},"end":{"line":25,"column":9}},{"start":{"line":23,"column":8},"end":{"line":25,"column":9}}],"line":23},"1":{"loc":{"start":{"line":23,"column":11},"end":{"line":23,"column":33}},"type":"binary-expr","locations":[{"start":{"line":23,"column":11},"end":{"line":23,"column":24}},{"start":{"line":23,"column":28},"end":{"line":23,"column":33}}],"line":23},"2":{"loc":{"start":{"line":34,"column":12},"end":{"line":37,"column":13}},"type":"if","locations":[{"start":{"line":34,"column":12},"end":{"line":37,"column":13}},{"start":{"line":34,"column":12},"end":{"line":37,"column":13}}],"line":34},"3":{"loc":{"start":{"line":42,"column":8},"end":{"line":44,"column":9}},"type":"if","locations":[{"start":{"line":42,"column":8},"end":{"line":44,"column":9}},{"start":{"line":42,"column":8},"end":{"line":44,"column":9}}],"line":42},"4":{"loc":{"start":{"line":42,"column":11},"end":{"line":42,"column":63}},"type":"binary-expr","locations":[{"start":{"line":42,"column":11},"end":{"line":42,"column":25}},{"start":{"line":42,"column":29},"end":{"line":42,"column":54}},{"start":{"line":42,"column":58},"end":{"line":42,"column":63}}],"line":42}},"s":{"0":1,"1":1,"2":1,"3":1,"4":19,"5":19,"6":19,"7":1,"8":6,"9":2,"10":4,"11":4,"12":3,"13":1,"14":1,"15":1,"16":1,"17":3,"18":2,"19":1,"20":1,"21":2,"22":1,"23":1},"f":{"0":19,"1":1,"2":6,"3":3,"4":2},"b":{"0":[2,4],"1":[6,5],"2":[1,0],"3":[2,1],"4":[3,2,2]},"_coverageSchema":"1a1c01bbd47fc00a2c39e90264f33305004495a9","hash":"2bdf4fcd59ee7654e59679b61b1c2b55248d9d08","contentHash":"8db364d93d56537df008b6e7f010b526e51ce42b1f8b5b10194eb7e18f8e61e6"},"/Volumes/development/aws_serverless/src/opt/nodejs/constants.js":{"path":"/Volumes/development/aws_serverless/src/opt/nodejs/constants.js","statementMap":{"0":{"start":{"line":2,"column":0},"end":{"line":4,"column":1}},"1":{"start":{"line":3,"column":4},"end":{"line":3,"column":30}},"2":{"start":{"line":7,"column":18},"end":{"line":36,"column":1}},"3":{"start":{"line":38,"column":0},"end":{"line":38,"column":27}}},"fnMap":{},"branchMap":{"0":{"loc":{"start":{"line":2,"column":0},"end":{"line":4,"column":1}},"type":"if","locations":[{"start":{"line":2,"column":0},"end":{"line":4,"column":1}},{"start":{"line":2,"column":0},"end":{"line":4,"column":1}}],"line":2}},"s":{"0":1,"1":1,"2":1,"3":1},"f":{},"b":{"0":[1,0]},"_coverageSchema":"1a1c01bbd47fc00a2c39e90264f33305004495a9","hash":"af947191126f552a65fbfce91f80912107272501","contentHash":"aa41a2226e804b68f19731302106f91207e5099f9f0cfc270898d332373f6843"},"/Volumes/development/aws_serverless/src/opt/nodejs/models/players.js":{"path":"/Volumes/development/aws_serverless/src/opt/nodejs/models/players.js","statementMap":{"0":{"start":{"line":1,"column":25},"end":{"line":1,"column":59}},"1":{"start":{"line":2,"column":21},"end":{"line":2,"column":57}},"2":{"start":{"line":3,"column":17},"end":{"line":3,"column":36}},"3":{"start":{"line":4,"column":18},"end":{"line":4,"column":44}},"4":{"start":{"line":8,"column":8},"end":{"line":8,"column":40}},"5":{"start":{"line":9,"column":8},"end":{"line":9,"column":35}},"6":{"start":{"line":10,"column":8},"end":{"line":10,"column":41}},"7":{"start":{"line":11,"column":8},"end":{"line":11,"column":24}},"8":{"start":{"line":15,"column":8},"end":{"line":18,"column":9}},"9":{"start":{"line":16,"column":12},"end":{"line":16,"column":39}},"10":{"start":{"line":17,"column":12},"end":{"line":17,"column":86}},"11":{"start":{"line":19,"column":8},"end":{"line":19,"column":29}},"12":{"start":{"line":24,"column":8},"end":{"line":26,"column":9}},"13":{"start":{"line":25,"column":12},"end":{"line":25,"column":77}},"14":{"start":{"line":27,"column":22},"end":{"line":27,"column":40}},"15":{"start":{"line":28,"column":8},"end":{"line":36,"column":10}},"16":{"start":{"line":29,"column":12},"end":{"line":35,"column":14}},"17":{"start":{"line":33,"column":16},"end":{"line":33,"column":39}},"18":{"start":{"line":33,"column":26},"end":{"line":33,"column":37}},"19":{"start":{"line":34,"column":16},"end":{"line":34,"column":59}},"20":{"start":{"line":41,"column":8},"end":{"line":43,"column":9}},"21":{"start":{"line":42,"column":12},"end":{"line":42,"column":65}},"22":{"start":{"line":44,"column":22},"end":{"line":44,"column":40}},"23":{"start":{"line":45,"column":8},"end":{"line":50,"column":10}},"24":{"start":{"line":46,"column":12},"end":{"line":49,"column":15}},"25":{"start":{"line":47,"column":16},"end":{"line":47,"column":39}},"26":{"start":{"line":47,"column":26},"end":{"line":47,"column":37}},"27":{"start":{"line":48,"column":16},"end":{"line":48,"column":29}},"28":{"start":{"line":54,"column":8},"end":{"line":56,"column":9}},"29":{"start":{"line":55,"column":12},"end":{"line":55,"column":62}},"30":{"start":{"line":57,"column":22},"end":{"line":57,"column":40}},"31":{"start":{"line":58,"column":25},"end":{"line":58,"column":62}},"32":{"start":{"line":59,"column":8},"end":{"line":64,"column":10}},"33":{"start":{"line":60,"column":12},"end":{"line":63,"column":15}},"34":{"start":{"line":61,"column":16},"end":{"line":61,"column":39}},"35":{"start":{"line":61,"column":26},"end":{"line":61,"column":37}},"36":{"start":{"line":62,"column":16},"end":{"line":62,"column":29}},"37":{"start":{"line":68,"column":8},"end":{"line":70,"column":9}},"38":{"start":{"line":69,"column":12},"end":{"line":69,"column":63}},"39":{"start":{"line":71,"column":22},"end":{"line":71,"column":40}},"40":{"start":{"line":72,"column":26},"end":{"line":72,"column":79}},"41":{"start":{"line":72,"column":41},"end":{"line":72,"column":78}},"42":{"start":{"line":73,"column":8},"end":{"line":78,"column":10}},"43":{"start":{"line":74,"column":12},"end":{"line":77,"column":15}},"44":{"start":{"line":75,"column":16},"end":{"line":75,"column":39}},"45":{"start":{"line":75,"column":26},"end":{"line":75,"column":37}},"46":{"start":{"line":76,"column":16},"end":{"line":76,"column":58}},"47":{"start":{"line":76,"column":40},"end":{"line":76,"column":56}},"48":{"start":{"line":82,"column":8},"end":{"line":84,"column":9}},"49":{"start":{"line":83,"column":12},"end":{"line":83,"column":77}},"50":{"start":{"line":85,"column":22},"end":{"line":85,"column":40}},"51":{"start":{"line":86,"column":8},"end":{"line":98,"column":11}},"52":{"start":{"line":87,"column":28},"end":{"line":91,"column":13}},"53":{"start":{"line":92,"column":12},"end":{"line":97,"column":14}},"54":{"start":{"line":93,"column":16},"end":{"line":95,"column":17}},"55":{"start":{"line":94,"column":20},"end":{"line":94,"column":31}},"56":{"start":{"line":96,"column":16},"end":{"line":96,"column":29}},"57":{"start":{"line":102,"column":8},"end":{"line":104,"column":9}},"58":{"start":{"line":103,"column":12},"end":{"line":103,"column":77}},"59":{"start":{"line":105,"column":22},"end":{"line":105,"column":40}},"60":{"start":{"line":106,"column":8},"end":{"line":118,"column":11}},"61":{"start":{"line":107,"column":28},"end":{"line":111,"column":13}},"62":{"start":{"line":112,"column":12},"end":{"line":117,"column":14}},"63":{"start":{"line":113,"column":16},"end":{"line":115,"column":17}},"64":{"start":{"line":114,"column":20},"end":{"line":114,"column":38}},"65":{"start":{"line":116,"column":16},"end":{"line":116,"column":28}},"66":{"start":{"line":122,"column":8},"end":{"line":124,"column":9}},"67":{"start":{"line":123,"column":12},"end":{"line":123,"column":63}},"68":{"start":{"line":125,"column":22},"end":{"line":125,"column":40}},"69":{"start":{"line":126,"column":26},"end":{"line":126,"column":78}},"70":{"start":{"line":126,"column":40},"end":{"line":126,"column":77}},"71":{"start":{"line":127,"column":8},"end":{"line":127,"column":82}},"72":{"start":{"line":131,"column":8},"end":{"line":136,"column":9}},"73":{"start":{"line":135,"column":12},"end":{"line":135,"column":77}},"74":{"start":{"line":137,"column":19},"end":{"line":137,"column":62}},"75":{"start":{"line":138,"column":8},"end":{"line":165,"column":10}},"76":{"start":{"line":139,"column":26},"end":{"line":139,"column":44}},"77":{"start":{"line":140,"column":31},"end":{"line":147,"column":13}},"78":{"start":{"line":148,"column":12},"end":{"line":164,"column":13}},"79":{"start":{"line":159,"column":12},"end":{"line":161,"column":13}},"80":{"start":{"line":160,"column":16},"end":{"line":160,"column":27}},"81":{"start":{"line":162,"column":12},"end":{"line":162,"column":24}},"82":{"start":{"line":170,"column":22},"end":{"line":175,"column":2}},"83":{"start":{"line":178,"column":0},"end":{"line":178,"column":26}},"84":{"start":{"line":179,"column":0},"end":{"line":179,"column":27}}},"fnMap":{"0":{"name":"(anonymous_0)","decl":{"start":{"line":7,"column":4},"end":{"line":7,"column":5}},"loc":{"start":{"line":7,"column":22},"end":{"line":12,"column":5}},"line":7},"1":{"name":"(anonymous_1)","decl":{"start":{"line":14,"column":4},"end":{"line":14,"column":5}},"loc":{"start":{"line":14,"column":18},"end":{"line":21,"column":5}},"line":14},"2":{"name":"(anonymous_2)","decl":{"start":{"line":23,"column":4},"end":{"line":23,"column":5}},"loc":{"start":{"line":23,"column":32},"end":{"line":37,"column":5}},"line":23},"3":{"name":"(anonymous_3)","decl":{"start":{"line":28,"column":27},"end":{"line":28,"column":28}},"loc":{"start":{"line":28,"column":48},"end":{"line":36,"column":9}},"line":28},"4":{"name":"(anonymous_4)","decl":{"start":{"line":32,"column":15},"end":{"line":32,"column":16}},"loc":{"start":{"line":32,"column":30},"end":{"line":35,"column":13}},"line":32},"5":{"name":"(anonymous_5)","decl":{"start":{"line":40,"column":4},"end":{"line":40,"column":5}},"loc":{"start":{"line":40,"column":33},"end":{"line":51,"column":5}},"line":40},"6":{"name":"(anonymous_6)","decl":{"start":{"line":45,"column":27},"end":{"line":45,"column":28}},"loc":{"start":{"line":45,"column":48},"end":{"line":50,"column":9}},"line":45},"7":{"name":"(anonymous_7)","decl":{"start":{"line":46,"column":44},"end":{"line":46,"column":45}},"loc":{"start":{"line":46,"column":59},"end":{"line":49,"column":13}},"line":46},"8":{"name":"(anonymous_8)","decl":{"start":{"line":53,"column":4},"end":{"line":53,"column":5}},"loc":{"start":{"line":53,"column":27},"end":{"line":65,"column":5}},"line":53},"9":{"name":"(anonymous_9)","decl":{"start":{"line":59,"column":27},"end":{"line":59,"column":28}},"loc":{"start":{"line":59,"column":48},"end":{"line":64,"column":9}},"line":59},"10":{"name":"(anonymous_10)","decl":{"start":{"line":60,"column":45},"end":{"line":60,"column":46}},"loc":{"start":{"line":60,"column":60},"end":{"line":63,"column":13}},"line":60},"11":{"name":"(anonymous_11)","decl":{"start":{"line":67,"column":4},"end":{"line":67,"column":5}},"loc":{"start":{"line":67,"column":33},"end":{"line":79,"column":5}},"line":67},"12":{"name":"(anonymous_12)","decl":{"start":{"line":72,"column":35},"end":{"line":72,"column":36}},"loc":{"start":{"line":72,"column":41},"end":{"line":72,"column":78}},"line":72},"13":{"name":"(anonymous_13)","decl":{"start":{"line":73,"column":27},"end":{"line":73,"column":28}},"loc":{"start":{"line":73,"column":48},"end":{"line":78,"column":9}},"line":73},"14":{"name":"(anonymous_14)","decl":{"start":{"line":74,"column":50},"end":{"line":74,"column":51}},"loc":{"start":{"line":74,"column":65},"end":{"line":77,"column":13}},"line":74},"15":{"name":"(anonymous_15)","decl":{"start":{"line":76,"column":33},"end":{"line":76,"column":34}},"loc":{"start":{"line":76,"column":40},"end":{"line":76,"column":56}},"line":76},"16":{"name":"(anonymous_16)","decl":{"start":{"line":81,"column":4},"end":{"line":81,"column":5}},"loc":{"start":{"line":81,"column":45},"end":{"line":99,"column":5}},"line":81},"17":{"name":"(anonymous_17)","decl":{"start":{"line":86,"column":27},"end":{"line":86,"column":28}},"loc":{"start":{"line":86,"column":48},"end":{"line":98,"column":9}},"line":86},"18":{"name":"(anonymous_18)","decl":{"start":{"line":92,"column":53},"end":{"line":92,"column":54}},"loc":{"start":{"line":92,"column":67},"end":{"line":97,"column":13}},"line":92},"19":{"name":"(anonymous_19)","decl":{"start":{"line":101,"column":4},"end":{"line":101,"column":5}},"loc":{"start":{"line":101,"column":40},"end":{"line":119,"column":5}},"line":101},"20":{"name":"(anonymous_20)","decl":{"start":{"line":106,"column":27},"end":{"line":106,"column":28}},"loc":{"start":{"line":106,"column":48},"end":{"line":118,"column":9}},"line":106},"21":{"name":"(anonymous_21)","decl":{"start":{"line":112,"column":60},"end":{"line":112,"column":61}},"loc":{"start":{"line":112,"column":74},"end":{"line":117,"column":13}},"line":112},"22":{"name":"(anonymous_22)","decl":{"start":{"line":121,"column":4},"end":{"line":121,"column":5}},"loc":{"start":{"line":121,"column":36},"end":{"line":128,"column":5}},"line":121},"23":{"name":"(anonymous_23)","decl":{"start":{"line":126,"column":34},"end":{"line":126,"column":35}},"loc":{"start":{"line":126,"column":40},"end":{"line":126,"column":77}},"line":126},"24":{"name":"(anonymous_24)","decl":{"start":{"line":130,"column":4},"end":{"line":130,"column":5}},"loc":{"start":{"line":130,"column":33},"end":{"line":166,"column":5}},"line":130},"25":{"name":"(anonymous_25)","decl":{"start":{"line":138,"column":27},"end":{"line":138,"column":28}},"loc":{"start":{"line":138,"column":54},"end":{"line":165,"column":9}},"line":138},"26":{"name":"(anonymous_26)","decl":{"start":{"line":158,"column":20},"end":{"line":158,"column":21}},"loc":{"start":{"line":158,"column":34},"end":{"line":163,"column":13}},"line":158}},"branchMap":{"0":{"loc":{"start":{"line":15,"column":8},"end":{"line":18,"column":9}},"type":"if","locations":[{"start":{"line":15,"column":8},"end":{"line":18,"column":9}},{"start":{"line":15,"column":8},"end":{"line":18,"column":9}}],"line":15},"1":{"loc":{"start":{"line":24,"column":8},"end":{"line":26,"column":9}},"type":"if","locations":[{"start":{"line":24,"column":8},"end":{"line":26,"column":9}},{"start":{"line":24,"column":8},"end":{"line":26,"column":9}}],"line":24},"2":{"loc":{"start":{"line":24,"column":11},"end":{"line":24,"column":41}},"type":"binary-expr","locations":[{"start":{"line":24,"column":11},"end":{"line":24,"column":23}},{"start":{"line":24,"column":27},"end":{"line":24,"column":41}}],"line":24},"3":{"loc":{"start":{"line":33,"column":16},"end":{"line":33,"column":39}},"type":"if","locations":[{"start":{"line":33,"column":16},"end":{"line":33,"column":39}},{"start":{"line":33,"column":16},"end":{"line":33,"column":39}}],"line":33},"4":{"loc":{"start":{"line":41,"column":8},"end":{"line":43,"column":9}},"type":"if","locations":[{"start":{"line":41,"column":8},"end":{"line":43,"column":9}},{"start":{"line":41,"column":8},"end":{"line":43,"column":9}}],"line":41},"5":{"loc":{"start":{"line":47,"column":16},"end":{"line":47,"column":39}},"type":"if","locations":[{"start":{"line":47,"column":16},"end":{"line":47,"column":39}},{"start":{"line":47,"column":16},"end":{"line":47,"column":39}}],"line":47},"6":{"loc":{"start":{"line":54,"column":8},"end":{"line":56,"column":9}},"type":"if","locations":[{"start":{"line":54,"column":8},"end":{"line":56,"column":9}},{"start":{"line":54,"column":8},"end":{"line":56,"column":9}}],"line":54},"7":{"loc":{"start":{"line":61,"column":16},"end":{"line":61,"column":39}},"type":"if","locations":[{"start":{"line":61,"column":16},"end":{"line":61,"column":39}},{"start":{"line":61,"column":16},"end":{"line":61,"column":39}}],"line":61},"8":{"loc":{"start":{"line":68,"column":8},"end":{"line":70,"column":9}},"type":"if","locations":[{"start":{"line":68,"column":8},"end":{"line":70,"column":9}},{"start":{"line":68,"column":8},"end":{"line":70,"column":9}}],"line":68},"9":{"loc":{"start":{"line":75,"column":16},"end":{"line":75,"column":39}},"type":"if","locations":[{"start":{"line":75,"column":16},"end":{"line":75,"column":39}},{"start":{"line":75,"column":16},"end":{"line":75,"column":39}}],"line":75},"10":{"loc":{"start":{"line":82,"column":8},"end":{"line":84,"column":9}},"type":"if","locations":[{"start":{"line":82,"column":8},"end":{"line":84,"column":9}},{"start":{"line":82,"column":8},"end":{"line":84,"column":9}}],"line":82},"11":{"loc":{"start":{"line":82,"column":11},"end":{"line":82,"column":27}},"type":"binary-expr","locations":[{"start":{"line":82,"column":11},"end":{"line":82,"column":17}},{"start":{"line":82,"column":21},"end":{"line":82,"column":27}}],"line":82},"12":{"loc":{"start":{"line":93,"column":16},"end":{"line":95,"column":17}},"type":"if","locations":[{"start":{"line":93,"column":16},"end":{"line":95,"column":17}},{"start":{"line":93,"column":16},"end":{"line":95,"column":17}}],"line":93},"13":{"loc":{"start":{"line":102,"column":8},"end":{"line":104,"column":9}},"type":"if","locations":[{"start":{"line":102,"column":8},"end":{"line":104,"column":9}},{"start":{"line":102,"column":8},"end":{"line":104,"column":9}}],"line":102},"14":{"loc":{"start":{"line":113,"column":16},"end":{"line":115,"column":17}},"type":"if","locations":[{"start":{"line":113,"column":16},"end":{"line":115,"column":17}},{"start":{"line":113,"column":16},"end":{"line":115,"column":17}}],"line":113},"15":{"loc":{"start":{"line":122,"column":8},"end":{"line":124,"column":9}},"type":"if","locations":[{"start":{"line":122,"column":8},"end":{"line":124,"column":9}},{"start":{"line":122,"column":8},"end":{"line":124,"column":9}}],"line":122},"16":{"loc":{"start":{"line":131,"column":8},"end":{"line":136,"column":9}},"type":"if","locations":[{"start":{"line":131,"column":8},"end":{"line":136,"column":9}},{"start":{"line":131,"column":8},"end":{"line":136,"column":9}}],"line":131},"17":{"loc":{"start":{"line":132,"column":12},"end":{"line":133,"column":59}},"type":"binary-expr","locations":[{"start":{"line":132,"column":12},"end":{"line":132,"column":21}},{"start":{"line":132,"column":25},"end":{"line":132,"column":43}},{"start":{"line":132,"column":47},"end":{"line":132,"column":66}},{"start":{"line":133,"column":12},"end":{"line":133,"column":26}},{"start":{"line":133,"column":30},"end":{"line":133,"column":44}},{"start":{"line":133,"column":48},"end":{"line":133,"column":59}}],"line":132},"18":{"loc":{"start":{"line":159,"column":12},"end":{"line":161,"column":13}},"type":"if","locations":[{"start":{"line":159,"column":12},"end":{"line":161,"column":13}},{"start":{"line":159,"column":12},"end":{"line":161,"column":13}}],"line":159}},"s":{"0":1,"1":1,"2":1,"3":1,"4":5,"5":5,"6":5,"7":5,"8":3,"9":3,"10":3,"11":3,"12":3,"13":1,"14":2,"15":2,"16":2,"17":2,"18":1,"19":2,"20":3,"21":1,"22":2,"23":2,"24":2,"25":2,"26":1,"27":2,"28":3,"29":1,"30":2,"31":2,"32":2,"33":2,"34":2,"35":1,"36":2,"37":4,"38":1,"39":3,"40":3,"41":6,"42":3,"43":3,"44":3,"45":1,"46":3,"47":2,"48":3,"49":1,"50":2,"51":2,"52":2,"53":2,"54":2,"55":1,"56":2,"57":3,"58":1,"59":2,"60":2,"61":2,"62":2,"63":2,"64":1,"65":1,"66":3,"67":1,"68":2,"69":2,"70":4,"71":2,"72":3,"73":1,"74":2,"75":2,"76":2,"77":2,"78":2,"79":2,"80":1,"81":2,"82":1,"83":1,"84":1},"f":{"0":5,"1":3,"2":3,"3":2,"4":2,"5":3,"6":2,"7":2,"8":3,"9":2,"10":2,"11":4,"12":6,"13":3,"14":3,"15":2,"16":3,"17":2,"18":2,"19":3,"20":2,"21":2,"22":3,"23":4,"24":3,"25":2,"26":2},"b":{"0":[3,0],"1":[1,2],"2":[3,2],"3":[1,1],"4":[1,2],"5":[1,1],"6":[1,2],"7":[1,1],"8":[1,3],"9":[1,2],"10":[1,2],"11":[3,3],"12":[1,1],"13":[1,2],"14":[1,1],"15":[1,2],"16":[1,2],"17":[3,2,2,2,2,2],"18":[1,1]},"_coverageSchema":"1a1c01bbd47fc00a2c39e90264f33305004495a9","hash":"cc2d9782a251a22c9278e01a236fdbfe0b42c7c5","contentHash":"ac922938afa3c05f1ee67c9235210c80da40370e2c4d594146f6d01a361d8f2f"},"/Volumes/development/aws_serverless/src/opt/nodejs/mongodb.connector.js":{"path":"/Volumes/development/aws_serverless/src/opt/nodejs/mongodb.connector.js","statementMap":{"0":{"start":{"line":2,"column":17},"end":{"line":2,"column":36}},"1":{"start":{"line":3,"column":18},"end":{"line":3,"column":40}},"2":{"start":{"line":8,"column":8},"end":{"line":8,"column":24}},"3":{"start":{"line":12,"column":8},"end":{"line":18,"column":9}},"4":{"start":{"line":13,"column":12},"end":{"line":17,"column":15}},"5":{"start":{"line":19,"column":8},"end":{"line":19,"column":43}},"6":{"start":{"line":23,"column":8},"end":{"line":23,"column":43}},"7":{"start":{"line":30,"column":0},"end":{"line":33,"column":2}},"8":{"start":{"line":35,"column":0},"end":{"line":35,"column":43}}},"fnMap":{"0":{"name":"(anonymous_0)","decl":{"start":{"line":7,"column":4},"end":{"line":7,"column":5}},"loc":{"start":{"line":7,"column":22},"end":{"line":9,"column":5}},"line":7},"1":{"name":"(anonymous_1)","decl":{"start":{"line":11,"column":4},"end":{"line":11,"column":5}},"loc":{"start":{"line":11,"column":17},"end":{"line":20,"column":5}},"line":11},"2":{"name":"(anonymous_2)","decl":{"start":{"line":22,"column":4},"end":{"line":22,"column":5}},"loc":{"start":{"line":22,"column":17},"end":{"line":24,"column":5}},"line":22}},"branchMap":{"0":{"loc":{"start":{"line":12,"column":8},"end":{"line":18,"column":9}},"type":"if","locations":[{"start":{"line":12,"column":8},"end":{"line":18,"column":9}},{"start":{"line":12,"column":8},"end":{"line":18,"column":9}}],"line":12}},"s":{"0":1,"1":1,"2":3,"3":4,"4":2,"5":4,"6":1,"7":1,"8":1},"f":{"0":3,"1":4,"2":1},"b":{"0":[2,2]},"_coverageSchema":"1a1c01bbd47fc00a2c39e90264f33305004495a9","hash":"3efb63b476ba24997884d1ae16a33b7f2ed8cee6","contentHash":"92d86cb44c666808fb7359067ec49e89e64cbee8d12554a9d64b5def46f392b5"},"/Volumes/development/aws_serverless/src/opt/nodejs/schemas/players.schema.js":{"path":"/Volumes/development/aws_serverless/src/opt/nodejs/schemas/players.schema.js","statementMap":{"0":{"start":{"line":1,"column":17},"end":{"line":1,"column":36}},"1":{"start":{"line":2,"column":14},"end":{"line":2,"column":35}},"2":{"start":{"line":4,"column":15},"end":{"line":26,"column":1}},"3":{"start":{"line":28,"column":23},"end":{"line":28,"column":70}},"4":{"start":{"line":29,"column":0},"end":{"line":29,"column":32}}},"fnMap":{},"branchMap":{},"s":{"0":1,"1":1,"2":1,"3":1,"4":1},"f":{},"b":{},"_coverageSchema":"1a1c01bbd47fc00a2c39e90264f33305004495a9","hash":"be3578826b8f95af2e138b688e22c71182b1fa41","contentHash":"ed55898a2777e1b4fb41fd9b4565f0c5b75120c32758a82fa1bfc65efb3fa80f"},"/Volumes/development/aws_serverless/src/opt/nodejs/cognito.connector.js":{"path":"/Volumes/development/aws_serverless/src/opt/nodejs/cognito.connector.js","statementMap":{"0":{"start":{"line":2,"column":19},"end":{"line":2,"column":56}},"1":{"start":{"line":3,"column":18},"end":{"line":3,"column":40}},"2":{"start":{"line":9,"column":8},"end":{"line":9,"column":24}},"3":{"start":{"line":10,"column":25},"end":{"line":13,"column":9}},"4":{"start":{"line":14,"column":8},"end":{"line":14,"column":76}},"5":{"start":{"line":18,"column":8},"end":{"line":20,"column":9}},"6":{"start":{"line":19,"column":12},"end":{"line":19,"column":78}},"7":{"start":{"line":22,"column":35},"end":{"line":25,"column":9}},"8":{"start":{"line":27,"column":12},"end":{"line":27,"column":78}},"9":{"start":{"line":30,"column":25},"end":{"line":33,"column":9}},"10":{"start":{"line":34,"column":28},"end":{"line":34,"column":74}},"11":{"start":{"line":37,"column":8},"end":{"line":37,"column":69}},"12":{"start":{"line":41,"column":8},"end":{"line":43,"column":9}},"13":{"start":{"line":42,"column":12},"end":{"line":42,"column":78}},"14":{"start":{"line":45,"column":25},"end":{"line":48,"column":9}},"15":{"start":{"line":49,"column":28},"end":{"line":49,"column":74}},"16":{"start":{"line":52,"column":29},"end":{"line":52,"column":96}},"17":{"start":{"line":53,"column":8},"end":{"line":53,"column":34}},"18":{"start":{"line":54,"column":8},"end":{"line":54,"column":45}},"19":{"start":{"line":57,"column":8},"end":{"line":57,"column":55}},"20":{"start":{"line":61,"column":8},"end":{"line":63,"column":9}},"21":{"start":{"line":62,"column":12},"end":{"line":62,"column":78}},"22":{"start":{"line":64,"column":8},"end":{"line":72,"column":11}},"23":{"start":{"line":65,"column":12},"end":{"line":71,"column":15}},"24":{"start":{"line":66,"column":16},"end":{"line":70,"column":17}},"25":{"start":{"line":67,"column":20},"end":{"line":67,"column":32}},"26":{"start":{"line":69,"column":20},"end":{"line":69,"column":53}},"27":{"start":{"line":76,"column":8},"end":{"line":81,"column":9}},"28":{"start":{"line":80,"column":12},"end":{"line":80,"column":61}},"29":{"start":{"line":82,"column":28},"end":{"line":82,"column":69}},"30":{"start":{"line":83,"column":29},"end":{"line":83,"column":68}},"31":{"start":{"line":84,"column":24},"end":{"line":84,"column":61}},"32":{"start":{"line":86,"column":8},"end":{"line":90,"column":10}},"33":{"start":{"line":94,"column":8},"end":{"line":96,"column":9}},"34":{"start":{"line":95,"column":12},"end":{"line":95,"column":78}},"35":{"start":{"line":97,"column":8},"end":{"line":120,"column":11}},"36":{"start":{"line":98,"column":12},"end":{"line":119,"column":15}},"37":{"start":{"line":101,"column":20},"end":{"line":101,"column":52}},"38":{"start":{"line":105,"column":20},"end":{"line":105,"column":57}},"39":{"start":{"line":106,"column":20},"end":{"line":106,"column":64}},"40":{"start":{"line":108,"column":20},"end":{"line":112,"column":22}},"41":{"start":{"line":113,"column":20},"end":{"line":113,"column":29}},"42":{"start":{"line":117,"column":20},"end":{"line":117,"column":34}},"43":{"start":{"line":125,"column":0},"end":{"line":125,"column":43}},"44":{"start":{"line":126,"column":0},"end":{"line":129,"column":2}}},"fnMap":{"0":{"name":"(anonymous_0)","decl":{"start":{"line":8,"column":4},"end":{"line":8,"column":5}},"loc":{"start":{"line":8,"column":22},"end":{"line":15,"column":5}},"line":8},"1":{"name":"(anonymous_1)","decl":{"start":{"line":17,"column":4},"end":{"line":17,"column":5}},"loc":{"start":{"line":17,"column":43},"end":{"line":38,"column":5}},"line":17},"2":{"name":"(anonymous_2)","decl":{"start":{"line":40,"column":4},"end":{"line":40,"column":5}},"loc":{"start":{"line":40,"column":36},"end":{"line":58,"column":5}},"line":40},"3":{"name":"(anonymous_3)","decl":{"start":{"line":60,"column":4},"end":{"line":60,"column":5}},"loc":{"start":{"line":60,"column":32},"end":{"line":73,"column":5}},"line":60},"4":{"name":"(anonymous_4)","decl":{"start":{"line":64,"column":27},"end":{"line":64,"column":28}},"loc":{"start":{"line":64,"column":48},"end":{"line":72,"column":9}},"line":64},"5":{"name":"(anonymous_5)","decl":{"start":{"line":65,"column":46},"end":{"line":65,"column":47}},"loc":{"start":{"line":65,"column":64},"end":{"line":71,"column":13}},"line":65},"6":{"name":"(anonymous_6)","decl":{"start":{"line":75,"column":4},"end":{"line":75,"column":5}},"loc":{"start":{"line":75,"column":26},"end":{"line":91,"column":5}},"line":75},"7":{"name":"(anonymous_7)","decl":{"start":{"line":93,"column":4},"end":{"line":93,"column":5}},"loc":{"start":{"line":93,"column":53},"end":{"line":121,"column":5}},"line":93},"8":{"name":"(anonymous_8)","decl":{"start":{"line":97,"column":27},"end":{"line":97,"column":28}},"loc":{"start":{"line":97,"column":48},"end":{"line":120,"column":9}},"line":97},"9":{"name":"(anonymous_9)","decl":{"start":{"line":99,"column":27},"end":{"line":99,"column":28}},"loc":{"start":{"line":99,"column":39},"end":{"line":102,"column":17}},"line":99},"10":{"name":"(anonymous_10)","decl":{"start":{"line":103,"column":37},"end":{"line":103,"column":38}},"loc":{"start":{"line":103,"column":89},"end":{"line":115,"column":17}},"line":103},"11":{"name":"(anonymous_11)","decl":{"start":{"line":116,"column":27},"end":{"line":116,"column":28}},"loc":{"start":{"line":116,"column":38},"end":{"line":118,"column":17}},"line":116}},"branchMap":{"0":{"loc":{"start":{"line":18,"column":8},"end":{"line":20,"column":9}},"type":"if","locations":[{"start":{"line":18,"column":8},"end":{"line":20,"column":9}},{"start":{"line":18,"column":8},"end":{"line":20,"column":9}}],"line":18},"1":{"loc":{"start":{"line":18,"column":11},"end":{"line":18,"column":29}},"type":"binary-expr","locations":[{"start":{"line":18,"column":11},"end":{"line":18,"column":16}},{"start":{"line":18,"column":20},"end":{"line":18,"column":29}}],"line":18},"2":{"loc":{"start":{"line":41,"column":8},"end":{"line":43,"column":9}},"type":"if","locations":[{"start":{"line":41,"column":8},"end":{"line":43,"column":9}},{"start":{"line":41,"column":8},"end":{"line":43,"column":9}}],"line":41},"3":{"loc":{"start":{"line":41,"column":11},"end":{"line":41,"column":26}},"type":"binary-expr","locations":[{"start":{"line":41,"column":11},"end":{"line":41,"column":16}},{"start":{"line":41,"column":20},"end":{"line":41,"column":26}}],"line":41},"4":{"loc":{"start":{"line":61,"column":8},"end":{"line":63,"column":9}},"type":"if","locations":[{"start":{"line":61,"column":8},"end":{"line":63,"column":9}},{"start":{"line":61,"column":8},"end":{"line":63,"column":9}}],"line":61},"5":{"loc":{"start":{"line":61,"column":11},"end":{"line":61,"column":33}},"type":"binary-expr","locations":[{"start":{"line":61,"column":11},"end":{"line":61,"column":23}},{"start":{"line":61,"column":27},"end":{"line":61,"column":33}}],"line":61},"6":{"loc":{"start":{"line":66,"column":16},"end":{"line":70,"column":17}},"type":"if","locations":[{"start":{"line":66,"column":16},"end":{"line":70,"column":17}},{"start":{"line":66,"column":16},"end":{"line":70,"column":17}}],"line":66},"7":{"loc":{"start":{"line":76,"column":8},"end":{"line":81,"column":9}},"type":"if","locations":[{"start":{"line":76,"column":8},"end":{"line":81,"column":9}},{"start":{"line":76,"column":8},"end":{"line":81,"column":9}}],"line":76},"8":{"loc":{"start":{"line":77,"column":11},"end":{"line":79,"column":33}},"type":"binary-expr","locations":[{"start":{"line":77,"column":11},"end":{"line":77,"column":22}},{"start":{"line":77,"column":26},"end":{"line":77,"column":52}},{"start":{"line":78,"column":11},"end":{"line":78,"column":38}},{"start":{"line":79,"column":11},"end":{"line":79,"column":33}}],"line":77},"9":{"loc":{"start":{"line":94,"column":8},"end":{"line":96,"column":9}},"type":"if","locations":[{"start":{"line":94,"column":8},"end":{"line":96,"column":9}},{"start":{"line":94,"column":8},"end":{"line":96,"column":9}}],"line":94},"10":{"loc":{"start":{"line":94,"column":11},"end":{"line":94,"column":49}},"type":"binary-expr","locations":[{"start":{"line":94,"column":11},"end":{"line":94,"column":23}},{"start":{"line":94,"column":27},"end":{"line":94,"column":49}}],"line":94}},"s":{"0":1,"1":1,"2":3,"3":3,"4":3,"5":5,"6":2,"7":3,"8":3,"9":3,"10":3,"11":3,"12":5,"13":2,"14":3,"15":3,"16":3,"17":3,"18":3,"19":3,"20":5,"21":2,"22":3,"23":3,"24":3,"25":1,"26":2,"27":9,"28":2,"29":7,"30":7,"31":7,"32":7,"33":5,"34":2,"35":3,"36":3,"37":2,"38":1,"39":1,"40":1,"41":1,"42":0,"43":1,"44":1},"f":{"0":3,"1":5,"2":5,"3":5,"4":3,"5":3,"6":9,"7":5,"8":3,"9":2,"10":1,"11":0},"b":{"0":[2,3],"1":[5,4],"2":[2,3],"3":[5,4],"4":[2,3],"5":[5,4],"6":[1,2],"7":[2,7],"8":[9,8,7,7],"9":[2,3],"10":[5,4]},"_coverageSchema":"1a1c01bbd47fc00a2c39e90264f33305004495a9","hash":"0111c62cccd42453ecf87e1de89b8bb65faa9c5b","contentHash":"59b72c3e2649ef32d356cbf4879ef6247390c3db9709e31bf25a7488e21a462d"},"/Volumes/development/aws_serverless/src/opt/nodejs/dynamodb.connector.js":{"path":"/Volumes/development/aws_serverless/src/opt/nodejs/dynamodb.connector.js","statementMap":{"0":{"start":{"line":3,"column":12},"end":{"line":3,"column":42}},"1":{"start":{"line":4,"column":18},"end":{"line":4,"column":40}},"2":{"start":{"line":16,"column":8},"end":{"line":16,"column":24}},"3":{"start":{"line":17,"column":26},"end":{"line":17,"column":73}},"4":{"start":{"line":18,"column":8},"end":{"line":18,"column":84}},"5":{"start":{"line":22,"column":8},"end":{"line":22,"column":31}},"6":{"start":{"line":26,"column":0},"end":{"line":26,"column":34}}},"fnMap":{"0":{"name":"(anonymous_0)","decl":{"start":{"line":15,"column":4},"end":{"line":15,"column":5}},"loc":{"start":{"line":15,"column":22},"end":{"line":19,"column":5}},"line":15},"1":{"name":"(anonymous_1)","decl":{"start":{"line":21,"column":4},"end":{"line":21,"column":5}},"loc":{"start":{"line":21,"column":16},"end":{"line":23,"column":5}},"line":21}},"branchMap":{"0":{"loc":{"start":{"line":17,"column":26},"end":{"line":17,"column":73}},"type":"cond-expr","locations":[{"start":{"line":17,"column":48},"end":{"line":17,"column":59}},{"start":{"line":17,"column":62},"end":{"line":17,"column":73}}],"line":17}},"s":{"0":1,"1":1,"2":45,"3":45,"4":45,"5":16,"6":1},"f":{"0":45,"1":16},"b":{"0":[42,3]},"_coverageSchema":"1a1c01bbd47fc00a2c39e90264f33305004495a9","hash":"5895b491063a09cb4160d8d31d008f240abd3323","contentHash":"44f17c70e9b0da67528f9b136466f587377db41e5329d8b4a35c064fd0e0004d"},"/Volumes/development/aws_serverless/src/opt/nodejs/commonModules.js":{"path":"/Volumes/development/aws_serverless/src/opt/nodejs/commonModules.js","statementMap":{"0":{"start":{"line":1,"column":0},"end":{"line":1,"column":32}}},"fnMap":{},"branchMap":{},"s":{"0":1},"f":{},"b":{},"_coverageSchema":"1a1c01bbd47fc00a2c39e90264f33305004495a9","hash":"73aaa543d573fe266cb6a19a3fa80060cd35e98a","contentHash":"cd2e783ccd92672ea0d3ce3b8abdc6cccdae5924271706c399d642177e4613f3"},"/Volumes/development/aws_serverless/src/opt/nodejs/sqs.connector.js":{"path":"/Volumes/development/aws_serverless/src/opt/nodejs/sqs.connector.js","statementMap":{"0":{"start":{"line":1,"column":12},"end":{"line":1,"column":30}},"1":{"start":{"line":2,"column":18},"end":{"line":2,"column":40}},"2":{"start":{"line":7,"column":6},"end":{"line":7,"column":22}},"3":{"start":{"line":8,"column":6},"end":{"line":11,"column":8}},"4":{"start":{"line":12,"column":6},"end":{"line":12,"column":67}},"5":{"start":{"line":16,"column":6},"end":{"line":18,"column":7}},"6":{"start":{"line":17,"column":8},"end":{"line":17,"column":70}},"7":{"start":{"line":19,"column":8},"end":{"line":47,"column":10}},"8":{"start":{"line":20,"column":25},"end":{"line":22,"column":13}},"9":{"start":{"line":23,"column":29},"end":{"line":23,"column":49}},"10":{"start":{"line":24,"column":25},"end":{"line":38,"column":15}},"11":{"start":{"line":40,"column":14},"end":{"line":46,"column":15}},"12":{"start":{"line":41,"column":16},"end":{"line":45,"column":17}},"13":{"start":{"line":42,"column":18},"end":{"line":42,"column":29}},"14":{"start":{"line":44,"column":18},"end":{"line":44,"column":42}},"15":{"start":{"line":51,"column":6},"end":{"line":53,"column":7}},"16":{"start":{"line":52,"column":8},"end":{"line":52,"column":70}},"17":{"start":{"line":54,"column":6},"end":{"line":74,"column":8}},"18":{"start":{"line":55,"column":23},"end":{"line":65,"column":13}},"19":{"start":{"line":67,"column":12},"end":{"line":73,"column":13}},"20":{"start":{"line":68,"column":14},"end":{"line":72,"column":15}},"21":{"start":{"line":69,"column":16},"end":{"line":69,"column":27}},"22":{"start":{"line":71,"column":16},"end":{"line":71,"column":40}},"23":{"start":{"line":79,"column":0},"end":{"line":79,"column":30}}},"fnMap":{"0":{"name":"(anonymous_0)","decl":{"start":{"line":6,"column":4},"end":{"line":6,"column":5}},"loc":{"start":{"line":6,"column":22},"end":{"line":13,"column":5}},"line":6},"1":{"name":"(anonymous_1)","decl":{"start":{"line":15,"column":4},"end":{"line":15,"column":5}},"loc":{"start":{"line":15,"column":37},"end":{"line":48,"column":5}},"line":15},"2":{"name":"(anonymous_2)","decl":{"start":{"line":19,"column":27},"end":{"line":19,"column":28}},"loc":{"start":{"line":19,"column":48},"end":{"line":47,"column":9}},"line":19},"3":{"name":"(anonymous_3)","decl":{"start":{"line":40,"column":43},"end":{"line":40,"column":44}},"loc":{"start":{"line":40,"column":63},"end":{"line":46,"column":13}},"line":40},"4":{"name":"(anonymous_4)","decl":{"start":{"line":50,"column":4},"end":{"line":50,"column":5}},"loc":{"start":{"line":50,"column":36},"end":{"line":75,"column":5}},"line":50},"5":{"name":"(anonymous_5)","decl":{"start":{"line":54,"column":25},"end":{"line":54,"column":26}},"loc":{"start":{"line":54,"column":46},"end":{"line":74,"column":7}},"line":54},"6":{"name":"(anonymous_6)","decl":{"start":{"line":67,"column":41},"end":{"line":67,"column":42}},"loc":{"start":{"line":67,"column":61},"end":{"line":73,"column":11}},"line":67}},"branchMap":{"0":{"loc":{"start":{"line":16,"column":6},"end":{"line":18,"column":7}},"type":"if","locations":[{"start":{"line":16,"column":6},"end":{"line":18,"column":7}},{"start":{"line":16,"column":6},"end":{"line":18,"column":7}}],"line":16},"1":{"loc":{"start":{"line":16,"column":9},"end":{"line":16,"column":58}},"type":"binary-expr","locations":[{"start":{"line":16,"column":9},"end":{"line":16,"column":19}},{"start":{"line":16,"column":23},"end":{"line":16,"column":33}},{"start":{"line":16,"column":37},"end":{"line":16,"column":58}}],"line":16},"2":{"loc":{"start":{"line":41,"column":16},"end":{"line":45,"column":17}},"type":"if","locations":[{"start":{"line":41,"column":16},"end":{"line":45,"column":17}},{"start":{"line":41,"column":16},"end":{"line":45,"column":17}}],"line":41},"3":{"loc":{"start":{"line":51,"column":6},"end":{"line":53,"column":7}},"type":"if","locations":[{"start":{"line":51,"column":6},"end":{"line":53,"column":7}},{"start":{"line":51,"column":6},"end":{"line":53,"column":7}}],"line":51},"4":{"loc":{"start":{"line":68,"column":14},"end":{"line":72,"column":15}},"type":"if","locations":[{"start":{"line":68,"column":14},"end":{"line":72,"column":15}},{"start":{"line":68,"column":14},"end":{"line":72,"column":15}}],"line":68}},"s":{"0":1,"1":1,"2":13,"3":13,"4":13,"5":5,"6":3,"7":2,"8":2,"9":2,"10":2,"11":2,"12":2,"13":0,"14":2,"15":3,"16":1,"17":2,"18":2,"19":2,"20":2,"21":0,"22":2,"23":1},"f":{"0":13,"1":5,"2":2,"3":2,"4":3,"5":2,"6":2},"b":{"0":[3,2],"1":[5,4,3],"2":[0,2],"3":[1,2],"4":[0,2]},"_coverageSchema":"1a1c01bbd47fc00a2c39e90264f33305004495a9","hash":"1476e22ee07042a8cf0966af34dd53abeaf162f0","contentHash":"af5004b9fdd8e8d7d136fb31956ce8e4d94be0afa5f97a601041232764bee61b"},"/Volumes/development/aws_serverless/src/matchPlayers/matchPlayers.js":{"path":"/Volumes/development/aws_serverless/src/matchPlayers/matchPlayers.js","statementMap":{"0":{"start":{"line":1,"column":20},"end":{"line":1,"column":36}},"1":{"start":{"line":2,"column":0},"end":{"line":4,"column":1}},"2":{"start":{"line":3,"column":4},"end":{"line":3,"column":34}},"3":{"start":{"line":6,"column":21},"end":{"line":6,"column":65}},"4":{"start":{"line":7,"column":21},"end":{"line":7,"column":71}},"5":{"start":{"line":8,"column":28},"end":{"line":8,"column":78}},"6":{"start":{"line":9,"column":21},"end":{"line":9,"column":64}},"7":{"start":{"line":10,"column":18},"end":{"line":10,"column":57}},"8":{"start":{"line":11,"column":12},"end":{"line":11,"column":30}},"9":{"start":{"line":12,"column":13},"end":{"line":12,"column":28}},"10":{"start":{"line":13,"column":11},"end":{"line":13,"column":56}},"11":{"start":{"line":16,"column":21},"end":{"line":27,"column":1}},"12":{"start":{"line":16,"column":29},"end":{"line":27,"column":1}},"13":{"start":{"line":17,"column":4},"end":{"line":17,"column":51}},"14":{"start":{"line":18,"column":21},"end":{"line":18,"column":65}},"15":{"start":{"line":19,"column":4},"end":{"line":19,"column":78}},"16":{"start":{"line":20,"column":4},"end":{"line":20,"column":77}},"17":{"start":{"line":22,"column":4},"end":{"line":25,"column":6}},"18":{"start":{"line":23,"column":8},"end":{"line":23,"column":24}},"19":{"start":{"line":24,"column":8},"end":{"line":24,"column":18}},"20":{"start":{"line":29,"column":21},"end":{"line":82,"column":1}},"21":{"start":{"line":31,"column":25},"end":{"line":31,"column":71}},"22":{"start":{"line":33,"column":4},"end":{"line":80,"column":5}},"23":{"start":{"line":34,"column":30},"end":{"line":34,"column":95}},"24":{"start":{"line":34,"column":77},"end":{"line":34,"column":93}},"25":{"start":{"line":36,"column":24},"end":{"line":39,"column":9}},"26":{"start":{"line":40,"column":24},"end":{"line":51,"column":9}},"27":{"start":{"line":46,"column":16},"end":{"line":49,"column":17}},"28":{"start":{"line":52,"column":26},"end":{"line":56,"column":10}},"29":{"start":{"line":57,"column":8},"end":{"line":68,"column":10}},"30":{"start":{"line":59,"column":95},"end":{"line":59,"column":102}},"31":{"start":{"line":61,"column":12},"end":{"line":67,"column":13}},"32":{"start":{"line":62,"column":16},"end":{"line":64,"column":17}},"33":{"start":{"line":63,"column":20},"end":{"line":63,"column":89}},"34":{"start":{"line":66,"column":16},"end":{"line":66,"column":30}},"35":{"start":{"line":70,"column":32},"end":{"line":75,"column":10}},"36":{"start":{"line":76,"column":26},"end":{"line":76,"column":67}},"37":{"start":{"line":77,"column":32},"end":{"line":77,"column":87}},"38":{"start":{"line":78,"column":8},"end":{"line":78,"column":143}},"39":{"start":{"line":78,"column":91},"end":{"line":78,"column":98}},"40":{"start":{"line":81,"column":4},"end":{"line":81,"column":11}},"41":{"start":{"line":85,"column":0},"end":{"line":99,"column":1}}},"fnMap":{"0":{"name":"(anonymous_0)","decl":{"start":{"line":16,"column":21},"end":{"line":16,"column":22}},"loc":{"start":{"line":16,"column":29},"end":{"line":27,"column":1}},"line":16},"1":{"name":"(anonymous_1)","decl":{"start":{"line":16,"column":29},"end":{"line":16,"column":30}},"loc":{"start":{"line":16,"column":55},"end":{"line":27,"column":1}},"line":16},"2":{"name":"(anonymous_2)","decl":{"start":{"line":22,"column":51},"end":{"line":22,"column":52}},"loc":{"start":{"line":22,"column":58},"end":{"line":25,"column":5}},"line":22},"3":{"name":"(anonymous_3)","decl":{"start":{"line":29,"column":21},"end":{"line":29,"column":22}},"loc":{"start":{"line":29,"column":43},"end":{"line":82,"column":1}},"line":29},"4":{"name":"(anonymous_4)","decl":{"start":{"line":34,"column":70},"end":{"line":34,"column":71}},"loc":{"start":{"line":34,"column":77},"end":{"line":34,"column":93}},"line":34},"5":{"name":"(anonymous_5)","decl":{"start":{"line":45,"column":32},"end":{"line":45,"column":33}},"loc":{"start":{"line":45,"column":37},"end":{"line":50,"column":13}},"line":45},"6":{"name":"(anonymous_6)","decl":{"start":{"line":59,"column":88},"end":{"line":59,"column":89}},"loc":{"start":{"line":59,"column":95},"end":{"line":59,"column":102}},"line":59},"7":{"name":"(anonymous_7)","decl":{"start":{"line":60,"column":17},"end":{"line":60,"column":18}},"loc":{"start":{"line":60,"column":29},"end":{"line":68,"column":9}},"line":60},"8":{"name":"(anonymous_8)","decl":{"start":{"line":78,"column":84},"end":{"line":78,"column":85}},"loc":{"start":{"line":78,"column":91},"end":{"line":78,"column":98}},"line":78}},"branchMap":{"0":{"loc":{"start":{"line":2,"column":0},"end":{"line":4,"column":1}},"type":"if","locations":[{"start":{"line":2,"column":0},"end":{"line":4,"column":1}},{"start":{"line":2,"column":0},"end":{"line":4,"column":1}}],"line":2},"1":{"loc":{"start":{"line":33,"column":4},"end":{"line":80,"column":5}},"type":"if","locations":[{"start":{"line":33,"column":4},"end":{"line":80,"column":5}},{"start":{"line":33,"column":4},"end":{"line":80,"column":5}}],"line":33},"2":{"loc":{"start":{"line":61,"column":12},"end":{"line":67,"column":13}},"type":"if","locations":[{"start":{"line":61,"column":12},"end":{"line":67,"column":13}},{"start":{"line":61,"column":12},"end":{"line":67,"column":13}}],"line":61},"3":{"loc":{"start":{"line":62,"column":16},"end":{"line":64,"column":17}},"type":"if","locations":[{"start":{"line":62,"column":16},"end":{"line":64,"column":17}},{"start":{"line":62,"column":16},"end":{"line":64,"column":17}}],"line":62}},"s":{"0":1,"1":1,"2":0,"3":1,"4":1,"5":1,"6":1,"7":1,"8":1,"9":1,"10":1,"11":1,"12":11,"13":10,"14":10,"15":10,"16":10,"17":10,"18":4,"19":4,"20":1,"21":9,"22":8,"23":7,"24":14,"25":7,"26":7,"27":14,"28":7,"29":7,"30":12,"31":0,"32":0,"33":0,"34":0,"35":6,"36":6,"37":5,"38":5,"39":10,"40":1,"41":1},"f":{"0":11,"1":10,"2":4,"3":9,"4":14,"5":14,"6":12,"7":0,"8":10},"b":{"0":[0,1],"1":[7,1],"2":[0,0],"3":[0,0]},"_coverageSchema":"1a1c01bbd47fc00a2c39e90264f33305004495a9","hash":"d921be9b34d51ae43a369d9adde45765ff017569","contentHash":"ce1f42f9235dfc49348bd472e5ad7cd37e08b40ac7be7ab39228e5a9a2aa77a6"},"/Volumes/development/aws_serverless/src/opt/nodejs/models/request.model.js":{"path":"/Volumes/development/aws_serverless/src/opt/nodejs/models/request.model.js","statementMap":{"0":{"start":{"line":1,"column":11},"end":{"line":1,"column":43}},"1":{"start":{"line":2,"column":18},"end":{"line":2,"column":41}},"2":{"start":{"line":3,"column":13},"end":{"line":3,"column":28}},"3":{"start":{"line":4,"column":12},"end":{"line":4,"column":30}},"4":{"start":{"line":9,"column":8},"end":{"line":9,"column":24}},"5":{"start":{"line":10,"column":25},"end":{"line":10,"column":105}},"6":{"start":{"line":11,"column":8},"end":{"line":11,"column":46}},"7":{"start":{"line":15,"column":8},"end":{"line":15,"column":30}},"8":{"start":{"line":20,"column":8},"end":{"line":22,"column":9}},"9":{"start":{"line":21,"column":12},"end":{"line":21,"column":68}},"10":{"start":{"line":23,"column":28},"end":{"line":23,"column":48}},"11":{"start":{"line":24,"column":26},"end":{"line":24,"column":43}},"12":{"start":{"line":25,"column":27},"end":{"line":25,"column":29}},"13":{"start":{"line":26,"column":8},"end":{"line":33,"column":10}},"14":{"start":{"line":27,"column":12},"end":{"line":32,"column":13}},"15":{"start":{"line":34,"column":30},"end":{"line":46,"column":9}},"16":{"start":{"line":47,"column":8},"end":{"line":47,"column":82}},"17":{"start":{"line":47,"column":71},"end":{"line":47,"column":80}},"18":{"start":{"line":51,"column":8},"end":{"line":53,"column":9}},"19":{"start":{"line":52,"column":12},"end":{"line":52,"column":70}},"20":{"start":{"line":54,"column":28},"end":{"line":65,"column":9}},"21":{"start":{"line":67,"column":8},"end":{"line":67,"column":60}},"22":{"start":{"line":71,"column":8},"end":{"line":73,"column":9}},"23":{"start":{"line":72,"column":12},"end":{"line":72,"column":89}},"24":{"start":{"line":74,"column":27},"end":{"line":74,"column":47}},"25":{"start":{"line":75,"column":28},"end":{"line":90,"column":9}},"26":{"start":{"line":92,"column":8},"end":{"line":92,"column":61}},"27":{"start":{"line":98,"column":0},"end":{"line":98,"column":29}}},"fnMap":{"0":{"name":"(anonymous_0)","decl":{"start":{"line":8,"column":4},"end":{"line":8,"column":5}},"loc":{"start":{"line":8,"column":22},"end":{"line":12,"column":5}},"line":8},"1":{"name":"(anonymous_1)","decl":{"start":{"line":14,"column":4},"end":{"line":14,"column":5}},"loc":{"start":{"line":14,"column":20},"end":{"line":16,"column":5}},"line":14},"2":{"name":"(anonymous_2)","decl":{"start":{"line":19,"column":4},"end":{"line":19,"column":5}},"loc":{"start":{"line":19,"column":24},"end":{"line":48,"column":5}},"line":19},"3":{"name":"(anonymous_3)","decl":{"start":{"line":26,"column":24},"end":{"line":26,"column":25}},"loc":{"start":{"line":26,"column":29},"end":{"line":33,"column":9}},"line":26},"4":{"name":"(anonymous_4)","decl":{"start":{"line":47,"column":65},"end":{"line":47,"column":66}},"loc":{"start":{"line":47,"column":71},"end":{"line":47,"column":80}},"line":47},"5":{"name":"(anonymous_5)","decl":{"start":{"line":50,"column":4},"end":{"line":50,"column":5}},"loc":{"start":{"line":50,"column":31},"end":{"line":68,"column":5}},"line":50},"6":{"name":"(anonymous_6)","decl":{"start":{"line":70,"column":4},"end":{"line":70,"column":5}},"loc":{"start":{"line":70,"column":34},"end":{"line":93,"column":5}},"line":70},"7":{"name":"(anonymous_7)","decl":{"start":{"line":95,"column":4},"end":{"line":95,"column":5}},"loc":{"start":{"line":95,"column":34},"end":{"line":96,"column":5}},"line":95}},"branchMap":{"0":{"loc":{"start":{"line":20,"column":8},"end":{"line":22,"column":9}},"type":"if","locations":[{"start":{"line":20,"column":8},"end":{"line":22,"column":9}},{"start":{"line":20,"column":8},"end":{"line":22,"column":9}}],"line":20},"1":{"loc":{"start":{"line":20,"column":11},"end":{"line":20,"column":42}},"type":"binary-expr","locations":[{"start":{"line":20,"column":11},"end":{"line":20,"column":19}},{"start":{"line":20,"column":23},"end":{"line":20,"column":42}}],"line":20},"2":{"loc":{"start":{"line":51,"column":8},"end":{"line":53,"column":9}},"type":"if","locations":[{"start":{"line":51,"column":8},"end":{"line":53,"column":9}},{"start":{"line":51,"column":8},"end":{"line":53,"column":9}}],"line":51},"3":{"loc":{"start":{"line":51,"column":11},"end":{"line":51,"column":41}},"type":"binary-expr","locations":[{"start":{"line":51,"column":11},"end":{"line":51,"column":19}},{"start":{"line":51,"column":23},"end":{"line":51,"column":41}}],"line":51},"4":{"loc":{"start":{"line":71,"column":8},"end":{"line":73,"column":9}},"type":"if","locations":[{"start":{"line":71,"column":8},"end":{"line":73,"column":9}},{"start":{"line":71,"column":8},"end":{"line":73,"column":9}}],"line":71},"5":{"loc":{"start":{"line":71,"column":11},"end":{"line":71,"column":73}},"type":"binary-expr","locations":[{"start":{"line":71,"column":11},"end":{"line":71,"column":21}},{"start":{"line":71,"column":25},"end":{"line":71,"column":29}},{"start":{"line":71,"column":33},"end":{"line":71,"column":48}},{"start":{"line":71,"column":52},"end":{"line":71,"column":73}}],"line":71}},"s":{"0":1,"1":1,"2":1,"3":1,"4":13,"5":13,"6":13,"7":1,"8":4,"9":1,"10":3,"11":3,"12":3,"13":3,"14":3,"15":3,"16":3,"17":3,"18":4,"19":2,"20":2,"21":2,"22":4,"23":2,"24":2,"25":2,"26":2,"27":1},"f":{"0":13,"1":1,"2":4,"3":3,"4":3,"5":4,"6":4,"7":0},"b":{"0":[1,3],"1":[4,3],"2":[2,2],"3":[4,3],"4":[2,2],"5":[4,3,2,2]},"_coverageSchema":"1a1c01bbd47fc00a2c39e90264f33305004495a9","hash":"bd33b485d0ab74862600049667765665adde5b98","contentHash":"05cd31800d19590bfd6f926365e5952dec080dc41daae5728db3ebe00e95e57f"},"/Volumes/development/aws_serverless/src/mongoDBAtlas/cluster/cluster.js":{"path":"/Volumes/development/aws_serverless/src/mongoDBAtlas/cluster/cluster.js","statementMap":{"0":{"start":{"line":1,"column":20},"end":{"line":1,"column":46}},"1":{"start":{"line":2,"column":0},"end":{"line":4,"column":1}},"2":{"start":{"line":3,"column":4},"end":{"line":3,"column":34}},"3":{"start":{"line":7,"column":20},"end":{"line":7,"column":55}},"4":{"start":{"line":8,"column":20},"end":{"line":8,"column":80}},"5":{"start":{"line":9,"column":38},"end":{"line":9,"column":96}},"6":{"start":{"line":12,"column":0},"end":{"line":20,"column":1}},"7":{"start":{"line":13,"column":2},"end":{"line":15,"column":3}},"8":{"start":{"line":14,"column":4},"end":{"line":14,"column":66}},"9":{"start":{"line":16,"column":18},"end":{"line":16,"column":31}},"10":{"start":{"line":17,"column":22},"end":{"line":17,"column":32}},"11":{"start":{"line":18,"column":14},"end":{"line":18,"column":98}},"12":{"start":{"line":19,"column":2},"end":{"line":19,"column":51}},"13":{"start":{"line":19,"column":42},"end":{"line":19,"column":50}},"14":{"start":{"line":23,"column":0},"end":{"line":32,"column":1}},"15":{"start":{"line":24,"column":4},"end":{"line":26,"column":5}},"16":{"start":{"line":25,"column":6},"end":{"line":25,"column":68}},"17":{"start":{"line":27,"column":20},"end":{"line":27,"column":33}},"18":{"start":{"line":28,"column":19},"end":{"line":28,"column":51}},"19":{"start":{"line":29,"column":4},"end":{"line":29,"column":23}},"20":{"start":{"line":30,"column":16},"end":{"line":30,"column":85}},"21":{"start":{"line":31,"column":4},"end":{"line":31,"column":62}},"22":{"start":{"line":31,"column":53},"end":{"line":31,"column":61}},"23":{"start":{"line":34,"column":0},"end":{"line":43,"column":1}},"24":{"start":{"line":35,"column":2},"end":{"line":37,"column":3}},"25":{"start":{"line":36,"column":4},"end":{"line":36,"column":66}},"26":{"start":{"line":38,"column":22},"end":{"line":38,"column":46}},"27":{"start":{"line":39,"column":18},"end":{"line":39,"column":31}},"28":{"start":{"line":40,"column":17},"end":{"line":40,"column":49}},"29":{"start":{"line":41,"column":14},"end":{"line":41,"column":98}},"30":{"start":{"line":42,"column":2},"end":{"line":42,"column":61}},"31":{"start":{"line":42,"column":52},"end":{"line":42,"column":60}},"32":{"start":{"line":45,"column":0},"end":{"line":53,"column":1}},"33":{"start":{"line":46,"column":2},"end":{"line":48,"column":3}},"34":{"start":{"line":47,"column":4},"end":{"line":47,"column":66}},"35":{"start":{"line":49,"column":22},"end":{"line":49,"column":46}},"36":{"start":{"line":50,"column":18},"end":{"line":50,"column":31}},"37":{"start":{"line":51,"column":14},"end":{"line":51,"column":98}},"38":{"start":{"line":52,"column":2},"end":{"line":52,"column":54}},"39":{"start":{"line":52,"column":45},"end":{"line":52,"column":53}}},"fnMap":{"0":{"name":"(anonymous_0)","decl":{"start":{"line":12,"column":23},"end":{"line":12,"column":24}},"loc":{"start":{"line":12,"column":34},"end":{"line":20,"column":1}},"line":12},"1":{"name":"(anonymous_1)","decl":{"start":{"line":19,"column":35},"end":{"line":19,"column":36}},"loc":{"start":{"line":19,"column":42},"end":{"line":19,"column":50}},"line":19},"2":{"name":"(anonymous_2)","decl":{"start":{"line":23,"column":24},"end":{"line":23,"column":25}},"loc":{"start":{"line":23,"column":35},"end":{"line":32,"column":1}},"line":23},"3":{"name":"(anonymous_3)","decl":{"start":{"line":31,"column":46},"end":{"line":31,"column":47}},"loc":{"start":{"line":31,"column":53},"end":{"line":31,"column":61}},"line":31},"4":{"name":"(anonymous_4)","decl":{"start":{"line":34,"column":24},"end":{"line":34,"column":25}},"loc":{"start":{"line":34,"column":35},"end":{"line":43,"column":1}},"line":34},"5":{"name":"(anonymous_5)","decl":{"start":{"line":42,"column":45},"end":{"line":42,"column":46}},"loc":{"start":{"line":42,"column":52},"end":{"line":42,"column":60}},"line":42},"6":{"name":"(anonymous_6)","decl":{"start":{"line":45,"column":24},"end":{"line":45,"column":25}},"loc":{"start":{"line":45,"column":35},"end":{"line":53,"column":1}},"line":45},"7":{"name":"(anonymous_7)","decl":{"start":{"line":52,"column":38},"end":{"line":52,"column":39}},"loc":{"start":{"line":52,"column":45},"end":{"line":52,"column":53}},"line":52}},"branchMap":{"0":{"loc":{"start":{"line":2,"column":0},"end":{"line":4,"column":1}},"type":"if","locations":[{"start":{"line":2,"column":0},"end":{"line":4,"column":1}},{"start":{"line":2,"column":0},"end":{"line":4,"column":1}}],"line":2},"1":{"loc":{"start":{"line":13,"column":2},"end":{"line":15,"column":3}},"type":"if","locations":[{"start":{"line":13,"column":2},"end":{"line":15,"column":3}},{"start":{"line":13,"column":2},"end":{"line":15,"column":3}}],"line":13},"2":{"loc":{"start":{"line":13,"column":5},"end":{"line":13,"column":44}},"type":"binary-expr","locations":[{"start":{"line":13,"column":5},"end":{"line":13,"column":11}},{"start":{"line":13,"column":15},"end":{"line":13,"column":29}},{"start":{"line":13,"column":33},"end":{"line":13,"column":44}}],"line":13},"3":{"loc":{"start":{"line":24,"column":4},"end":{"line":26,"column":5}},"type":"if","locations":[{"start":{"line":24,"column":4},"end":{"line":26,"column":5}},{"start":{"line":24,"column":4},"end":{"line":26,"column":5}}],"line":24},"4":{"loc":{"start":{"line":24,"column":7},"end":{"line":24,"column":31}},"type":"binary-expr","locations":[{"start":{"line":24,"column":7},"end":{"line":24,"column":13}},{"start":{"line":24,"column":17},"end":{"line":24,"column":31}}],"line":24},"5":{"loc":{"start":{"line":35,"column":2},"end":{"line":37,"column":3}},"type":"if","locations":[{"start":{"line":35,"column":2},"end":{"line":37,"column":3}},{"start":{"line":35,"column":2},"end":{"line":37,"column":3}}],"line":35},"6":{"loc":{"start":{"line":35,"column":5},"end":{"line":35,"column":29}},"type":"binary-expr","locations":[{"start":{"line":35,"column":5},"end":{"line":35,"column":11}},{"start":{"line":35,"column":15},"end":{"line":35,"column":29}}],"line":35},"7":{"loc":{"start":{"line":46,"column":2},"end":{"line":48,"column":3}},"type":"if","locations":[{"start":{"line":46,"column":2},"end":{"line":48,"column":3}},{"start":{"line":46,"column":2},"end":{"line":48,"column":3}}],"line":46},"8":{"loc":{"start":{"line":46,"column":5},"end":{"line":46,"column":29}},"type":"binary-expr","locations":[{"start":{"line":46,"column":5},"end":{"line":46,"column":11}},{"start":{"line":46,"column":15},"end":{"line":46,"column":29}}],"line":46}},"s":{"0":1,"1":1,"2":0,"3":1,"4":1,"5":1,"6":1,"7":6,"8":3,"9":3,"10":3,"11":3,"12":3,"13":3,"14":1,"15":6,"16":2,"17":4,"18":4,"19":4,"20":4,"21":4,"22":4,"23":1,"24":4,"25":2,"26":2,"27":2,"28":2,"29":2,"30":2,"31":2,"32":1,"33":5,"34":2,"35":3,"36":3,"37":3,"38":3,"39":3},"f":{"0":6,"1":3,"2":6,"3":4,"4":4,"5":2,"6":5,"7":3},"b":{"0":[0,1],"1":[3,3],"2":[6,5,4],"3":[2,4],"4":[6,5],"5":[2,2],"6":[4,3],"7":[2,3],"8":[5,4]},"_coverageSchema":"1a1c01bbd47fc00a2c39e90264f33305004495a9","hash":"19cb0095b78a1b69bdf76fd909ae49b002f71403","contentHash":"d17f493b33afde684ce08ca3b5152aaaf8ca45d87dd287bc963f7cfaa9b0af73"},"/Volumes/development/aws_serverless/src/opt/nodejs/utils/removeUnrelatedProperties.js":{"path":"/Volumes/development/aws_serverless/src/opt/nodejs/utils/removeUnrelatedProperties.js","statementMap":{"0":{"start":{"line":1,"column":0},"end":{"line":16,"column":1}},"1":{"start":{"line":2,"column":19},"end":{"line":2,"column":29}},"2":{"start":{"line":3,"column":4},"end":{"line":3,"column":29}},"3":{"start":{"line":4,"column":4},"end":{"line":4,"column":27}},"4":{"start":{"line":5,"column":4},"end":{"line":5,"column":29}},"5":{"start":{"line":6,"column":4},"end":{"line":6,"column":30}},"6":{"start":{"line":7,"column":4},"end":{"line":7,"column":35}},"7":{"start":{"line":8,"column":4},"end":{"line":8,"column":36}},"8":{"start":{"line":9,"column":4},"end":{"line":9,"column":30}},"9":{"start":{"line":11,"column":4},"end":{"line":11,"column":25}},"10":{"start":{"line":12,"column":4},"end":{"line":12,"column":23}},"11":{"start":{"line":13,"column":4},"end":{"line":13,"column":25}},"12":{"start":{"line":14,"column":4},"end":{"line":14,"column":36}},"13":{"start":{"line":15,"column":4},"end":{"line":15,"column":17}}},"fnMap":{"0":{"name":"(anonymous_0)","decl":{"start":{"line":1,"column":36},"end":{"line":1,"column":37}},"loc":{"start":{"line":1,"column":47},"end":{"line":16,"column":1}},"line":1}},"branchMap":{},"s":{"0":1,"1":44,"2":44,"3":44,"4":44,"5":44,"6":44,"7":44,"8":44,"9":44,"10":44,"11":44,"12":44,"13":44},"f":{"0":44},"b":{},"_coverageSchema":"1a1c01bbd47fc00a2c39e90264f33305004495a9","hash":"9235dd36a99eeb2d3c51382b0158315004e31b02","contentHash":"57e6dbeaf60a8635c610ffce3d0100624aff19b3bd43a4ff4e5c2f22d2235883"},"/Volumes/development/aws_serverless/src/mongoDBAtlas/cluster/clusterState.js":{"path":"/Volumes/development/aws_serverless/src/mongoDBAtlas/cluster/clusterState.js","statementMap":{"0":{"start":{"line":1,"column":16},"end":{"line":1,"column":36}},"1":{"start":{"line":3,"column":0},"end":{"line":26,"column":1}},"2":{"start":{"line":4,"column":16},"end":{"line":4,"column":17}},"3":{"start":{"line":5,"column":4},"end":{"line":25,"column":6}},"4":{"start":{"line":6,"column":25},"end":{"line":23,"column":25}},"5":{"start":{"line":7,"column":12},"end":{"line":7,"column":19}},"6":{"start":{"line":8,"column":12},"end":{"line":11,"column":13}},"7":{"start":{"line":9,"column":16},"end":{"line":9,"column":39}},"8":{"start":{"line":10,"column":16},"end":{"line":10,"column":25}},"9":{"start":{"line":12,"column":12},"end":{"line":22,"column":13}},"10":{"start":{"line":13,"column":16},"end":{"line":13,"column":75}},"11":{"start":{"line":14,"column":32},"end":{"line":14,"column":65}},"12":{"start":{"line":15,"column":16},"end":{"line":15,"column":72}},"13":{"start":{"line":16,"column":16},"end":{"line":19,"column":17}},"14":{"start":{"line":17,"column":20},"end":{"line":17,"column":43}},"15":{"start":{"line":18,"column":20},"end":{"line":18,"column":36}},"16":{"start":{"line":21,"column":16},"end":{"line":21,"column":32}}},"fnMap":{"0":{"name":"(anonymous_0)","decl":{"start":{"line":3,"column":29},"end":{"line":3,"column":30}},"loc":{"start":{"line":3,"column":75},"end":{"line":26,"column":1}},"line":3},"1":{"name":"(anonymous_1)","decl":{"start":{"line":5,"column":23},"end":{"line":5,"column":24}},"loc":{"start":{"line":5,"column":36},"end":{"line":25,"column":5}},"line":5},"2":{"name":"(anonymous_2)","decl":{"start":{"line":6,"column":37},"end":{"line":6,"column":38}},"loc":{"start":{"line":6,"column":49},"end":{"line":23,"column":9}},"line":6}},"branchMap":{"0":{"loc":{"start":{"line":8,"column":12},"end":{"line":11,"column":13}},"type":"if","locations":[{"start":{"line":8,"column":12},"end":{"line":11,"column":13}},{"start":{"line":8,"column":12},"end":{"line":11,"column":13}}],"line":8},"1":{"loc":{"start":{"line":16,"column":16},"end":{"line":19,"column":17}},"type":"if","locations":[{"start":{"line":16,"column":16},"end":{"line":19,"column":17}},{"start":{"line":16,"column":16},"end":{"line":19,"column":17}}],"line":16}},"s":{"0":1,"1":1,"2":3,"3":3,"4":3,"5":5,"6":5,"7":3,"8":3,"9":5,"10":5,"11":5,"12":5,"13":5,"14":0,"15":0,"16":5},"f":{"0":3,"1":3,"2":5},"b":{"0":[3,2],"1":[0,0]},"_coverageSchema":"1a1c01bbd47fc00a2c39e90264f33305004495a9","hash":"df9e91d59aa6f7015700058d9b13a32f38dcba21","contentHash":"3f2dc7c24af61c7c3ac8cd5ea63557969a9e2699a3e1f65ec35cdf09b6d88a8b"},"/Volumes/development/aws_serverless/src/mongoDBAtlas/cluster/index.js":{"path":"/Volumes/development/aws_serverless/src/mongoDBAtlas/cluster/index.js","statementMap":{"0":{"start":{"line":1,"column":20},"end":{"line":1,"column":46}},"1":{"start":{"line":2,"column":0},"end":{"line":4,"column":1}},"2":{"start":{"line":3,"column":4},"end":{"line":3,"column":34}},"3":{"start":{"line":7,"column":16},"end":{"line":7,"column":36}},"4":{"start":{"line":8,"column":22},"end":{"line":8,"column":47}},"5":{"start":{"line":9,"column":11},"end":{"line":9,"column":56}},"6":{"start":{"line":10,"column":11},"end":{"line":10,"column":51}},"7":{"start":{"line":12,"column":0},"end":{"line":50,"column":1}},"8":{"start":{"line":14,"column":20},"end":{"line":14,"column":22}},"9":{"start":{"line":15,"column":22},"end":{"line":15,"column":26}},"10":{"start":{"line":16,"column":25},"end":{"line":16,"column":34}},"11":{"start":{"line":17,"column":23},"end":{"line":17,"column":25}},"12":{"start":{"line":19,"column":4},"end":{"line":49,"column":5}},"13":{"start":{"line":21,"column":8},"end":{"line":21,"column":55}},"14":{"start":{"line":23,"column":29},"end":{"line":23,"column":63}},"15":{"start":{"line":24,"column":8},"end":{"line":24,"column":48}},"16":{"start":{"line":26,"column":8},"end":{"line":26,"column":59}},"17":{"start":{"line":27,"column":8},"end":{"line":45,"column":9}},"18":{"start":{"line":29,"column":14},"end":{"line":29,"column":48}},"19":{"start":{"line":30,"column":14},"end":{"line":30,"column":93}},"20":{"start":{"line":31,"column":14},"end":{"line":31,"column":75}},"21":{"start":{"line":32,"column":14},"end":{"line":32,"column":86}},"22":{"start":{"line":34,"column":14},"end":{"line":34,"column":48}},"23":{"start":{"line":35,"column":14},"end":{"line":35,"column":93}},"24":{"start":{"line":36,"column":14},"end":{"line":36,"column":75}},"25":{"start":{"line":37,"column":14},"end":{"line":37,"column":86}},"26":{"start":{"line":39,"column":14},"end":{"line":39,"column":48}},"27":{"start":{"line":40,"column":14},"end":{"line":40,"column":82}},"28":{"start":{"line":41,"column":14},"end":{"line":41,"column":86}},"29":{"start":{"line":43,"column":14},"end":{"line":43,"column":67}},"30":{"start":{"line":44,"column":14},"end":{"line":44,"column":76}},"31":{"start":{"line":47,"column":8},"end":{"line":47,"column":78}},"32":{"start":{"line":48,"column":8},"end":{"line":48,"column":70}}},"fnMap":{"0":{"name":"(anonymous_0)","decl":{"start":{"line":12,"column":18},"end":{"line":12,"column":19}},"loc":{"start":{"line":12,"column":44},"end":{"line":50,"column":1}},"line":12}},"branchMap":{"0":{"loc":{"start":{"line":2,"column":0},"end":{"line":4,"column":1}},"type":"if","locations":[{"start":{"line":2,"column":0},"end":{"line":4,"column":1}},{"start":{"line":2,"column":0},"end":{"line":4,"column":1}}],"line":2},"1":{"loc":{"start":{"line":27,"column":8},"end":{"line":45,"column":9}},"type":"switch","locations":[{"start":{"line":28,"column":12},"end":{"line":32,"column":86}},{"start":{"line":33,"column":12},"end":{"line":37,"column":86}},{"start":{"line":38,"column":12},"end":{"line":41,"column":86}},{"start":{"line":42,"column":12},"end":{"line":44,"column":76}}],"line":27}},"s":{"0":1,"1":1,"2":0,"3":1,"4":1,"5":1,"6":1,"7":1,"8":9,"9":9,"10":9,"11":9,"12":9,"13":9,"14":9,"15":9,"16":9,"17":9,"18":4,"19":3,"20":3,"21":3,"22":2,"23":2,"24":2,"25":2,"26":2,"27":2,"28":2,"29":1,"30":1,"31":1,"32":1},"f":{"0":9},"b":{"0":[0,1],"1":[4,2,2,1]},"_coverageSchema":"1a1c01bbd47fc00a2c39e90264f33305004495a9","hash":"112c4dadd8e696a12294865f2ce9c81bdbbc98d4","contentHash":"bcd064326e22b123d299bfd757e47388a1add33df3476f460ac5f2cda90a8c41"},"/Volumes/development/aws_serverless/src/opt/nodejs/utils/sendResponse.js":{"path":"/Volumes/development/aws_serverless/src/opt/nodejs/utils/sendResponse.js","statementMap":{"0":{"start":{"line":1,"column":14},"end":{"line":1,"column":30}},"1":{"start":{"line":5,"column":0},"end":{"line":51,"column":1}},"2":{"start":{"line":7,"column":4},"end":{"line":10,"column":5}},"3":{"start":{"line":8,"column":8},"end":{"line":8,"column":65}},"4":{"start":{"line":9,"column":8},"end":{"line":9,"column":70}},"5":{"start":{"line":12,"column":18},"end":{"line":12,"column":19}},"6":{"start":{"line":13,"column":16},"end":{"line":13,"column":17}},"7":{"start":{"line":14,"column":15},"end":{"line":14,"column":20}},"8":{"start":{"line":15,"column":16},"end":{"line":15,"column":20}},"9":{"start":{"line":17,"column":4},"end":{"line":43,"column":5}},"10":{"start":{"line":18,"column":8},"end":{"line":42,"column":9}},"11":{"start":{"line":19,"column":31},"end":{"line":27,"column":13}},"12":{"start":{"line":30,"column":12},"end":{"line":30,"column":19}},"13":{"start":{"line":31,"column":28},"end":{"line":34,"column":13}},"14":{"start":{"line":35,"column":12},"end":{"line":35,"column":101}},"15":{"start":{"line":35,"column":92},"end":{"line":35,"column":100}},"16":{"start":{"line":36,"column":12},"end":{"line":36,"column":81}},"17":{"start":{"line":37,"column":12},"end":{"line":37,"column":23}},"18":{"start":{"line":40,"column":12},"end":{"line":40,"column":80}},"19":{"start":{"line":41,"column":12},"end":{"line":41,"column":23}},"20":{"start":{"line":45,"column":4},"end":{"line":50,"column":5}},"21":{"start":{"line":46,"column":8},"end":{"line":46,"column":85}},"22":{"start":{"line":47,"column":8},"end":{"line":47,"column":19}},"23":{"start":{"line":49,"column":8},"end":{"line":49,"column":19}}},"fnMap":{"0":{"name":"(anonymous_0)","decl":{"start":{"line":5,"column":23},"end":{"line":5,"column":24}},"loc":{"start":{"line":5,"column":79},"end":{"line":51,"column":1}},"line":5},"1":{"name":"(anonymous_1)","decl":{"start":{"line":35,"column":85},"end":{"line":35,"column":86}},"loc":{"start":{"line":35,"column":92},"end":{"line":35,"column":100}},"line":35}},"branchMap":{"0":{"loc":{"start":{"line":7,"column":4},"end":{"line":10,"column":5}},"type":"if","locations":[{"start":{"line":7,"column":4},"end":{"line":10,"column":5}},{"start":{"line":7,"column":4},"end":{"line":10,"column":5}}],"line":7},"1":{"loc":{"start":{"line":7,"column":7},"end":{"line":7,"column":44}},"type":"binary-expr","locations":[{"start":{"line":7,"column":7},"end":{"line":7,"column":13}},{"start":{"line":7,"column":17},"end":{"line":7,"column":25}},{"start":{"line":7,"column":29},"end":{"line":7,"column":44}}],"line":7},"2":{"loc":{"start":{"line":17,"column":10},"end":{"line":17,"column":42}},"type":"binary-expr","locations":[{"start":{"line":17,"column":10},"end":{"line":17,"column":25}},{"start":{"line":17,"column":29},"end":{"line":17,"column":42}}],"line":17},"3":{"loc":{"start":{"line":22,"column":36},"end":{"line":22,"column":85}},"type":"binary-expr","locations":[{"start":{"line":22,"column":36},"end":{"line":22,"column":60}},{"start":{"line":22,"column":64},"end":{"line":22,"column":85}}],"line":22},"4":{"loc":{"start":{"line":45,"column":4},"end":{"line":50,"column":5}},"type":"if","locations":[{"start":{"line":45,"column":4},"end":{"line":50,"column":5}},{"start":{"line":45,"column":4},"end":{"line":50,"column":5}}],"line":45}},"s":{"0":1,"1":1,"2":6,"3":3,"4":3,"5":3,"6":3,"7":3,"8":3,"9":3,"10":5,"11":5,"12":5,"13":5,"14":5,"15":2,"16":2,"17":2,"18":3,"19":3,"20":3,"21":1,"22":1,"23":2},"f":{"0":6,"1":2},"b":{"0":[3,3],"1":[6,5,4],"2":[8,7],"3":[5,0],"4":[1,2]},"_coverageSchema":"1a1c01bbd47fc00a2c39e90264f33305004495a9","hash":"9c3a19c49cb0bd7c2333bf707231d09c4bea8ed0","contentHash":"e78b1f3733e2f996584736d75927827da830e9b53655f0a7abc43f6a54542eac"},"/Volumes/development/aws_serverless/src/opt/nodejs/utils/timeout.js":{"path":"/Volumes/development/aws_serverless/src/opt/nodejs/utils/timeout.js","statementMap":{"0":{"start":{"line":1,"column":11},"end":{"line":1,"column":36}},"1":{"start":{"line":4,"column":0},"end":{"line":12,"column":1}},"2":{"start":{"line":5,"column":4},"end":{"line":11,"column":6}},"3":{"start":{"line":6,"column":8},"end":{"line":10,"column":24}},"4":{"start":{"line":7,"column":12},"end":{"line":7,"column":135}},"5":{"start":{"line":8,"column":12},"end":{"line":8,"column":81}},"6":{"start":{"line":8,"column":77},"end":{"line":8,"column":80}},"7":{"start":{"line":9,"column":12},"end":{"line":9,"column":21}}},"fnMap":{"0":{"name":"(anonymous_0)","decl":{"start":{"line":4,"column":18},"end":{"line":4,"column":19}},"loc":{"start":{"line":4,"column":58},"end":{"line":12,"column":1}},"line":4},"1":{"name":"(anonymous_1)","decl":{"start":{"line":5,"column":22},"end":{"line":5,"column":23}},"loc":{"start":{"line":5,"column":35},"end":{"line":11,"column":5}},"line":5},"2":{"name":"(anonymous_2)","decl":{"start":{"line":6,"column":19},"end":{"line":6,"column":20}},"loc":{"start":{"line":6,"column":31},"end":{"line":10,"column":9}},"line":6},"3":{"name":"(anonymous_3)","decl":{"start":{"line":8,"column":70},"end":{"line":8,"column":71}},"loc":{"start":{"line":8,"column":77},"end":{"line":8,"column":80}},"line":8}},"branchMap":{},"s":{"0":1,"1":1,"2":53,"3":53,"4":53,"5":53,"6":0,"7":53},"f":{"0":53,"1":53,"2":53,"3":0},"b":{},"_coverageSchema":"1a1c01bbd47fc00a2c39e90264f33305004495a9","hash":"74d578602bc26d74c5f400173a6abe5a9af44695","contentHash":"8256962e9db93a285023f9b8cc7e009fc47a7b5bdbd87b4358ba84cccdc3b467"},"/Volumes/development/aws_serverless/src/mongoDBAtlas/collection/collection.js":{"path":"/Volumes/development/aws_serverless/src/mongoDBAtlas/collection/collection.js","statementMap":{"0":{"start":{"line":1,"column":20},"end":{"line":1,"column":46}},"1":{"start":{"line":2,"column":0},"end":{"line":4,"column":1}},"2":{"start":{"line":3,"column":4},"end":{"line":3,"column":34}},"3":{"start":{"line":6,"column":20},"end":{"line":6,"column":38}},"4":{"start":{"line":8,"column":0},"end":{"line":23,"column":1}},"5":{"start":{"line":9,"column":4},"end":{"line":9,"column":39}},"6":{"start":{"line":10,"column":4},"end":{"line":13,"column":5}},"7":{"start":{"line":11,"column":8},"end":{"line":11,"column":67}},"8":{"start":{"line":12,"column":8},"end":{"line":12,"column":70}},"9":{"start":{"line":14,"column":4},"end":{"line":14,"column":22}},"10":{"start":{"line":15,"column":16},"end":{"line":15,"column":48}},"11":{"start":{"line":16,"column":19},"end":{"line":16,"column":51}},"12":{"start":{"line":17,"column":4},"end":{"line":17,"column":27}},"13":{"start":{"line":18,"column":4},"end":{"line":18,"column":49}},"14":{"start":{"line":20,"column":15},"end":{"line":20,"column":40}},"15":{"start":{"line":21,"column":4},"end":{"line":21,"column":61}},"16":{"start":{"line":22,"column":4},"end":{"line":22,"column":35}},"17":{"start":{"line":25,"column":0},"end":{"line":41,"column":1}},"18":{"start":{"line":26,"column":4},"end":{"line":26,"column":39}},"19":{"start":{"line":27,"column":4},"end":{"line":30,"column":5}},"20":{"start":{"line":28,"column":8},"end":{"line":28,"column":67}},"21":{"start":{"line":29,"column":8},"end":{"line":29,"column":70}},"22":{"start":{"line":32,"column":16},"end":{"line":32,"column":48}},"23":{"start":{"line":33,"column":19},"end":{"line":33,"column":51}},"24":{"start":{"line":35,"column":4},"end":{"line":35,"column":27}},"25":{"start":{"line":36,"column":4},"end":{"line":36,"column":49}},"26":{"start":{"line":38,"column":15},"end":{"line":38,"column":40}},"27":{"start":{"line":39,"column":4},"end":{"line":39,"column":61}},"28":{"start":{"line":40,"column":4},"end":{"line":40,"column":35}},"29":{"start":{"line":43,"column":0},"end":{"line":59,"column":1}},"30":{"start":{"line":44,"column":4},"end":{"line":44,"column":38}},"31":{"start":{"line":45,"column":4},"end":{"line":48,"column":5}},"32":{"start":{"line":46,"column":8},"end":{"line":46,"column":67}},"33":{"start":{"line":47,"column":8},"end":{"line":47,"column":70}},"34":{"start":{"line":50,"column":16},"end":{"line":50,"column":48}},"35":{"start":{"line":51,"column":19},"end":{"line":51,"column":51}},"36":{"start":{"line":53,"column":4},"end":{"line":53,"column":27}},"37":{"start":{"line":54,"column":4},"end":{"line":54,"column":49}},"38":{"start":{"line":56,"column":15},"end":{"line":56,"column":40}},"39":{"start":{"line":57,"column":4},"end":{"line":57,"column":45}},"40":{"start":{"line":58,"column":4},"end":{"line":58,"column":35}}},"fnMap":{"0":{"name":"(anonymous_0)","decl":{"start":{"line":8,"column":27},"end":{"line":8,"column":28}},"loc":{"start":{"line":8,"column":44},"end":{"line":23,"column":1}},"line":8},"1":{"name":"(anonymous_1)","decl":{"start":{"line":25,"column":27},"end":{"line":25,"column":28}},"loc":{"start":{"line":25,"column":44},"end":{"line":41,"column":1}},"line":25},"2":{"name":"(anonymous_2)","decl":{"start":{"line":43,"column":27},"end":{"line":43,"column":28}},"loc":{"start":{"line":43,"column":44},"end":{"line":59,"column":1}},"line":43}},"branchMap":{"0":{"loc":{"start":{"line":2,"column":0},"end":{"line":4,"column":1}},"type":"if","locations":[{"start":{"line":2,"column":0},"end":{"line":4,"column":1}},{"start":{"line":2,"column":0},"end":{"line":4,"column":1}}],"line":2},"1":{"loc":{"start":{"line":10,"column":4},"end":{"line":13,"column":5}},"type":"if","locations":[{"start":{"line":10,"column":4},"end":{"line":13,"column":5}},{"start":{"line":10,"column":4},"end":{"line":13,"column":5}}],"line":10},"2":{"loc":{"start":{"line":10,"column":7},"end":{"line":10,"column":67}},"type":"binary-expr","locations":[{"start":{"line":10,"column":7},"end":{"line":10,"column":13}},{"start":{"line":10,"column":17},"end":{"line":10,"column":34}},{"start":{"line":10,"column":38},"end":{"line":10,"column":48}},{"start":{"line":10,"column":52},"end":{"line":10,"column":67}}],"line":10},"3":{"loc":{"start":{"line":27,"column":4},"end":{"line":30,"column":5}},"type":"if","locations":[{"start":{"line":27,"column":4},"end":{"line":30,"column":5}},{"start":{"line":27,"column":4},"end":{"line":30,"column":5}}],"line":27},"4":{"loc":{"start":{"line":27,"column":7},"end":{"line":27,"column":67}},"type":"binary-expr","locations":[{"start":{"line":27,"column":7},"end":{"line":27,"column":13}},{"start":{"line":27,"column":17},"end":{"line":27,"column":34}},{"start":{"line":27,"column":38},"end":{"line":27,"column":48}},{"start":{"line":27,"column":52},"end":{"line":27,"column":67}}],"line":27},"5":{"loc":{"start":{"line":45,"column":4},"end":{"line":48,"column":5}},"type":"if","locations":[{"start":{"line":45,"column":4},"end":{"line":48,"column":5}},{"start":{"line":45,"column":4},"end":{"line":48,"column":5}}],"line":45},"6":{"loc":{"start":{"line":45,"column":7},"end":{"line":45,"column":67}},"type":"binary-expr","locations":[{"start":{"line":45,"column":7},"end":{"line":45,"column":13}},{"start":{"line":45,"column":17},"end":{"line":45,"column":34}},{"start":{"line":45,"column":38},"end":{"line":45,"column":48}},{"start":{"line":45,"column":52},"end":{"line":45,"column":67}}],"line":45}},"s":{"0":1,"1":1,"2":0,"3":1,"4":1,"5":5,"6":5,"7":4,"8":4,"9":1,"10":1,"11":1,"12":1,"13":1,"14":1,"15":1,"16":1,"17":1,"18":4,"19":4,"20":3,"21":3,"22":1,"23":1,"24":1,"25":1,"26":1,"27":1,"28":1,"29":1,"30":4,"31":4,"32":3,"33":3,"34":1,"35":1,"36":1,"37":1,"38":1,"39":1,"40":1},"f":{"0":5,"1":4,"2":4},"b":{"0":[0,1],"1":[4,1],"2":[5,4,3,2],"3":[3,1],"4":[4,3,2,1],"5":[3,1],"6":[4,3,2,1]},"_coverageSchema":"1a1c01bbd47fc00a2c39e90264f33305004495a9","hash":"ce91f7fa28c168c4528b0422f2441b85dadb2a46","contentHash":"14886f7efbd16f21edf210a0cef8c7131859129b99d82e7e04da6e43a863e6c9"},"/Volumes/development/aws_serverless/src/mongoDBAtlas/collection/index.js":{"path":"/Volumes/development/aws_serverless/src/mongoDBAtlas/collection/index.js","statementMap":{"0":{"start":{"line":1,"column":20},"end":{"line":1,"column":46}},"1":{"start":{"line":2,"column":0},"end":{"line":4,"column":1}},"2":{"start":{"line":3,"column":4},"end":{"line":3,"column":34}},"3":{"start":{"line":7,"column":19},"end":{"line":7,"column":42}},"4":{"start":{"line":8,"column":11},"end":{"line":8,"column":56}},"5":{"start":{"line":9,"column":11},
[...]
h":"1a7c676f67b3bf4b162425d11ab6d37121a1923b","contentHash":"7f36bac244710cf583a09bef5e3fd041e9d70372d0f44986a7502d362574fe9a"},"/Volumes/development/aws_serverless/src/opt/nodejs/models/game.model.js":{"path":"/Volumes/development/aws_serverless/src/opt/nodejs/models/game.model.js","statementMap":{"0":{"start":{"line":1,"column":11},"end":{"line":1,"column":43}},"1":{"start":{"line":2,"column":18},"end":{"line":2,"column":41}},"2":{"start":{"line":3,"column":13},"end":{"line":3,"column":28}},"3":{"start":{"line":4,"column":23},"end":{"line":4,"column":51}},"4":{"start":{"line":9,"column":8},"end":{"line":9,"column":25}},"5":{"start":{"line":10,"column":25},"end":{"line":10,"column":88}},"6":{"start":{"line":11,"column":8},"end":{"line":11,"column":46}},"7":{"start":{"line":15,"column":8},"end":{"line":15,"column":30}},"8":{"start":{"line":20,"column":8},"end":{"line":22,"column":9}},"9":{"start":{"line":21,"column":12},"end":{"line":21,"column":72}},"10":{"start":{"line":23,"column":28},"end":{"line":23,"column":48}},"11":{"start":{"line":24,"column":34},"end":{"line":24,"column":77}},"12":{"start":{"line":25,"column":26},"end":{"line":30,"column":10}},"13":{"start":{"line":31,"column":8},"end":{"line":33,"column":9}},"14":{"start":{"line":32,"column":12},"end":{"line":32,"column":65}},"15":{"start":{"line":34,"column":29},"end":{"line":34,"column":31}},"16":{"start":{"line":35,"column":8},"end":{"line":39,"column":10}},"17":{"start":{"line":36,"column":12},"end":{"line":38,"column":13}},"18":{"start":{"line":40,"column":29},"end":{"line":51,"column":9}},"19":{"start":{"line":52,"column":8},"end":{"line":52,"column":59}},"20":{"start":{"line":56,"column":8},"end":{"line":58,"column":9}},"21":{"start":{"line":57,"column":12},"end":{"line":57,"column":66}},"22":{"start":{"line":59,"column":28},"end":{"line":70,"column":9}},"23":{"start":{"line":72,"column":8},"end":{"line":72,"column":60}},"24":{"start":{"line":76,"column":8},"end":{"line":78,"column":9}},"25":{"start":{"line":77,"column":12},"end":{"line":77,"column":67}},"26":{"start":{"line":79,"column":28},"end":{"line":88,"column":9}},"27":{"start":{"line":90,"column":8},"end":{"line":90,"column":61}},"28":{"start":{"line":95,"column":0},"end":{"line":95,"column":26}}},"fnMap":{"0":{"name":"(anonymous_0)","decl":{"start":{"line":8,"column":4},"end":{"line":8,"column":5}},"loc":{"start":{"line":8,"column":22},"end":{"line":12,"column":5}},"line":8},"1":{"name":"(anonymous_1)","decl":{"start":{"line":14,"column":4},"end":{"line":14,"column":5}},"loc":{"start":{"line":14,"column":20},"end":{"line":16,"column":5}},"line":14},"2":{"name":"(anonymous_2)","decl":{"start":{"line":19,"column":4},"end":{"line":19,"column":5}},"loc":{"start":{"line":19,"column":54},"end":{"line":53,"column":5}},"line":19},"3":{"name":"(anonymous_3)","decl":{"start":{"line":35,"column":26},"end":{"line":35,"column":27}},"loc":{"start":{"line":35,"column":35},"end":{"line":39,"column":9}},"line":35},"4":{"name":"(anonymous_4)","decl":{"start":{"line":55,"column":4},"end":{"line":55,"column":5}},"loc":{"start":{"line":55,"column":25},"end":{"line":73,"column":5}},"line":55},"5":{"name":"(anonymous_5)","decl":{"start":{"line":75,"column":4},"end":{"line":75,"column":5}},"loc":{"start":{"line":75,"column":31},"end":{"line":91,"column":5}},"line":75}},"branchMap":{"0":{"loc":{"start":{"line":20,"column":8},"end":{"line":22,"column":9}},"type":"if","locations":[{"start":{"line":20,"column":8},"end":{"line":22,"column":9}},{"start":{"line":20,"column":8},"end":{"line":22,"column":9}}],"line":20},"1":{"loc":{"start":{"line":20,"column":11},"end":{"line":20,"column":49}},"type":"binary-expr","locations":[{"start":{"line":20,"column":11},"end":{"line":20,"column":21}},{"start":{"line":20,"column":25},"end":{"line":20,"column":33}},{"start":{"line":20,"column":37},"end":{"line":20,"column":49}}],"line":20},"2":{"loc":{"start":{"line":31,"column":8},"end":{"line":33,"column":9}},"type":"if","locations":[{"start":{"line":31,"column":8},"end":{"line":33,"column":9}},{"start":{"line":31,"column":8},"end":{"line":33,"column":9}}],"line":31},"3":{"loc":{"start":{"line":56,"column":8},"end":{"line":58,"column":9}},"type":"if","locations":[{"start":{"line":56,"column":8},"end":{"line":58,"column":9}},{"start":{"line":56,"column":8},"end":{"line":58,"column":9}}],"line":56},"4":{"loc":{"start":{"line":56,"column":11},"end":{"line":56,"column":32}},"type":"binary-expr","locations":[{"start":{"line":56,"column":11},"end":{"line":56,"column":16}},{"start":{"line":56,"column":20},"end":{"line":56,"column":32}}],"line":56},"5":{"loc":{"start":{"line":76,"column":8},"end":{"line":78,"column":9}},"type":"if","locations":[{"start":{"line":76,"column":8},"end":{"line":78,"column":9}},{"start":{"line":76,"column":8},"end":{"line":78,"column":9}}],"line":76}},"s":{"0":1,"1":1,"2":1,"3":1,"4":21,"5":21,"6":21,"7":1,"8":8,"9":3,"10":5,"11":5,"12":5,"13":5,"14":1,"15":4,"16":4,"17":4,"18":4,"19":4,"20":2,"21":1,"22":1,"23":1,"24":2,"25":1,"26":1,"27":1,"28":1},"f":{"0":21,"1":1,"2":8,"3":4,"4":2,"5":2},"b":{"0":[3,5],"1":[8,7,6],"2":[1,4],"3":[1,1],"4":[2,1],"5":[1,1]},"_coverageSchema":"1a1c01bbd47fc00a2c39e90264f33305004495a9","hash":"b97e46af8d50b7d36747eb270ba5e73b532424bb","contentHash":"53aa4f1da2e7bdb00be0619562907717c76c95dfa8f1ead766a70befc1553742"},"/Volumes/development/aws_serverless/src/opt/nodejs/models/questions.model.js":{"path":"/Volumes/development/aws_serverless/src/opt/nodejs/models/questions.model.js","statementMap":{"0":{"start":{"line":1,"column":11},"end":{"line":1,"column":43}},"1":{"start":{"line":2,"column":18},"end":{"line":2,"column":41}},"2":{"start":{"line":3,"column":13},"end":{"line":3,"column":28}},"3":{"start":{"line":8,"column":8},"end":{"line":8,"column":24}},"4":{"start":{"line":9,"column":25},"end":{"line":9,"column":105}},"5":{"start":{"line":10,"column":8},"end":{"line":10,"column":46}},"6":{"start":{"line":14,"column":8},"end":{"line":14,"column":30}},"7":{"start":{"line":19,"column":8},"end":{"line":21,"column":9}},"8":{"start":{"line":20,"column":12},"end":{"line":20,"column":72}},"9":{"start":{"line":22,"column":28},"end":{"line":34,"column":9}},"10":{"start":{"line":36,"column":23},"end":{"line":36,"column":72}},"11":{"start":{"line":37,"column":8},"end":{"line":41,"column":9}},"12":{"start":{"line":38,"column":12},"end":{"line":38,"column":55}},"13":{"start":{"line":40,"column":12},"end":{"line":40,"column":31}},"14":{"start":{"line":45,"column":0},"end":{"line":45,"column":31}}},"fnMap":{"0":{"name":"(anonymous_0)","decl":{"start":{"line":7,"column":4},"end":{"line":7,"column":5}},"loc":{"start":{"line":7,"column":22},"end":{"line":11,"column":5}},"line":7},"1":{"name":"(anonymous_1)","decl":{"start":{"line":13,"column":4},"end":{"line":13,"column":5}},"loc":{"start":{"line":13,"column":20},"end":{"line":15,"column":5}},"line":13},"2":{"name":"(anonymous_2)","decl":{"start":{"line":18,"column":4},"end":{"line":18,"column":5}},"loc":{"start":{"line":18,"column":33},"end":{"line":42,"column":5}},"line":18}},"branchMap":{"0":{"loc":{"start":{"line":19,"column":8},"end":{"line":21,"column":9}},"type":"if","locations":[{"start":{"line":19,"column":8},"end":{"line":21,"column":9}},{"start":{"line":19,"column":8},"end":{"line":21,"column":9}}],"line":19},"1":{"loc":{"start":{"line":19,"column":11},"end":{"line":19,"column":78}},"type":"binary-expr","locations":[{"start":{"line":19,"column":11},"end":{"line":19,"column":19}},{"start":{"line":19,"column":23},"end":{"line":19,"column":37}},{"start":{"line":19,"column":41},"end":{"line":19,"column":57}},{"start":{"line":19,"column":61},"end":{"line":19,"column":78}}],"line":19},"2":{"loc":{"start":{"line":37,"column":8},"end":{"line":41,"column":9}},"type":"if","locations":[{"start":{"line":37,"column":8},"end":{"line":41,"column":9}},{"start":{"line":37,"column":8},"end":{"line":41,"column":9}}],"line":37}},"s":{"0":1,"1":1,"2":1,"3":7,"4":7,"5":7,"6":1,"7":4,"8":1,"9":3,"10":3,"11":3,"12":1,"13":2,"14":1},"f":{"0":7,"1":1,"2":4},"b":{"0":[1,3],"1":[4,4,3,3],"2":[1,2]},"_coverageSchema":"1a1c01bbd47fc00a2c39e90264f33305004495a9","hash":"8e88c58b0ef032abe0a2f5e5d136adc3575d1078","contentHash":"2673d82c5190c9b999a5be1b3a786d044264f56534f34f3301857384a14733e8"},"/Volumes/development/aws_serverless/src/processPendingRequests/processPendingRequests.js":{"path":"/Volumes/development/aws_serverless/src/processPendingRequests/processPendingRequests.js","statementMap":{"0":{"start":{"line":1,"column":20},"end":{"line":1,"column":36}},"1":{"start":{"line":2,"column":0},"end":{"line":4,"column":1}},"2":{"start":{"line":3,"column":4},"end":{"line":3,"column":34}},"3":{"start":{"line":6,"column":18},"end":{"line":6,"column":65}},"4":{"start":{"line":7,"column":22},"end":{"line":7,"column":71}},"5":{"start":{"line":8,"column":21},"end":{"line":8,"column":71}},"6":{"start":{"line":9,"column":12},"end":{"line":9,"column":30}},"7":{"start":{"line":10,"column":13},"end":{"line":10,"column":28}},"8":{"start":{"line":11,"column":11},"end":{"line":11,"column":56}},"9":{"start":{"line":12,"column":18},"end":{"line":12,"column":54}},"10":{"start":{"line":15,"column":31},"end":{"line":29,"column":1}},"11":{"start":{"line":15,"column":39},"end":{"line":29,"column":1}},"12":{"start":{"line":17,"column":4},"end":{"line":17,"column":51}},"13":{"start":{"line":19,"column":20},"end":{"line":21,"column":7}},"14":{"start":{"line":19,"column":44},"end":{"line":21,"column":5}},"15":{"start":{"line":23,"column":4},"end":{"line":28,"column":6}},"16":{"start":{"line":24,"column":28},"end":{"line":24,"column":56}},"17":{"start":{"line":26,"column":8},"end":{"line":26,"column":65}},"18":{"start":{"line":27,"column":8},"end":{"line":27,"column":17}},"19":{"start":{"line":32,"column":23},"end":{"line":65,"column":1}},"20":{"start":{"line":33,"column":4},"end":{"line":64,"column":5}},"21":{"start":{"line":34,"column":32},"end":{"line":34,"column":64}},"22":{"start":{"line":35,"column":24},"end":{"line":35,"column":72}},"23":{"start":{"line":36,"column":28},"end":{"line":36,"column":44}},"24":{"start":{"line":37,"column":8},"end":{"line":60,"column":9}},"25":{"start":{"line":38,"column":35},"end":{"line":38,"column":67}},"26":{"start":{"line":39,"column":33},"end":{"line":39,"column":91}},"27":{"start":{"line":39,"column":60},"end":{"line":39,"column":89}},"28":{"start":{"line":40,"column":33},"end":{"line":40,"column":77}},"29":{"start":{"line":40,"column":58},"end":{"line":40,"column":76}},"30":{"start":{"line":41,"column":12},"end":{"line":57,"column":13}},"31":{"start":{"line":42,"column":37},"end":{"line":42,"column":66}},"32":{"start":{"line":43,"column":16},"end":{"line":52,"column":17}},"33":{"start":{"line":55,"column":16},"end":{"line":55,"column":93}},"34":{"start":{"line":56,"column":16},"end":{"line":56,"column":23}},"35":{"start":{"line":59,"column":12},"end":{"line":59,"column":51}},"36":{"start":{"line":62,"column":8},"end":{"line":62,"column":41}},"37":{"start":{"line":63,"column":8},"end":{"line":63,"column":18}},"38":{"start":{"line":67,"column":0},"end":{"line":80,"column":1}}},"fnMap":{"0":{"name":"(anonymous_0)","decl":{"start":{"line":15,"column":31},"end":{"line":15,"column":32}},"loc":{"start":{"line":15,"column":39},"end":{"line":29,"column":1}},"line":15},"1":{"name":"(anonymous_1)","decl":{"start":{"line":15,"column":39},"end":{"line":15,"column":40}},"loc":{"start":{"line":15,"column":59},"end":{"line":29,"column":1}},"line":15},"2":{"name":"(anonymous_2)","decl":{"start":{"line":19,"column":38},"end":{"line":19,"column":39}},"loc":{"start":{"line":19,"column":44},"end":{"line":21,"column":5}},"line":19},"3":{"name":"(anonymous_3)","decl":{"start":{"line":24,"column":23},"end":{"line":24,"column":24}},"loc":{"start":{"line":24,"column":28},"end":{"line":24,"column":56}},"line":24},"4":{"name":"(anonymous_4)","decl":{"start":{"line":25,"column":13},"end":{"line":25,"column":14}},"loc":{"start":{"line":25,"column":20},"end":{"line":28,"column":5}},"line":25},"5":{"name":"(anonymous_5)","decl":{"start":{"line":32,"column":23},"end":{"line":32,"column":24}},"loc":{"start":{"line":32,"column":48},"end":{"line":65,"column":1}},"line":32},"6":{"name":"(anonymous_6)","decl":{"start":{"line":39,"column":52},"end":{"line":39,"column":53}},"loc":{"start":{"line":39,"column":60},"end":{"line":39,"column":89}},"line":39},"7":{"name":"(anonymous_7)","decl":{"start":{"line":40,"column":53},"end":{"line":40,"column":54}},"loc":{"start":{"line":40,"column":58},"end":{"line":40,"column":76}},"line":40}},"branchMap":{"0":{"loc":{"start":{"line":2,"column":0},"end":{"line":4,"column":1}},"type":"if","locations":[{"start":{"line":2,"column":0},"end":{"line":4,"column":1}},{"start":{"line":2,"column":0},"end":{"line":4,"column":1}}],"line":2},"1":{"loc":{"start":{"line":37,"column":8},"end":{"line":60,"column":9}},"type":"if","locations":[{"start":{"line":37,"column":8},"end":{"line":60,"column":9}},{"start":{"line":37,"column":8},"end":{"line":60,"column":9}}],"line":37},"2":{"loc":{"start":{"line":41,"column":12},"end":{"line":57,"column":13}},"type":"if","locations":[{"start":{"line":41,"column":12},"end":{"line":57,"column":13}},{"start":{"line":41,"column":12},"end":{"line":57,"column":13}}],"line":41}},"s":{"0":1,"1":1,"2":0,"3":1,"4":1,"5":1,"6":1,"7":1,"8":1,"9":1,"10":1,"11":3,"12":2,"13":2,"14":4,"15":2,"16":4,"17":1,"18":1,"19":1,"20":4,"21":4,"22":4,"23":2,"24":2,"25":1,"26":1,"27":2,"28":1,"29":2,"30":1,"31":1,"32":1,"33":0,"34":0,"35":1,"36":2,"37":2,"38":1},"f":{"0":3,"1":2,"2":4,"3":4,"4":1,"5":4,"6":2,"7":2},"b":{"0":[0,1],"1":[1,1],"2":[1,0]},"_coverageSchema":"1a1c01bbd47fc00a2c39e90264f33305004495a9","hash":"c769499b07481276a22bc811fadd695ee3d2beaf","contentHash":"cd708d8a94f6d2a25d5756a0873feb872938079168f45c49770d6f4f65f6c04a"},"/Volumes/development/aws_serverless/src/opt/nodejs/utils/auth.util.js":{"path":"/Volumes/development/aws_serverless/src/opt/nodejs/utils/auth.util.js","statementMap":{"0":{"start":{"line":2,"column":14},"end":{"line":2,"column":35}},"1":{"start":{"line":3,"column":13},"end":{"line":3,"column":33}},"2":{"start":{"line":4,"column":18},"end":{"line":4,"column":41}},"3":{"start":{"line":6,"column":20},"end":{"line":56,"column":1}},"4":{"start":{"line":6,"column":28},"end":{"line":56,"column":1}},"5":{"start":{"line":7,"column":4},"end":{"line":54,"column":6}},"6":{"start":{"line":8,"column":8},"end":{"line":10,"column":9}},"7":{"start":{"line":9,"column":12},"end":{"line":9,"column":53}},"8":{"start":{"line":12,"column":25},"end":{"line":12,"column":41}},"9":{"start":{"line":13,"column":21},"end":{"line":13,"column":65}},"10":{"start":{"line":14,"column":8},"end":{"line":14,"column":36}},"11":{"start":{"line":15,"column":20},"end":{"line":15,"column":30}},"12":{"start":{"line":18,"column":8},"end":{"line":53,"column":9}},"13":{"start":{"line":19,"column":27},"end":{"line":19,"column":68}},"14":{"start":{"line":20,"column":29},"end":{"line":20,"column":48}},"15":{"start":{"line":21,"column":12},"end":{"line":49,"column":13}},"16":{"start":{"line":22,"column":29},"end":{"line":22,"column":45}},"17":{"start":{"line":23,"column":33},"end":{"line":23,"column":68}},"18":{"start":{"line":23,"column":52},"end":{"line":23,"column":67}},"19":{"start":{"line":25,"column":16},"end":{"line":46,"column":17}},"20":{"start":{"line":26,"column":20},"end":{"line":26,"column":69}},"21":{"start":{"line":28,"column":20},"end":{"line":45,"column":21}},"22":{"start":{"line":29,"column":39},"end":{"line":29,"column":74}},"23":{"start":{"line":30,"column":42},"end":{"line":30,"column":76}},"24":{"start":{"line":31,"column":51},"end":{"line":31,"column":80}},"25":{"start":{"line":33,"column":39},"end":{"line":33,"column":77}},"26":{"start":{"line":35,"column":44},"end":{"line":35,"column":73}},"27":{"start":{"line":36,"column":24},"end":{"line":42,"column":25}},"28":{"start":{"line":37,"column":28},"end":{"line":37,"column":70}},"29":{"start":{"line":38,"column":31},"end":{"line":42,"column":25}},"30":{"start":{"line":39,"column":28},"end":{"line":39,"column":87}},"31":{"start":{"line":41,"column":28},"end":{"line":41,"column":51}},"32":{"start":{"line":44,"column":24},"end":{"line":44,"column":75}},"33":{"start":{"line":48,"column":16},"end":{"line":48,"column":57}},"34":{"start":{"line":52,"column":12},"end":{"line":52,"column":56}},"35":{"start":{"line":58,"column":0},"end":{"line":62,"column":2}},"36":{"start":{"line":64,"column":0},"end":{"line":64,"column":32}},"37":{"start":{"line":66,"column":0},"end":{"line":71,"column":1}},"38":{"start":{"line":67,"column":4},"end":{"line":69,"column":5}},"39":{"start":{"line":68,"column":8},"end":{"line":68,"column":41}},"40":{"start":{"line":70,"column":4},"end":{"line":70,"column":29}}},"fnMap":{"0":{"name":"(anonymous_0)","decl":{"start":{"line":6,"column":20},"end":{"line":6,"column":21}},"loc":{"start":{"line":6,"column":28},"end":{"line":56,"column":1}},"line":6},"1":{"name":"(anonymous_1)","decl":{"start":{"line":6,"column":28},"end":{"line":6,"column":29}},"loc":{"start":{"line":6,"column":39},"end":{"line":56,"column":1}},"line":6},"2":{"name":"(anonymous_2)","decl":{"start":{"line":7,"column":24},"end":{"line":7,"column":25}},"loc":{"start":{"line":7,"column":51},"end":{"line":54,"column":5}},"line":7},"3":{"name":"(anonymous_3)","decl":{"start":{"line":23,"column":43},"end":{"line":23,"column":44}},"loc":{"start":{"line":23,"column":52},"end":{"line":23,"column":67}},"line":23},"4":{"name":"(anonymous_4)","decl":{"start":{"line":66,"column":26},"end":{"line":66,"column":27}},"loc":{"start":{"line":66,"column":35},"end":{"line":71,"column":1}},"line":66}},"branchMap":{"0":{"loc":{"start":{"line":8,"column":8},"end":{"line":10,"column":9}},"type":"if","locations":[{"start":{"line":8,"column":8},"end":{"line":10,"column":9}},{"start":{"line":8,"column":8},"end":{"line":10,"column":9}}],"line":8},"1":{"loc":{"start":{"line":21,"column":12},"end":{"line":49,"column":13}},"type":"if","locations":[{"start":{"line":21,"column":12},"end":{"line":49,"column":13}},{"start":{"line":21,"column":12},"end":{"line":49,"column":13}}],"line":21},"2":{"loc":{"start":{"line":25,"column":16},"end":{"line":46,"column":17}},"type":"if","locations":[{"start":{"line":25,"column":16},"end":{"line":46,"column":17}},{"start":{"line":25,"column":16},"end":{"line":46,"column":17}}],"line":25},"3":{"loc":{"start":{"line":36,"column":24},"end":{"line":42,"column":25}},"type":"if","locations":[{"start":{"line":36,"column":24},"end":{"line":42,"column":25}},{"start":{"line":36,"column":24},"end":{"line":42,"column":25}}],"line":36},"4":{"loc":{"start":{"line":38,"column":31},"end":{"line":42,"column":25}},"type":"if","locations":[{"start":{"line":38,"column":31},"end":{"line":42,"column":25}},{"start":{"line":38,"column":31},"end":{"line":42,"column":25}}],"line":38},"5":{"loc":{"start":{"line":67,"column":4},"end":{"line":69,"column":5}},"type":"if","locations":[{"start":{"line":67,"column":4},"end":{"line":69,"column":5}},{"start":{"line":67,"column":4},"end":{"line":69,"column":5}}],"line":67},"6":{"loc":{"start":{"line":67,"column":7},"end":{"line":67,"column":30}},"type":"binary-expr","locations":[{"start":{"line":67,"column":7},"end":{"line":67,"column":11}},{"start":{"line":67,"column":15},"end":{"line":67,"column":30}}],"line":67}},"s":{"0":1,"1":1,"2":1,"3":1,"4":14,"5":12,"6":12,"7":1,"8":11,"9":11,"10":11,"11":11,"12":11,"13":11,"14":10,"15":10,"16":9,"17":9,"18":8,"19":9,"20":1,"21":8,"22":8,"23":8,"24":8,"25":7,"26":7,"27":7,"28":1,"29":6,"30":1,"31":5,"32":1,"33":1,"34":1,"35":1,"36":1,"37":1,"38":3,"39":2,"40":1},"f":{"0":14,"1":12,"2":12,"3":8,"4":3},"b":{"0":[1,11],"1":[9,1],"2":[1,8],"3":[1,6],"4":[1,5],"5":[2,1],"6":[3,2]},"_coverageSchema":"1a1c01bbd47fc00a2c39e90264f33305004495a9","hash":"dcb466b1e4c39ada4f1a792b61c2632899ceaedd","contentHash":"0995b4c0269a88f06bdd6d7b5911d7163a9c96ce73170bc9bf5dc1e5b86a7049"}}