{"/Volumes/development/aws_serverless/src/opt/nodejs/apigateway.connector.js":{"path":"/Volumes/development/aws_serverless/src/opt/nodejs/apigateway.connector.js","statementMap":{"0":{"start":{"line":2,"column":23},"end":{"line":2,"column":43}},"1":{"start":{"line":6,"column":4},"end":{"line":6,"column":39}},"2":{"start":{"line":9,"column":4},"end":{"line":9,"column":37}},"3":{"start":{"line":12,"column":38},"end":{"line":12,"column":82}},"4":{"start":{"line":12,"column":44},"end":{"line":12,"column":82}},"5":{"start":{"line":13,"column":38},"end":{"line":13,"column":84}},"6":{"start":{"line":13,"column":44},"end":{"line":13,"column":84}},"7":{"start":{"line":14,"column":39},"end":{"line":14,"column":86}},"8":{"start":{"line":14,"column":45},"end":{"line":14,"column":86}},"9":{"start":{"line":15,"column":47},"end":{"line":15,"column":102}},"10":{"start":{"line":15,"column":53},"end":{"line":15,"column":102}},"11":{"start":{"line":16,"column":31},"end":{"line":16,"column":70}},"12":{"start":{"line":16,"column":37},"end":{"line":16,"column":70}},"13":{"start":{"line":20,"column":26},"end":{"line":23,"column":3}},"14":{"start":{"line":20,"column":57},"end":{"line":23,"column":1}},"15":{"start":{"line":26,"column":25},"end":{"line":41,"column":2}},"16":{"start":{"line":27,"column":4},"end":{"line":28,"column":55}},"17":{"start":{"line":28,"column":8},"end":{"line":28,"column":55}},"18":{"start":{"line":30,"column":4},"end":{"line":31,"column":57}},"19":{"start":{"line":31,"column":8},"end":{"line":31,"column":57}},"20":{"start":{"line":33,"column":20},"end":{"line":33,"column":57}},"21":{"start":{"line":34,"column":4},"end":{"line":40,"column":5}},"22":{"start":{"line":35,"column":23},"end":{"line":35,"column":52}},"23":{"start":{"line":36,"column":8},"end":{"line":36,"column":38}},"24":{"start":{"line":38,"column":8},"end":{"line":38,"column":52}},"25":{"start":{"line":39,"column":8},"end":{"line":39,"column":34}},"26":{"start":{"line":43,"column":30},"end":{"line":59,"column":2}},"27":{"start":{"line":44,"column":4},"end":{"line":45,"column":55}},"28":{"start":{"line":45,"column":8},"end":{"line":45,"column":55}},"29":{"start":{"line":47,"column":4},"end":{"line":48,"column":57}},"30":{"start":{"line":48,"column":8},"end":{"line":48,"column":57}},"31":{"start":{"line":50,"column":18},"end":{"line":50,"column":52}},"32":{"start":{"line":51,"column":4},"end":{"line":52,"column":71}},"33":{"start":{"line":52,"column":8},"end":{"line":52,"column":71}},"34":{"start":{"line":54,"column":21},"end":{"line":54,"column":84}},"35":{"start":{"line":54,"column":48},"end":{"line":54,"column":83}},"36":{"start":{"line":55,"column":4},"end":{"line":58,"column":6}},"37":{"start":{"line":56,"column":8},"end":{"line":56,"column":24}},"38":{"start":{"line":57,"column":8},"end":{"line":57,"column":63}},"39":{"start":{"line":61,"column":29},"end":{"line":73,"column":2}},"40":{"start":{"line":62,"column":4},"end":{"line":63,"column":55}},"41":{"start":{"line":63,"column":8},"end":{"line":63,"column":55}},"42":{"start":{"line":65,"column":17},"end":{"line":65,"column":51}},"43":{"start":{"line":66,"column":4},"end":{"line":67,"column":71}},"44":{"start":{"line":67,"column":8},"end":{"line":67,"column":71}},"45":{"start":{"line":69,"column":4},"end":{"line":72,"column":6}},"46":{"start":{"line":70,"column":8},"end":{"line":70,"column":24}},"47":{"start":{"line":71,"column":8},"end":{"line":71,"column":62}},"48":{"start":{"line":76,"column":0},"end":{"line":88,"column":1}},"49":{"start":{"line":86,"column":41},"end":{"line":86,"column":111}},"50":{"start":{"line":87,"column":40},"end":{"line":87,"column":109}}},"fnMap":{"0":{"name":"(anonymous_0)","decl":{"start":{"line":12,"column":38},"end":{"line":12,"column":39}},"loc":{"start":{"line":12,"column":44},"end":{"line":12,"column":82}},"line":12},"1":{"name":"(anonymous_1)","decl":{"start":{"line":13,"column":38},"end":{"line":13,"column":39}},"loc":{"start":{"line":13,"column":44},"end":{"line":13,"column":84}},"line":13},"2":{"name":"(anonymous_2)","decl":{"start":{"line":14,"column":39},"end":{"line":14,"column":40}},"loc":{"start":{"line":14,"column":45},"end":{"line":14,"column":86}},"line":14},"3":{"name":"(anonymous_3)","decl":{"start":{"line":15,"column":47},"end":{"line":15,"column":48}},"loc":{"start":{"line":15,"column":53},"end":{"line":15,"column":102}},"line":15},"4":{"name":"(anonymous_4)","decl":{"start":{"line":16,"column":31},"end":{"line":16,"column":32}},"loc":{"start":{"line":16,"column":37},"end":{"line":16,"column":70}},"line":16},"5":{"name":"(anonymous_5)","decl":{"start":{"line":20,"column":32},"end":{"line":20,"column":33}},"loc":{"start":{"line":20,"column":57},"end":{"line":23,"column":1}},"line":20},"6":{"name":"(anonymous_6)","decl":{"start":{"line":26,"column":31},"end":{"line":26,"column":32}},"loc":{"start":{"line":26,"column":67},"end":{"line":41,"column":1}},"line":26},"7":{"name":"(anonymous_7)","decl":{"start":{"line":43,"column":36},"end":{"line":43,"column":37}},"loc":{"start":{"line":43,"column":72},"end":{"line":59,"column":1}},"line":43},"8":{"name":"(anonymous_8)","decl":{"start":{"line":54,"column":39},"end":{"line":54,"column":40}},"loc":{"start":{"line":54,"column":48},"end":{"line":54,"column":83}},"line":54},"9":{"name":"(anonymous_9)","decl":{"start":{"line":55,"column":39},"end":{"line":55,"column":40}},"loc":{"start":{"line":55,"column":46},"end":{"line":58,"column":5}},"line":55},"10":{"name":"(anonymous_10)","decl":{"start":{"line":61,"column":35},"end":{"line":61,"column":36}},"loc":{"start":{"line":61,"column":70},"end":{"line":73,"column":1}},"line":61},"11":{"name":"(anonymous_11)","decl":{"start":{"line":69,"column":60},"end":{"line":69,"column":61}},"loc":{"start":{"line":69,"column":67},"end":{"line":72,"column":5}},"line":69},"12":{"name":"(anonymous_12)","decl":{"start":{"line":86,"column":23},"end":{"line":86,"column":24}},"loc":{"start":{"line":86,"column":41},"end":{"line":86,"column":111}},"line":86},"13":{"name":"(anonymous_13)","decl":{"start":{"line":87,"column":22},"end":{"line":87,"column":23}},"loc":{"start":{"line":87,"column":40},"end":{"line":87,"column":109}},"line":87}},"branchMap":{"0":{"loc":{"start":{"line":27,"column":4},"end":{"line":28,"column":55}},"type":"if","locations":[{"start":{"line":27,"column":4},"end":{"line":28,"column":55}},{"start":{"line":27,"column":4},"end":{"line":28,"column":55}}],"line":27},"1":{"loc":{"start":{"line":30,"column":4},"end":{"line":31,"column":57}},"type":"if","locations":[{"start":{"line":30,"column":4},"end":{"line":31,"column":57}},{"start":{"line":30,"column":4},"end":{"line":31,"column":57}}],"line":30},"2":{"loc":{"start":{"line":44,"column":4},"end":{"line":45,"column":55}},"type":"if","locations":[{"start":{"line":44,"column":4},"end":{"line":45,"column":55}},{"start":{"line":44,"column":4},"end":{"line":45,"column":55}}],"line":44},"3":{"loc":{"start":{"line":47,"column":4},"end":{"line":48,"column":57}},"type":"if","locations":[{"start":{"line":47,"column":4},"end":{"line":48,"column":57}},{"start":{"line":47,"column":4},"end":{"line":48,"column":57}}],"line":47},"4":{"loc":{"start":{"line":51,"column":4},"end":{"line":52,"column":71}},"type":"if","locations":[{"start":{"line":51,"column":4},"end":{"line":52,"column":71}},{"start":{"line":51,"column":4},"end":{"line":52,"column":71}}],"line":51},"5":{"loc":{"start":{"line":62,"column":4},"end":{"line":63,"column":55}},"type":"if","locations":[{"start":{"line":62,"column":4},"end":{"line":63,"column":55}},{"start":{"line":62,"column":4},"end":{"line":63,"column":55}}],"line":62},"6":{"loc":{"start":{"line":66,"column":4},"end":{"line":67,"column":71}},"type":"if","locations":[{"start":{"line":66,"column":4},"end":{"line":67,"column":71}},{"start":{"line":66,"column":4},"end":{"line":67,"column":71}}],"line":66}},"s":{"0":1,"1":1,"2":1,"3":1,"4":6,"5":1,"6":2,"7":1,"8":2,"9":1,"10":3,"11":1,"12":4,"13":1,"14":11,"15":1,"16":12,"17":1,"18":11,"19":1,"20":10,"21":10,"22":10,"23":5,"24":5,"25":5,"26":1,"27":5,"28":1,"29":4,"30":1,"31":3,"32":3,"33":1,"34":2,"35":6,"36":2,"37":1,"38":1,"39":1,"40":4,"41":1,"42":3,"43":3,"44":1,"45":2,"46":1,"47":1,"48":1,"49":0,"50":0},"f":{"0":6,"1":2,"2":2,"3":3,"4":4,"5":11,"6":12,"7":5,"8":6,"9":1,"10":4,"11":1,"12":0,"13":0},"b":{"0":[1,11],"1":[1,10],"2":[1,4],"3":[1,3],"4":[1,2],"5":[1,3],"6":[1,2]},"_coverageSchema":"1a1c01bbd47fc00a2c39e90264f33305004495a9","hash":"1fe18365fee0969dcc73cfa3889208f38b640053","contentHash":"e6503884ca95d3b1599c621b9f2e8dd39438e683142d76ff7305396784bcc960"},"/Volumes/development/aws_serverless/src/opt/nodejs/utils/validators/index.js":{"path":"/Volumes/development/aws_serverless/src/opt/nodejs/utils/validators/index.js","statementMap":{"0":{"start":{"line":1,"column":18},"end":{"line":1,"column":38}},"1":{"start":{"line":4,"column":19},"end":{"line":4,"column":49}},"2":{"start":{"line":4,"column":26},"end":{"line":4,"column":49}},"3":{"start":{"line":6,"column":19},"end":{"line":6,"column":48}},"4":{"start":{"line":6,"column":26},"end":{"line":6,"column":48}},"5":{"start":{"line":8,"column":24},"end":{"line":8,"column":53}},"6":{"start":{"line":8,"column":31},"end":{"line":8,"column":53}},"7":{"start":{"line":10,"column":19},"end":{"line":10,"column":48}},"8":{"start":{"line":10,"column":26},"end":{"line":10,"column":48}},"9":{"start":{"line":12,"column":19},"end":{"line":12,"column":47}},"10":{"start":{"line":12,"column":26},"end":{"line":12,"column":47}},"11":{"start":{"line":14,"column":22},"end":{"line":14,"column":50}},"12":{"start":{"line":14,"column":29},"end":{"line":14,"column":50}},"13":{"start":{"line":16,"column":28},"end":{"line":16,"column":56}},"14":{"start":{"line":16,"column":35},"end":{"line":16,"column":56}},"15":{"start":{"line":18,"column":21},"end":{"line":18,"column":52}},"16":{"start":{"line":18,"column":30},"end":{"line":18,"column":52}},"17":{"start":{"line":20,"column":21},"end":{"line":20,"column":52}},"18":{"start":{"line":20,"column":30},"end":{"line":20,"column":52}},"19":{"start":{"line":22,"column":24},"end":{"line":22,"column":52}},"20":{"start":{"line":22,"column":31},"end":{"line":22,"column":52}},"21":{"start":{"line":24,"column":25},"end":{"line":24,"column":71}},"22":{"start":{"line":24,"column":38},"end":{"line":24,"column":71}},"23":{"start":{"line":26,"column":24},"end":{"line":26,"column":52}},"24":{"start":{"line":26,"column":31},"end":{"line":26,"column":52}},"25":{"start":{"line":28,"column":25},"end":{"line":28,"column":50}},"26":{"start":{"line":28,"column":31},"end":{"line":28,"column":50}},"27":{"start":{"line":30,"column":26},"end":{"line":30,"column":54}},"28":{"start":{"line":30,"column":33},"end":{"line":30,"column":54}},"29":{"start":{"line":32,"column":24},"end":{"line":32,"column":76}},"30":{"start":{"line":32,"column":36},"end":{"line":32,"column":76}},"31":{"start":{"line":34,"column":24},"end":{"line":34,"column":64}},"32":{"start":{"line":34,"column":32},"end":{"line":34,"column":64}},"33":{"start":{"line":36,"column":24},"end":{"line":36,"column":70}},"34":{"start":{"line":36,"column":31},"end":{"line":36,"column":70}},"35":{"start":{"line":38,"column":25},"end":{"line":38,"column":74}},"36":{"start":{"line":38,"column":33},"end":{"line":38,"column":74}},"37":{"start":{"line":40,"column":24},"end":{"line":40,"column":64}},"38":{"start":{"line":40,"column":32},"end":{"line":40,"column":64}},"39":{"start":{"line":42,"column":22},"end":{"line":42,"column":68}},"40":{"start":{"line":42,"column":29},"end":{"line":42,"column":68}},"41":{"start":{"line":44,"column":19},"end":{"line":46,"column":2}},"42":{"start":{"line":45,"column":4},"end":{"line":45,"column":34}},"43":{"start":{"line":48,"column":28},"end":{"line":50,"column":2}},"44":{"start":{"line":49,"column":4},"end":{"line":49,"column":34}},"45":{"start":{"line":52,"column":21},"end":{"line":52,"column":66}},"46":{"start":{"line":52,"column":30},"end":{"line":52,"column":66}},"47":{"start":{"line":54,"column":25},"end":{"line":59,"column":1}},"48":{"start":{"line":55,"column":4},"end":{"line":56,"column":18}},"49":{"start":{"line":56,"column":6},"end":{"line":56,"column":18}},"50":{"start":{"line":57,"column":23},"end":{"line":57,"column":56}},"51":{"start":{"line":57,"column":40},"end":{"line":57,"column":55}},"52":{"start":{"line":58,"column":4},"end":{"line":58,"column":33}},"53":{"start":{"line":61,"column":22},"end":{"line":63,"column":2}},"54":{"start":{"line":62,"column":4},"end":{"line":62,"column":38}},"55":{"start":{"line":67,"column":0},"end":{"line":98,"column":1}}},"fnMap":{"0":{"name":"(anonymous_0)","decl":{"start":{"line":4,"column":19},"end":{"line":4,"column":20}},"loc":{"start":{"line":4,"column":26},"end":{"line":4,"column":49}},"line":4},"1":{"name":"(anonymous_1)","decl":{"start":{"line":6,"column":19},"end":{"line":6,"column":20}},"loc":{"start":{"line":6,"column":26},"end":{"line":6,"column":48}},"line":6},"2":{"name":"(anonymous_2)","decl":{"start":{"line":8,"column":24},"end":{"line":8,"column":25}},"loc":{"start":{"line":8,"column":31},"end":{"line":8,"column":53}},"line":8},"3":{"name":"(anonymous_3)","decl":{"start":{"line":10,"column":19},"end":{"line":10,"column":20}},"loc":{"start":{"line":10,"column":26},"end":{"line":10,"column":48}},"line":10},"4":{"name":"(anonymous_4)","decl":{"start":{"line":12,"column":19},"end":{"line":12,"column":20}},"loc":{"start":{"line":12,"column":26},"end":{"line":12,"column":47}},"line":12},"5":{"name":"(anonymous_5)","decl":{"start":{"line":14,"column":22},"end":{"line":14,"column":23}},"loc":{"start":{"line":14,"column":29},"end":{"line":14,"column":50}},"line":14},"6":{"name":"(anonymous_6)","decl":{"start":{"line":16,"column":28},"end":{"line":16,"column":29}},"loc":{"start":{"line":16,"column":35},"end":{"line":16,"column":56}},"line":16},"7":{"name":"(anonymous_7)","decl":{"start":{"line":18,"column":21},"end":{"line":18,"column":22}},"loc":{"start":{"line":18,"column":30},"end":{"line":18,"column":52}},"line":18},"8":{"name":"(anonymous_8)","decl":{"start":{"line":20,"column":21},"end":{"line":20,"column":22}},"loc":{"start":{"line":20,"column":30},"end":{"line":20,"column":52}},"line":20},"9":{"name":"(anonymous_9)","decl":{"start":{"line":22,"column":24},"end":{"line":22,"column":25}},"loc":{"start":{"line":22,"column":31},"end":{"line":22,"column":52}},"line":22},"10":{"name":"(anonymous_10)","decl":{"start":{"line":24,"column":25},"end":{"line":24,"column":26}},"loc":{"start":{"line":24,"column":38},"end":{"line":24,"column":71}},"line":24},"11":{"name":"(anonymous_11)","decl":{"start":{"line":26,"column":24},"end":{"line":26,"column":25}},"loc":{"start":{"line":26,"column":31},"end":{"line":26,"column":52}},"line":26},"12":{"name":"(anonymous_12)","decl":{"start":{"line":28,"column":25},"end":{"line":28,"column":26}},"loc":{"start":{"line":28,"column":31},"end":{"line":28,"column":50}},"line":28},"13":{"name":"(anonymous_13)","decl":{"start":{"line":30,"column":26},"end":{"line":30,"column":27}},"loc":{"start":{"line":30,"column":33},"end":{"line":30,"column":54}},"line":30},"14":{"name":"(anonymous_14)","decl":{"start":{"line":32,"column":24},"end":{"line":32,"column":25}},"loc":{"start":{"line":32,"column":36},"end":{"line":32,"column":76}},"line":32},"15":{"name":"(anonymous_15)","decl":{"start":{"line":34,"column":24},"end":{"line":34,"column":25}},"loc":{"start":{"line":34,"column":32},"end":{"line":34,"column":64}},"line":34},"16":{"name":"(anonymous_16)","decl":{"start":{"line":36,"column":24},"end":{"line":36,"column":25}},"loc":{"start":{"line":36,"column":31},"end":{"line":36,"column":70}},"line":36},"17":{"name":"(anonymous_17)","decl":{"start":{"line":38,"column":25},"end":{"line":38,"column":26}},"loc":{"start":{"line":38,"column":33},"end":{"line":38,"column":74}},"line":38},"18":{"name":"(anonymous_18)","decl":{"start":{"line":40,"column":24},"end":{"line":40,"column":25}},"loc":{"start":{"line":40,"column":32},"end":{"line":40,"column":64}},"line":40},"19":{"name":"(anonymous_19)","decl":{"start":{"line":42,"column":22},"end":{"line":42,"column":23}},"loc":{"start":{"line":42,"column":29},"end":{"line":42,"column":68}},"line":42},"20":{"name":"(anonymous_20)","decl":{"start":{"line":44,"column":25},"end":{"line":44,"column":26}},"loc":{"start":{"line":44,"column":41},"end":{"line":46,"column":1}},"line":44},"21":{"name":"(anonymous_21)","decl":{"start":{"line":48,"column":34},"end":{"line":48,"column":35}},"loc":{"start":{"line":48,"column":50},"end":{"line":50,"column":1}},"line":48},"22":{"name":"(anonymous_22)","decl":{"start":{"line":52,"column":21},"end":{"line":52,"column":22}},"loc":{"start":{"line":52,"column":30},"end":{"line":52,"column":66}},"line":52},"23":{"name":"(anonymous_23)","decl":{"start":{"line":54,"column":25},"end":{"line":54,"column":26}},"loc":{"start":{"line":54,"column":32},"end":{"line":59,"column":1}},"line":54},"24":{"name":"(anonymous_24)","decl":{"start":{"line":57,"column":34},"end":{"line":57,"column":35}},"loc":{"start":{"line":57,"column":40},"end":{"line":57,"column":55}},"line":57},"25":{"name":"(anonymous_25)","decl":{"start":{"line":61,"column":28},"end":{"line":61,"column":29}},"loc":{"start":{"line":61,"column":46},"end":{"line":63,"column":1}},"line":61}},"branchMap":{"0":{"loc":{"start":{"line":4,"column":26},"end":{"line":4,"column":49}},"type":"binary-expr","locations":[{"start":{"line":4,"column":26},"end":{"line":4,"column":29}},{"start":{"line":4,"column":33},"end":{"line":4,"column":49}}],"line":4},"1":{"loc":{"start":{"line":6,"column":26},"end":{"line":6,"column":48}},"type":"binary-expr","locations":[{"start":{"line":6,"column":26},"end":{"line":6,"column":29}},{"start":{"line":6,"column":33},"end":{"line":6,"column":48}}],"line":6},"2":{"loc":{"start":{"line":8,"column":31},"end":{"line":8,"column":53}},"type":"binary-expr","locations":[{"start":{"line":8,"column":31},"end":{"line":8,"column":34}},{"start":{"line":8,"column":38},"end":{"line":8,"column":53}}],"line":8},"3":{"loc":{"start":{"line":10,"column":26},"end":{"line":10,"column":48}},"type":"binary-expr","locations":[{"start":{"line":10,"column":26},"end":{"line":10,"column":29}},{"start":{"line":10,"column":33},"end":{"line":10,"column":48}}],"line":10},"4":{"loc":{"start":{"line":12,"column":26},"end":{"line":12,"column":47}},"type":"binary-expr","locations":[{"start":{"line":12,"column":26},"end":{"line":12,"column":29}},{"start":{"line":12,"column":33},"end":{"line":12,"column":47}}],"line":12},"5":{"loc":{"start":{"line":14,"column":29},"end":{"line":14,"column":50}},"type":"binary-expr","locations":[{"start":{"line":14,"column":29},"end":{"line":14,"column":32}},{"start":{"line":14,"column":36},"end":{"line":14,"column":50}}],"line":14},"6":{"loc":{"start":{"line":16,"column":35},"end":{"line":16,"column":56}},"type":"binary-expr","locations":[{"start":{"line":16,"column":35},"end":{"line":16,"column":38}},{"start":{"line":16,"column":42},"end":{"line":16,"column":56}}],"line":16},"7":{"loc":{"start":{"line":18,"column":30},"end":{"line":18,"column":52}},"type":"binary-expr","locations":[{"start":{"line":18,"column":30},"end":{"line":18,"column":35}},{"start":{"line":18,"column":39},"end":{"line":18,"column":52}}],"line":18},"8":{"loc":{"start":{"line":20,"column":30},"end":{"line":20,"column":52}},"type":"binary-expr","locations":[{"start":{"line":20,"column":30},"end":{"line":20,"column":35}},{"start":{"line":20,"column":39},"end":{"line":20,"column":52}}],"line":20},"9":{"loc":{"start":{"line":22,"column":31},"end":{"line":22,"column":52}},"type":"binary-expr","locations":[{"start":{"line":22,"column":31},"end":{"line":22,"column":34}},{"start":{"line":22,"column":38},"end":{"line":22,"column":52}}],"line":22},"10":{"loc":{"start":{"line":24,"column":38},"end":{"line":24,"column":71}},"type":"binary-expr","locations":[{"start":{"line":24,"column":38},"end":{"line":24,"column":47}},{"start":{"line":24,"column":51},"end":{"line":24,"column":71}}],"line":24},"11":{"loc":{"start":{"line":26,"column":31},"end":{"line":26,"column":52}},"type":"binary-expr","locations":[{"start":{"line":26,"column":31},"end":{"line":26,"column":34}},{"start":{"line":26,"column":38},"end":{"line":26,"column":52}}],"line":26},"12":{"loc":{"start":{"line":28,"column":31},"end":{"line":28,"column":50}},"type":"binary-expr","locations":[{"start":{"line":28,"column":31},"end":{"line":28,"column":33}},{"start":{"line":28,"column":37},"end":{"line":28,"column":50}}],"line":28},"13":{"loc":{"start":{"line":30,"column":33},"end":{"line":30,"column":54}},"type":"binary-expr","locations":[{"start":{"line":30,"column":33},"end":{"line":30,"column":36}},{"start":{"line":30,"column":40},"end":{"line":30,"column":54}}],"line":30},"14":{"loc":{"start":{"line":32,"column":36},"end":{"line":32,"column":76}},"type":"binary-expr","locations":[{"start":{"line":32,"column":36},"end":{"line":32,"column":53}},{"start":{"line":32,"column":57},"end":{"line":32,"column":76}}],"line":32},"15":{"loc":{"start":{"line":34,"column":32},"end":{"line":34,"column":64}},"type":"binary-expr","locations":[{"start":{"line":34,"column":32},"end":{"line":34,"column":45}},{"start":{"line":34,"column":49},"end":{"line":34,"column":64}}],"line":34},"16":{"loc":{"start":{"line":36,"column":31},"end":{"line":36,"column":70}},"type":"binary-expr","locations":[{"start":{"line":36,"column":31},"end":{"line":36,"column":43}},{"start":{"line":36,"column":47},"end":{"line":36,"column":70}}],"line":36},"17":{"loc":{"start":{"line":38,"column":33},"end":{"line":38,"column":74}},"type":"binary-expr","locations":[{"start":{"line":38,"column":33},"end":{"line":38,"column":46}},{"start":{"line":38,"column":50},"end":{"line":38,"column":74}}],"line":38},"18":{"loc":{"start":{"line":40,"column":32},"end":{"line":40,"column":64}},"type":"binary-expr","locations":[{"start":{"line":40,"column":32},"end":{"line":40,"column":45}},{"start":{"line":40,"column":49},"end":{"line":40,"column":64}}],"line":40},"19":{"loc":{"start":{"line":42,"column":29},"end":{"line":42,"column":68}},"type":"binary-expr","locations":[{"start":{"line":42,"column":29},"end":{"line":42,"column":41}},{"start":{"line":42,"column":45},"end":{"line":42,"column":68}}],"line":42},"20":{"loc":{"start":{"line":45,"column":11},"end":{"line":45,"column":34}},"type":"binary-expr","locations":[{"start":{"line":45,"column":11},"end":{"line":45,"column":14}},{"start":{"line":45,"column":18},"end":{"line":45,"column":34}}],"line":45},"21":{"loc":{"start":{"line":49,"column":11},"end":{"line":49,"column":34}},"type":"binary-expr","locations":[{"start":{"line":49,"column":11},"end":{"line":49,"column":14}},{"start":{"line":49,"column":18},"end":{"line":49,"column":34}}],"line":49},"22":{"loc":{"start":{"line":52,"column":30},"end":{"line":52,"column":66}},"type":"binary-expr","locations":[{"start":{"line":52,"column":30},"end":{"line":52,"column":44}},{"start":{"line":52,"column":48},"end":{"line":52,"column":66}}],"line":52},"23":{"loc":{"start":{"line":55,"column":4},"end":{"line":56,"column":18}},"type":"if","locations":[{"start":{"line":55,"column":4},"end":{"line":56,"column":18}},{"start":{"line":55,"column":4},"end":{"line":56,"column":18}}],"line":55},"24":{"loc":{"start":{"line":62,"column":11},"end":{"line":62,"column":38}},"type":"binary-expr","locations":[{"start":{"line":62,"column":11},"end":{"line":62,"column":16}},{"start":{"line":62,"column":20},"end":{"line":62,"column":38}}],"line":62}},"s":{"0":1,"1":1,"2":8,"3":1,"4":3,"5":1,"6":0,"7":1,"8":0,"9":1,"10":69,"11":1,"12":8,"13":1,"14":35,"15":1,"16":29,"17":1,"18":15,"19":1,"20":39,"21":1,"22":25,"23":1,"24":37,"25":1,"26":34,"27":1,"28":4,"29":1,"30":35,"31":1,"32":10,"33":1,"34":17,"35":1,"36":15,"37":1,"38":25,"39":1,"40":5,"41":1,"42":6,"43":1,"44":11,"45":1,"46":38,"47":1,"48":19,"49":3,"50":16,"51":32,"52":16,"53":1,"54":15,"55":1},"f":{"0":8,"1":3,"2":0,"3":0,"4":69,"5":8,"6":35,"7":29,"8":15,"9":39,"10":25,"11":37,"12":34,"13":4,"14":35,"15":10,"16":17,"17":15,"18":25,"19":5,"20":6,"21":11,"22":38,"23":19,"24":32,"25":15},"b":{"0":[8,6],"1":[3,2],"2":[0,0],"3":[0,0],"4":[69,65],"5":[8,6],"6":[35,30],"7":[29,24],"8":[15,13],"9":[39,35],"10":[25,21],"11":[37,31],"12":[34,28],"13":[4,3],"14":[35,35],"15":[10,10],"16":[17,15],"17":[15,13],"18":[25,25],"19":[5,4],"20":[6,5],"21":[11,9],"22":[38,35],"23":[3,16],"24":[15,12]},"_coverageSchema":"1a1c01bbd47fc00a2c39e90264f33305004495a9","hash":"ea2779ba1eeb2c672133edbb7fb49a23cfa46c2d","contentHash":"0246c67241afcb44fe2df824ae4dfabfbe96eff7b22f06aad96f4c247d90fb8f"},"/Volumes/development/aws_serverless/src/opt/nodejs/utils/errors/general.js":{"path":"/Volumes/development/aws_serverless/src/opt/nodejs/utils/errors/general.js","statementMap":{"0":{"start":{"line":2,"column":26},"end":{"line":2,"column":67}},"1":{"start":{"line":2,"column":32},"end":{"line":2,"column":67}},"2":{"start":{"line":3,"column":32},"end":{"line":3,"column":72}},"3":{"start":{"line":3,"column":38},"end":{"line":3,"column":72}},"4":{"start":{"line":4,"column":42},"end":{"line":4,"column":93}},"5":{"start":{"line":4,"column":48},"end":{"line":4,"column":93}},"6":{"start":{"line":5,"column":42},"end":{"line":5,"column":93}},"7":{"start":{"line":5,"column":48},"end":{"line":5,"column":93}},"8":{"start":{"line":6,"column":24},"end":{"line":6,"column":63}},"9":{"start":{"line":6,"column":30},"end":{"line":6,"column":63}},"10":{"start":{"line":7,"column":29},"end":{"line":7,"column":74}},"11":{"start":{"line":7,"column":35},"end":{"line":7,"column":74}},"12":{"start":{"line":8,"column":24},"end":{"line":8,"column":63}},"13":{"start":{"line":8,"column":30},"end":{"line":8,"column":63}},"14":{"start":{"line":9,"column":24},"end":{"line":9,"column":63}},"15":{"start":{"line":9,"column":30},"end":{"line":9,"column":63}},"16":{"start":{"line":10,"column":30},"end":{"line":10,"column":76}},"17":{"start":{"line":10,"column":36},"end":{"line":10,"column":76}},"18":{"start":{"line":11,"column":30},"end":{"line":11,"column":76}},"19":{"start":{"line":11,"column":36},"end":{"line":11,"column":76}},"20":{"start":{"line":12,"column":27},"end":{"line":12,"column":70}},"21":{"start":{"line":12,"column":33},"end":{"line":12,"column":70}},"22":{"start":{"line":13,"column":31},"end":{"line":13,"column":78}},"23":{"start":{"line":13,"column":37},"end":{"line":13,"column":78}},"24":{"start":{"line":14,"column":29},"end":{"line":14,"column":73}},"25":{"start":{"line":14,"column":35},"end":{"line":14,"column":73}},"26":{"start":{"line":15,"column":29},"end":{"line":15,"column":73}},"27":{"start":{"line":15,"column":35},"end":{"line":15,"column":73}},"28":{"start":{"line":16,"column":29},"end":{"line":16,"column":74}},"29":{"start":{"line":16,"column":35},"end":{"line":16,"column":74}},"30":{"start":{"line":17,"column":33},"end":{"line":17,"column":82}},"31":{"start":{"line":17,"column":39},"end":{"line":17,"column":82}},"32":{"start":{"line":18,"column":30},"end":{"line":18,"column":85}},"33":{"start":{"line":18,"column":36},"end":{"line":18,"column":85}},"34":{"start":{"line":19,"column":21},"end":{"line":19,"column":62}},"35":{"start":{"line":19,"column":27},"end":{"line":19,"column":62}},"36":{"start":{"line":20,"column":29},"end":{"line":20,"column":73}},"37":{"start":{"line":20,"column":35},"end":{"line":20,"column":73}},"38":{"start":{"line":21,"column":30},"end":{"line":21,"column":75}},"39":{"start":{"line":21,"column":36},"end":{"line":21,"column":75}},"40":{"start":{"line":22,"column":29},"end":{"line":22,"column":73}},"41":{"start":{"line":22,"column":35},"end":{"line":22,"column":73}},"42":{"start":{"line":23,"column":29},"end":{"line":23,"column":73}},"43":{"start":{"line":23,"column":35},"end":{"line":23,"column":73}},"44":{"start":{"line":24,"column":26},"end":{"line":24,"column":67}},"45":{"start":{"line":24,"column":32},"end":{"line":24,"column":67}},"46":{"start":{"line":25,"column":27},"end":{"line":25,"column":69}},"47":{"start":{"line":25,"column":33},"end":{"line":25,"column":69}},"48":{"start":{"line":27,"column":0},"end":{"line":52,"column":1}}},"fnMap":{"0":{"name":"(anonymous_0)","decl":{"start":{"line":2,"column":26},"end":{"line":2,"column":27}},"loc":{"start":{"line":2,"column":32},"end":{"line":2,"column":67}},"line":2},"1":{"name":"(anonymous_1)","decl":{"start":{"line":3,"column":32},"end":{"line":3,"column":33}},"loc":{"start":{"line":3,"column":38},"end":{"line":3,"column":72}},"line":3},"2":{"name":"(anonymous_2)","decl":{"start":{"line":4,"column":42},"end":{"line":4,"column":43}},"loc":{"start":{"line":4,"column":48},"end":{"line":4,"column":93}},"line":4},"3":{"name":"(anonymous_3)","decl":{"start":{"line":5,"column":42},"end":{"line":5,"column":43}},"loc":{"start":{"line":5,"column":48},"end":{"line":5,"column":93}},"line":5},"4":{"name":"(anonymous_4)","decl":{"start":{"line":6,"column":24},"end":{"line":6,"column":25}},"loc":{"start":{"line":6,"column":30},"end":{"line":6,"column":63}},"line":6},"5":{"name":"(anonymous_5)","decl":{"start":{"line":7,"column":29},"end":{"line":7,"column":30}},"loc":{"start":{"line":7,"column":35},"end":{"line":7,"column":74}},"line":7},"6":{"name":"(anonymous_6)","decl":{"start":{"line":8,"column":24},"end":{"line":8,"column":25}},"loc":{"start":{"line":8,"column":30},"end":{"line":8,"column":63}},"line":8},"7":{"name":"(anonymous_7)","decl":{"start":{"line":9,"column":24},"end":{"line":9,"column":25}},"loc":{"start":{"line":9,"column":30},"end":{"line":9,"column":63}},"line":9},"8":{"name":"(anonymous_8)","decl":{"start":{"line":10,"column":30},"end":{"line":10,"column":31}},"loc":{"start":{"line":10,"column":36},"end":{"line":10,"column":76}},"line":10},"9":{"name":"(anonymous_9)","decl":{"start":{"line":11,"column":30},"end":{"line":11,"column":31}},"loc":{"start":{"line":11,"column":36},"end":{"line":11,"column":76}},"line":11},"10":{"name":"(anonymous_10)","decl":{"start":{"line":12,"column":27},"end":{"line":12,"column":28}},"loc":{"start":{"line":12,"column":33},"end":{"line":12,"column":70}},"line":12},"11":{"name":"(anonymous_11)","decl":{"start":{"line":13,"column":31},"end":{"line":13,"column":32}},"loc":{"start":{"line":13,"column":37},"end":{"line":13,"column":78}},"line":13},"12":{"name":"(anonymous_12)","decl":{"start":{"line":14,"column":29},"end":{"line":14,"column":30}},"loc":{"start":{"line":14,"column":35},"end":{"line":14,"column":73}},"line":14},"13":{"name":"(anonymous_13)","decl":{"start":{"line":15,"column":29},"end":{"line":15,"column":30}},"loc":{"start":{"line":15,"column":35},"end":{"line":15,"column":73}},"line":15},"14":{"name":"(anonymous_14)","decl":{"start":{"line":16,"column":29},"end":{"line":16,"column":30}},"loc":{"start":{"line":16,"column":35},"end":{"line":16,"column":74}},"line":16},"15":{"name":"(anonymous_15)","decl":{"start":{"line":17,"column":33},"end":{"line":17,"column":34}},"loc":{"start":{"line":17,"column":39},"end":{"line":17,"column":82}},"line":17},"16":{"name":"(anonymous_16)","decl":{"start":{"line":18,"column":30},"end":{"line":18,"column":31}},"loc":{"start":{"line":18,"column":36},"end":{"line":18,"column":85}},"line":18},"17":{"name":"(anonymous_17)","decl":{"start":{"line":19,"column":21},"end":{"line":19,"column":22}},"loc":{"start":{"line":19,"column":27},"end":{"line":19,"column":62}},"line":19},"18":{"name":"(anonymous_18)","decl":{"start":{"line":20,"column":29},"end":{"line":20,"column":30}},"loc":{"start":{"line":20,"column":35},"end":{"line":20,"column":73}},"line":20},"19":{"name":"(anonymous_19)","decl":{"start":{"line":21,"column":30},"end":{"line":21,"column":31}},"loc":{"start":{"line":21,"column":36},"end":{"line":21,"column":75}},"line":21},"20":{"name":"(anonymous_20)","decl":{"start":{"line":22,"column":29},"end":{"line":22,"column":30}},"loc":{"start":{"line":22,"column":35},"end":{"line":22,"column":73}},"line":22},"21":{"name":"(anonymous_21)","decl":{"start":{"line":23,"column":29},"end":{"line":23,"column":30}},"loc":{"start":{"line":23,"column":35},"end":{"line":23,"column":73}},"line":23},"22":{"name":"(anonymous_22)","decl":{"start":{"line":24,"column":26},"end":{"line":24,"column":27}},"loc":{"start":{"line":24,"column":32},"end":{"line":24,"column":67}},"line":24},"23":{"name":"(anonymous_23)","decl":{"start":{"line":25,"column":27},"end":{"line":25,"column":28}},"loc":{"start":{"line":25,"column":33},"end":{"line":25,"column":69}},"line":25}},"branchMap":{},"s":{"0":1,"1":7,"2":1,"3":3,"4":1,"5":6,"6":1,"7":6,"8":1,"9":1,"10":1,"11":2,"12":1,"13":5,"14":1,"15":3,"16":1,"17":4,"18":1,"19":6,"20":1,"21":2,"22":1,"23":1,"24":1,"25":3,"26":1,"27":1,"28":1,"29":2,"30":1,"31":8,"32":1,"33":5,"34":1,"35":6,"36":1,"37":4,"38":1,"39":4,"40":1,"41":2,"42":1,"43":2,"44":1,"45":2,"46":1,"47":2,"48":1},"f":{"0":7,"1":3,"2":6,"3":6,"4":1,"5":2,"6":5,"7":3,"8":4,"9":6,"10":2,"11":1,"12":3,"13":1,"14":2,"15":8,"16":5,"17":6,"18":4,"19":4,"20":2,"21":2,"22":2,"23":2},"b":{},"_coverageSchema":"1a1c01bbd47fc00a2c39e90264f33305004495a9","hash":"dcd4f2f5605a79ec03d47ece659f59fbf36e442f","contentHash":"22c27ebf36ccd9bace159885d1d73ac21f1f958e03018203d855bf73f892f769"},"/Volumes/development/aws_serverless/src/opt/nodejs/cognito.connector.js":{"path":"/Volumes/development/aws_serverless/src/opt/nodejs/cognito.connector.js","statementMap":{"0":{"start":{"line":3,"column":23},"end":{"line":3,"column":43}},"1":{"start":{"line":9,"column":4},"end":{"line":9,"column":39}},"2":{"start":{"line":14,"column":29},"end":{"line":14,"column":62}},"3":{"start":{"line":17,"column":38},"end":{"line":17,"column":84}},"4":{"start":{"line":17,"column":44},"end":{"line":17,"column":84}},"5":{"start":{"line":18,"column":36},"end":{"line":18,"column":81}},"6":{"start":{"line":18,"column":42},"end":{"line":18,"column":81}},"7":{"start":{"line":19,"column":37},"end":{"line":19,"column":89}},"8":{"start":{"line":19,"column":43},"end":{"line":19,"column":89}},"9":{"start":{"line":20,"column":32},"end":{"line":20,"column":73}},"10":{"start":{"line":20,"column":38},"end":{"line":20,"column":73}},"11":{"start":{"line":21,"column":41},"end":{"line":21,"column":93}},"12":{"start":{"line":21,"column":47},"end":{"line":21,"column":93}},"13":{"start":{"line":22,"column":43},"end":{"line":22,"column":96}},"14":{"start":{"line":22,"column":49},"end":{"line":22,"column":96}},"15":{"start":{"line":23,"column":39},"end":{"line":23,"column":88}},"16":{"start":{"line":23,"column":45},"end":{"line":23,"column":88}},"17":{"start":{"line":24,"column":38},"end":{"line":24,"column":86}},"18":{"start":{"line":24,"column":44},"end":{"line":24,"column":86}},"19":{"start":{"line":25,"column":46},"end":{"line":25,"column":101}},"20":{"start":{"line":25,"column":52},"end":{"line":25,"column":101}},"21":{"start":{"line":26,"column":36},"end":{"line":26,"column":81}},"22":{"start":{"line":26,"column":42},"end":{"line":26,"column":81}},"23":{"start":{"line":27,"column":45},"end":{"line":27,"column":100}},"24":{"start":{"line":27,"column":51},"end":{"line":27,"column":100}},"25":{"start":{"line":28,"column":47},"end":{"line":29,"column":55}},"26":{"start":{"line":29,"column":4},"end":{"line":29,"column":55}},"27":{"start":{"line":30,"column":59},"end":{"line":31,"column":69}},"28":{"start":{"line":31,"column":4},"end":{"line":31,"column":69}},"29":{"start":{"line":32,"column":41},"end":{"line":32,"column":99}},"30":{"start":{"line":32,"column":47},"end":{"line":32,"column":99}},"31":{"start":{"line":33,"column":34},"end":{"line":33,"column":76}},"32":{"start":{"line":33,"column":40},"end":{"line":33,"column":76}},"33":{"start":{"line":39,"column":16},"end":{"line":59,"column":2}},"34":{"start":{"line":40,"column":4},"end":{"line":41,"column":65}},"35":{"start":{"line":41,"column":8},"end":{"line":41,"column":65}},"36":{"start":{"line":43,"column":4},"end":{"line":44,"column":50}},"37":{"start":{"line":44,"column":8},"end":{"line":44,"column":50}},"38":{"start":{"line":46,"column":4},"end":{"line":58,"column":6}},"39":{"start":{"line":47,"column":8},"end":{"line":57,"column":10}},"40":{"start":{"line":48,"column":12},"end":{"line":56,"column":13}},"41":{"start":{"line":49,"column":16},"end":{"line":49,"column":27}},"42":{"start":{"line":51,"column":34},"end":{"line":51,"column":68}},"43":{"start":{"line":52,"column":39},"end":{"line":52,"column":72}},"44":{"start":{"line":53,"column":40},"end":{"line":53,"column":71}},"45":{"start":{"line":54,"column":35},"end":{"line":54,"column":64}},"46":{"start":{"line":55,"column":16},"end":{"line":55,"column":79}},"47":{"start":{"line":62,"column":25},"end":{"line":105,"column":2}},"48":{"start":{"line":63,"column":4},"end":{"line":103,"column":5}},"49":{"start":{"line":64,"column":8},"end":{"line":65,"column":53}},"50":{"start":{"line":65,"column":8},"end":{"line":65,"column":53}},"51":{"start":{"line":67,"column":8},"end":{"line":68,"column":54}},"52":{"start":{"line":68,"column":12},"end":{"line":68,"column":54}},"53":{"start":{"line":70,"column":8},"end":{"line":71,"column":57}},"54":{"start":{"line":71,"column":12},"end":{"line":71,"column":57}},"55":{"start":{"line":73,"column":29},"end":{"line":73,"column":74}},"56":{"start":{"line":75,"column":8},"end":{"line":76,"column":65}},"57":{"start":{"line":76,"column":12},"end":{"line":76,"column":65}},"58":{"start":{"line":78,"column":35},"end":{"line":78,"column":87}},"59":{"start":{"line":79,"column":31},"end":{"line":79,"column":65}},"60":{"start":{"line":81,"column":8},"end":{"line":82,"column":64}},"61":{"start":{"line":82,"column":12},"end":{"line":82,"column":64}},"62":{"start":{"line":84,"column":30},"end":{"line":84,"column":65}},"63":{"start":{"line":85,"column":26},"end":{"line":85,"column":55}},"64":{"start":{"line":86,"column":32},"end":{"line":86,"column":69}},"65":{"start":{"line":88,"column":8},"end":{"line":89,"column":75}},"66":{"start":{"line":89,"column":16},"end":{"line":89,"column":75}},"67":{"start":{"line":91,"column":8},"end":{"line":92,"column":73}},"68":{"start":{"line":92,"column":12},"end":{"line":92,"column":73}},"69":{"start":{"line":94,"column":8},"end":{"line":95,"column":67}},"70":{"start":{"line":95,"column":12},"end":{"line":95,"column":67}},"71":{"start":{"line":96,"column":8},"end":{"line":96,"column":19}},"72":{"start":{"line":98,"column":8},"end":{"line":98,"column":54}},"73":{"start":{"line":101,"column":8},"end":{"line":101,"column":24}},"74":{"start":{"line":102,"column":8},"end":{"line":102,"column":58}},"75":{"start":{"line":110,"column":36},"end":{"line":121,"column":2}},"76":{"start":{"line":111,"column":4},"end":{"line":113,"column":5}},"77":{"start":{"line":112,"column":8},"end":{"line":112,"column":53}},"78":{"start":{"line":114,"column":4},"end":{"line":116,"column":5}},"79":{"start":{"line":115,"column":8},"end":{"line":115,"column":53}},"80":{"start":{"line":117,"column":4},"end":{"line":120,"column":6}},"81":{"start":{"line":124,"column":35},"end":{"line":135,"column":2}},"82":{"start":{"line":125,"column":4},"end":{"line":127,"column":5}},"83":{"start":{"line":126,"column":8},"end":{"line":126,"column":53}},"84":{"start":{"line":128,"column":4},"end":{"line":130,"column":5}},"85":{"start":{"line":129,"column":8},"end":{"line":129,"column":53}},"86":{"start":{"line":131,"column":4},"end":{"line":134,"column":6}},"87":{"start":{"line":138,"column":28},"end":{"line":156,"column":2}},"88":{"start":{"line":139,"column":27},"end":{"line":139,"column":56}},"89":{"start":{"line":140,"column":28},"end":{"line":140,"column":58}},"90":{"start":{"line":141,"column":23},"end":{"line":141,"column":48}},"91":{"start":{"line":142,"column":4},"end":{"line":144,"column":5}},"92":{"start":{"line":143,"column":8},"end":{"line":143,"column":65}},"93":{"start":{"line":145,"column":4},"end":{"line":147,"column":5}},"94":{"start":{"line":146,"column":8},"end":{"line":146,"column":67}},"95":{"start":{"line":148,"column":4},"end":{"line":150,"column":5}},"96":{"start":{"line":149,"column":8},"end":{"line":149,"column":62}},"97":{"start":{"line":151,"column":4},"end":{"line":155,"column":6}},"98":{"start":{"line":158,"column":27},"end":{"line":162,"column":3}},"99":{"start":{"line":158,"column":74},"end":{"line":162,"column":1}},"100":{"start":{"line":165,"column":18},"end":{"line":181,"column":2}},"101":{"start":{"line":166,"column":24},"end":{"line":166,"column":40}},"102":{"start":{"line":167,"column":25},"end":{"line":167,"column":42}},"103":{"start":{"line":168,"column":20},"end":{"line":168,"column":32}},"104":{"start":{"line":170,"column":4},"end":{"line":172,"column":5}},"105":{"start":{"line":171,"column":8},"end":{"line":171,"column":60}},"106":{"start":{"line":173,"column":4},"end":{"line":175,"column":5}},"107":{"start":{"line":174,"column":8},"end":{"line":174,"column":61}},"108":{"start":{"line":176,"column":4},"end":{"line":178,"column":5}},"109":{"start":{"line":177,"column":8},"end":{"line":177,"column":56}},"110":{"start":{"line":180,"column":4},"end":{"line":180,"column":82}},"111":{"start":{"line":184,"column":21},"end":{"line":223,"column":2}},"112":{"start":{"line":189,"column":4},"end":{"line":221,"column":6}},"113":{"start":{"line":190,"column":8},"end":{"line":220,"column":10}},"114":{"start":{"line":193,"column":16},"end":{"line":201,"column":17}},"115":{"start":{"line":194,"column":38},"end":{"line":194,"column":71}},"116":{"start":{"line":195,"column":43},"end":{"line":195,"column":76}},"117":{"start":{"line":196,"column":44},"end":{"line":196,"column":75}},"118":{"start":{"line":197,"column":39},"end":{"line":197,"column":68}},"119":{"start":{"line":198,"column":20},"end":{"line":198,"column":83}},"120":{"start":{"line":200,"column":20},"end":{"line":200,"column":31}},"121":{"start":{"line":206,"column":16},"end":{"line":206,"column":52}},"122":{"start":{"line":207,"column":16},"end":{"line":207,"column":59}},"123":{"start":{"line":209,"column":16},"end":{"line":213,"column":18}},"124":{"start":{"line":214,"column":16},"end":{"line":214,"column":25}},"125":{"start":{"line":218,"column":16},"end":{"line":218,"column":29}},"126":{"start":{"line":226,"column":29},"end":{"line":255,"column":2}},"127":{"start":{"line":227,"column":4},"end":{"line":254,"column":5}},"128":{"start":{"line":228,"column":25},"end":{"line":228,"column":78}},"129":{"start":{"line":229,"column":28},"end":{"line":229,"column":62}},"130":{"start":{"line":231,"column":8},"end":{"line":232,"column":74}},"131":{"start":{"line":232,"column":12},"end":{"line":232,"column":74}},"132":{"start":{"line":234,"column":35},"end":{"line":234,"column":87}},"133":{"start":{"line":235,"column":31},"end":{"line":235,"column":65}},"134":{"start":{"line":237,"column":8},"end":{"line":238,"column":64}},"135":{"start":{"line":238,"column":12},"end":{"line":238,"column":64}},"136":{"start":{"line":240,"column":34},"end":{"line":240,"column":73}},"137":{"start":{"line":241,"column":46},"end":{"line":241,"column":97}},"138":{"start":{"line":243,"column":8},"end":{"line":244,"column":75}},"139":{"start":{"line":244,"column":12},"end":{"line":244,"column":75}},"140":{"start":{"line":246,"column":8},"end":{"line":247,"column":87}},"141":{"start":{"line":247,"column":12},"end":{"line":247,"column":87}},"142":{"start":{"line":249,"column":8},"end":{"line":249,"column":90}},"143":{"start":{"line":252,"column":8},"end":{"line":252,"column":24}},"144":{"start":{"line":253,"column":8},"end":{"line":253,"column":62}},"145":{"start":{"line":258,"column":0},"end":{"line":291,"column":1}},"146":{"start":{"line":284,"column":20},"end":{"line":284,"column":66}},"147":{"start":{"line":285,"column":27},"end":{"line":285,"column":70}},"148":{"start":{"line":288,"column":16},"end":{"line":288,"column":61}},"149":{"start":{"line":289,"column":27},"end":{"line":289,"column":70}}},"fnMap":{"0":{"name":"(anonymous_0)","decl":{"start":{"line":17,"column":38},"end":{"line":17,"column":39}},"loc":{"start":{"line":17,"column":44},"end":{"line":17,"column":84}},"line":17},"1":{"name":"(anonymous_1)","decl":{"start":{"line":18,"column":36},"end":{"line":18,"column":37}},"loc":{"start":{"line":18,"column":42},"end":{"line":18,"column":81}},"line":18},"2":{"name":"(anonymous_2)","decl":{"start":{"line":19,"column":37},"end":{"line":19,"column":38}},"loc":{"start":{"line":19,"column":43},"end":{"line":19,"column":89}},"line":19},"3":{"name":"(anonymous_3)","decl":{"start":{"line":20,"column":32},"end":{"line":20,"column":33}},"loc":{"start":{"line":20,"column":38},"end":{"line":20,"column":73}},"line":20},"4":{"name":"(anonymous_4)","decl":{"start":{"line":21,"column":41},"end":{"line":21,"column":42}},"loc":{"start":{"line":21,"column":47},"end":{"line":21,"column":93}},"line":21},"5":{"name":"(anonymous_5)","decl":{"start":{"line":22,"column":43},"end":{"line":22,"column":44}},"loc":{"start":{"line":22,"column":49},"end":{"line":22,"column":96}},"line":22},"6":{"name":"(anonymous_6)","decl":{"start":{"line":23,"column":39},"end":{"line":23,"column":40}},"loc":{"start":{"line":23,"column":45},"end":{"line":23,"column":88}},"line":23},"7":{"name":"(anonymous_7)","decl":{"start":{"line":24,"column":38},"end":{"line":24,"column":39}},"loc":{"start":{"line":24,"column":44},"end":{"line":24,"column":86}},"line":24},"8":{"name":"(anonymous_8)","decl":{"start":{"line":25,"column":46},"end":{"line":25,"column":47}},"loc":{"start":{"line":25,"column":52},"end":{"line":25,"column":101}},"line":25},"9":{"name":"(anonymous_9)","decl":{"start":{"line":26,"column":36},"end":{"line":26,"column":37}},"loc":{"start":{"line":26,"column":42},"end":{"line":26,"column":81}},"line":26},"10":{"name":"(anonymous_10)","decl":{"start":{"line":27,"column":45},"end":{"line":27,"column":46}},"loc":{"start":{"line":27,"column":51},"end":{"line":27,"column":100}},"line":27},"11":{"name":"(anonymous_11)","decl":{"start":{"line":28,"column":47},"end":{"line":28,"column":48}},"loc":{"start":{"line":29,"column":4},"end":{"line":29,"column":55}},"line":29},"12":{"name":"(anonymous_12)","decl":{"start":{"line":30,"column":59},"end":{"line":30,"column":60}},"loc":{"start":{"line":31,"column":4},"end":{"line":31,"column":69}},"line":31},"13":{"name":"(anonymous_13)","decl":{"start":{"line":32,"column":41},"end":{"line":32,"column":42}},"loc":{"start":{"line":32,"column":47},"end":{"line":32,"column":99}},"line":32},"14":{"name":"(anonymous_14)","decl":{"start":{"line":33,"column":34},"end":{"line":33,"column":35}},"loc":{"start":{"line":33,"column":40},"end":{"line":33,"column":76}},"line":33},"15":{"name":"(anonymous_15)","decl":{"start":{"line":39,"column":22},"end":{"line":39,"column":23}},"loc":{"start":{"line":39,"column":50},"end":{"line":59,"column":1}},"line":39},"16":{"name":"(anonymous_16)","decl":{"start":{"line":46,"column":23},"end":{"line":46,"column":24}},"loc":{"start":{"line":46,"column":44},"end":{"line":58,"column":5}},"line":46},"17":{"name":"(anonymous_17)","decl":{"start":{"line":47,"column":31},"end":{"line":47,"column":32}},"loc":{"start":{"line":47,"column":55},"end":{"line":57,"column":9}},"line":47},"18":{"name":"(anonymous_18)","decl":{"start":{"line":62,"column":31},"end":{"line":62,"column":32}},"loc":{"start":{"line":62,"column":108},"end":{"line":105,"column":1}},"line":62},"19":{"name":"(anonymous_19)","decl":{"start":{"line":110,"column":42},"end":{"line":110,"column":43}},"loc":{"start":{"line":110,"column":66},"end":{"line":121,"column":1}},"line":110},"20":{"name":"(anonymous_20)","decl":{"start":{"line":124,"column":41},"end":{"line":124,"column":42}},"loc":{"start":{"line":124,"column":61},"end":{"line":135,"column":1}},"line":124},"21":{"name":"(anonymous_21)","decl":{"start":{"line":138,"column":34},"end":{"line":138,"column":35}},"loc":{"start":{"line":138,"column":46},"end":{"line":156,"column":1}},"line":138},"22":{"name":"(anonymous_22)","decl":{"start":{"line":158,"column":33},"end":{"line":158,"column":34}},"loc":{"start":{"line":158,"column":74},"end":{"line":162,"column":1}},"line":158},"23":{"name":"(anonymous_23)","decl":{"start":{"line":165,"column":24},"end":{"line":165,"column":25}},"loc":{"start":{"line":165,"column":73},"end":{"line":181,"column":1}},"line":165},"24":{"name":"(anonymous_24)","decl":{"start":{"line":184,"column":27},"end":{"line":184,"column":28}},"loc":{"start":{"line":187,"column":20},"end":{"line":223,"column":1}},"line":187},"25":{"name":"(anonymous_25)","decl":{"start":{"line":189,"column":23},"end":{"line":189,"column":24}},"loc":{"start":{"line":189,"column":44},"end":{"line":221,"column":5}},"line":189},"26":{"name":"(anonymous_26)","decl":{"start":{"line":191,"column":23},"end":{"line":191,"column":24}},"loc":{"start":{"line":191,"column":41},"end":{"line":203,"column":13}},"line":191},"27":{"name":"(anonymous_27)","decl":{"start":{"line":204,"column":33},"end":{"line":204,"column":34}},"loc":{"start":{"line":204,"column":85},"end":{"line":216,"column":13}},"line":204},"28":{"name":"(anonymous_28)","decl":{"start":{"line":217,"column":23},"end":{"line":217,"column":24}},"loc":{"start":{"line":217,"column":34},"end":{"line":219,"column":13}},"line":217},"29":{"name":"(anonymous_29)","decl":{"start":{"line":226,"column":35},"end":{"line":226,"column":36}},"loc":{"start":{"line":226,"column":117},"end":{"line":255,"column":1}},"line":226},"30":{"name":"(anonymous_30)","decl":{"start":{"line":284,"column":8},"end":{"line":284,"column":9}},"loc":{"start":{"line":284,"column":20},"end":{"line":284,"column":66}},"line":284},"31":{"name":"(anonymous_31)","decl":{"start":{"line":285,"column":8},"end":{"line":285,"column":9}},"loc":{"start":{"line":285,"column":27},"end":{"line":285,"column":70}},"line":285},"32":{"name":"(anonymous_32)","decl":{"start":{"line":288,"column":8},"end":{"line":288,"column":9}},"loc":{"start":{"line":288,"column":16},"end":{"line":288,"column":61}},"line":288},"33":{"name":"(anonymous_33)","decl":{"start":{"line":289,"column":8},"end":{"line":289,"column":9}},"loc":{"start":{"line":289,"column":27},"end":{"line":289,"column":70}},"line":289}},"branchMap":{"0":{"loc":{"start":{"line":40,"column":4},"end":{"line":41,"column":65}},"type":"if","locations":[{"start":{"line":40,"column":4},"end":{"line":41,"column":65}},{"start":{"line":40,"column":4},"end":{"line":41,"column":65}}],"line":40},"1":{"loc":{"start":{"line":43,"column":4},"end":{"line":44,"column":50}},"type":"if","locations":[{"start":{"line":43,"column":4},"end":{"line":44,"column":50}},{"start":{"line":43,"column":4},"end":{"line":44,"column":50}}],"line":43},"2":{"loc":{"start":{"line":48,"column":12},"end":{"line":56,"column":13}},"type":"if","locations":[{"start":{"line":48,"column":12},"end":{"line":56,"column":13}},{"start":{"line":48,"column":12},"end":{"line":56,"column":13}}],"line":48},"3":{"loc":{"start":{"line":64,"column":8},"end":{"line":65,"column":53}},"type":"if","locations":[{"start":{"line":64,"column":8},"end":{"line":65,"column":53}},{"start":{"line":64,"column":8},"end":{"line":65,"column":53}}],"line":64},"4":{"loc":{"start":{"line":67,"column":8},"end":{"line":68,"column":54}},"type":"if","locations":[{"start":{"line":67,"column":8},"end":{"line":68,"column":54}},{"start":{"line":67,"column":8},"end":{"line":68,"column":54}}],"line":67},"5":{"loc":{"start":{"line":70,"column":8},"end":{"line":71,"column":57}},"type":"if","locations":[{"start":{"line":70,"column":8},"end":{"line":71,"column":57}},{"start":{"line":70,"column":8},"end":{"line":71,"column":57}}],"line":70},"6":{"loc":{"start":{"line":75,"column":8},"end":{"line":76,"column":65}},"type":"if","locations":[{"start":{"line":75,"column":8},"end":{"line":76,"column":65}},{"start":{"line":75,"column":8},"end":{"line":76,"column":65}}],"line":75},"7":{"loc":{"start":{"line":81,"column":8},"end":{"line":82,"column":64}},"type":"if","locations":[{"start":{"line":81,"column":8},"end":{"line":82,"column":64}},{"start":{"line":81,"column":8},"end":{"line":82,"column":64}}],"line":81},"8":{"loc":{"start":{"line":88,"column":8},"end":{"line":89,"column":75}},"type":"if","locations":[{"start":{"line":88,"column":8},"end":{"line":89,"column":75}},{"start":{"line":88,"column":8},"end":{"line":89,"column":75}}],"line":88},"9":{"loc":{"start":{"line":91,"column":8},"end":{"line":92,"column":73}},"type":"if","locations":[{"start":{"line":91,"column":8},"end":{"line":92,"column":73}},{"start":{"line":91,"column":8},"end":{"line":92,"column":73}}],"line":91},"10":{"loc":{"start":{"line":94,"column":8},"end":{"line":95,"column":67}},"type":"if","locations":[{"start":{"line":94,"column":8},"end":{"line":95,"column":67}},{"start":{"line":94,"column":8},"end":{"line":95,"column":67}}],"line":94},"11":{"loc":{"start":{"line":111,"column":4},"end":{"line":113,"column":5}},"type":"if","locations":[{"start":{"line":111,"column":4},"end":{"line":113,"column":5}},{"start":{"line":111,"column":4},"end":{"line":113,"column":5}}],"line":111},"12":{"loc":{"start":{"line":114,"column":4},"end":{"line":116,"column":5}},"type":"if","locations":[{"start":{"line":114,"column":4},"end":{"line":116,"column":5}},{"start":{"line":114,"column":4},"end":{"line":116,"column":5}}],"line":114},"13":{"loc":{"start":{"line":125,"column":4},"end":{"line":127,"column":5}},"type":"if","locations":[{"start":{"line":125,"column":4},"end":{"line":127,"column":5}},{"start":{"line":125,"column":4},"end":{"line":127,"column":5}}],"line":125},"14":{"loc":{"start":{"line":128,"column":4},"end":{"line":130,"column":5}},"type":"if","locations":[{"start":{"line":128,"column":4},"end":{"line":130,"column":5}},{"start":{"line":128,"column":4},"end":{"line":130,"column":5}}],"line":128},"15":{"loc":{"start":{"line":142,"column":4},"end":{"line":144,"column":5}},"type":"if","locations":[{"start":{"line":142,"column":4},"end":{"line":144,"column":5}},{"start":{"line":142,"column":4},"end":{"line":144,"column":5}}],"line":142},"16":{"loc":{"start":{"line":145,"column":4},"end":{"line":147,"column":5}},"type":"if","locations":[{"start":{"line":145,"column":4},"end":{"line":147,"column":5}},{"start":{"line":145,"column":4},"end":{"line":147,"column":5}}],"line":145},"17":{"loc":{"start":{"line":148,"column":4},"end":{"line":150,"column":5}},"type":"if","locations":[{"start":{"line":148,"column":4},"end":{"line":150,"column":5}},{"start":{"line":148,"column":4},"end":{"line":150,"column":5}}],"line":148},"18":{"loc":{"start":{"line":170,"column":4},"end":{"line":172,"column":5}},"type":"if","locations":[{"start":{"line":170,"column":4},"end":{"line":172,"column":5}},{"start":{"line":170,"column":4},"end":{"line":172,"column":5}}],"line":170},"19":{"loc":{"start":{"line":173,"column":4},"end":{"line":175,"column":5}},"type":"if","locations":[{"start":{"line":173,"column":4},"end":{"line":175,"column":5}},{"start":{"line":173,"column":4},"end":{"line":175,"column":5}}],"line":173},"20":{"loc":{"start":{"line":176,"column":4},"end":{"line":178,"column":5}},"type":"if","locations":[{"start":{"line":176,"column":4},"end":{"line":178,"column":5}},{"start":{"line":176,"column":4},"end":{"line":178,"column":5}}],"line":176},"21":{"loc":{"start":{"line":231,"column":8},"end":{"line":232,"column":74}},"type":"if","locations":[{"start":{"line":231,"column":8},"end":{"line":232,"column":74}},{"start":{"line":231,"column":8},"end":{"line":232,"column":74}}],"line":231},"22":{"loc":{"start":{"line":237,"column":8},"end":{"line":238,"column":64}},"type":"if","locations":[{"start":{"line":237,"column":8},"end":{"line":238,"column":64}},{"start":{"line":237,"column":8},"end":{"line":238,"column":64}}],"line":237},"23":{"loc":{"start":{"line":243,"column":8},"end":{"line":244,"column":75}},"type":"if","locations":[{"start":{"line":243,"column":8},"end":{"line":244,"column":75}},{"start":{"line":243,"column":8},"end":{"line":244,"column":75}}],"line":243},"24":{"loc":{"start":{"line":246,"column":8},"end":{"line":247,"column":87}},"type":"if","locations":[{"start":{"line":246,"column":8},"end":{"line":247,"column":87}},{"start":{"line":246,"column":8},"end":{"line":247,"column":87}}],"line":246}},"s":{"0":1,"1":1,"2":1,"3":1,"4":2,"5":1,"6":2,"7":1,"8":3,"9":1,"10":2,"11":1,"12":3,"13":1,"14":3,"15":1,"16":2,"17":1,"18":2,"19":1,"20":2,"21":1,"22":3,"23":1,"24":2,"25":1,"26":2,"27":1,"28":2,"29":1,"30":2,"31":1,"32":2,"33":1,"34":6,"35":1,"36":5,"37":1,"38":4,"39":4,"40":4,"41":1,"42":3,"43":3,"44":3,"45":3,"46":3,"47":1,"48":11,"49":11,"50":1,"51":10,"52":1,"53":9,"54":1,"55":8,"56":8,"57":1,"58":7,"59":7,"60":7,"61":1,"62":6,"63":6,"64":6,"65":6,"66":1,"67":5,"68":1,"69":4,"70":1,"71":3,"72":2,"73":1,"74":1,"75":1,"76":10,"77":1,"78":9,"79":1,"80":8,"81":1,"82":16,"83":1,"84":15,"85":1,"86":14,"87":1,"88":9,"89":9,"90":9,"91":9,"92":2,"93":7,"94":1,"95":6,"96":1,"97":5,"98":1,"99":6,"100":1,"101":8,"102":8,"103":8,"104":8,"105":1,"106":7,"107":1,"108":6,"109":1,"110":5,"111":1,"112":3,"113":3,"114":2,"115":2,"116":1,"117":1,"118":1,"119":1,"120":1,"121":0,"122":0,"123":0,"124":0,"125":1,"126":1,"127":7,"128":7,"129":7,"130":7,"131":1,"132":6,"133":6,"134":5,"135":1,"136":4,"137":4,"138":4,"139":1,"140":3,"141":1,"142":2,"143":1,"144":1,"145":1,"146":0,"147":0,"148":0,"149":0},"f":{"0":2,"1":2,"2":3,"3":2,"4":3,"5":3,"6":2,"7":2,"8":2,"9":3,"10":2,"11":2,"12":2,"13":2,"14":2,"15":6,"16":4,"17":4,"18":11,"19":10,"20":16,"21":9,"22":6,"23":8,"24":3,"25":3,"26":2,"27":0,"28":1,"29":7,"30":0,"31":0,"32":0,"33":0},"b":{"0":[1,5],"1":[1,4],"2":[1,3],"3":[1,10],"4":[1,9],"5":[1,8],"6":[1,7],"7":[1,6],"8":[1,5],"9":[1,4],"10":[1,3],"11":[1,9],"12":[1,8],"13":[1,15],"14":[1,14],"15":[2,7],"16":[1,6],"17":[1,5],"18":[1,7],"19":[1,6],"20":[1,5],"21":[1,6],"22":[1,4],"23":[1,3],"24":[1,2]},"_coverageSchema":"1a1c01bbd47fc00a2c39e90264f33305004495a9","hash":"47326596c2adc2f9f96f1f3f34e33dbbfe194ac0","contentHash":"852046417f6cbb4f0464fe700772bce54577b511e2f3ef73c06a2afad5419b82"},"/Volumes/development/aws_serverless/src/opt/nodejs/dynamodb.connector.js":{"path":"/Volumes/development/aws_serverless/src/opt/nodejs/dynamodb.connector.js","statementMap":{"0":{"start":{"line":2,"column":12},"end":{"line":2,"column":30}},"1":{"start":{"line":4,"column":26},"end":{"line":4,"column":50}},"2":{"start":{"line":4,"column":41},"end":{"line":4,"column":50}},"3":{"start":{"line":6,"column":0},"end":{"line":9,"column":1}},"4":{"start":{"line":8,"column":29},"end":{"line":8,"column":88}}},"fnMap":{"0":{"name":"(anonymous_0)","decl":{"start":{"line":4,"column":26},"end":{"line":4,"column":27}},"loc":{"start":{"line":4,"column":41},"end":{"line":4,"column":50}},"line":4},"1":{"name":"(anonymous_1)","decl":{"start":{"line":8,"column":18},"end":{"line":8,"column":19}},"loc":{"start":{"line":8,"column":29},"end":{"line":8,"column":88}},"line":8}},"branchMap":{},"s":{"0":1,"1":1,"2":4,"3":1,"4":3},"f":{"0":4,"1":3},"b":{},"_coverageSchema":"1a1c01bbd47fc00a2c39e90264f33305004495a9","hash":"87c927a7c84a7955f8801d117a819d33032374c9","contentHash":"578906a325e9b04e364e857fdcf451226567b33a85cb20a776c63f7d3975341b"},"/Volumes/development/aws_serverless/src/opt/nodejs/mongodb.connector.js":{"path":"/Volumes/development/aws_serverless/src/opt/nodejs/mongodb.connector.js","statementMap":{"0":{"start":{"line":3,"column":18},"end":{"line":3,"column":38}},"1":{"start":{"line":4,"column":17},"end":{"line":4,"column":36}},"2":{"start":{"line":7,"column":45},"end":{"line":7,"column":100}},"3":{"start":{"line":7,"column":51},"end":{"line":7,"column":100}},"4":{"start":{"line":8,"column":40},"end":{"line":8,"column":93}},"5":{"start":{"line":8,"column":46},"end":{"line":8,"column":93}},"6":{"start":{"line":9,"column":34},"end":{"line":9,"column":75}},"7":{"start":{"line":9,"column":40},"end":{"line":9,"column":75}},"8":{"start":{"line":10,"column":37},"end":{"line":10,"column":82}},"9":{"start":{"line":10,"column":43},"end":{"line":10,"column":82}},"10":{"start":{"line":13,"column":33},"end":{"line":13,"column":100}},"11":{"start":{"line":13,"column":40},"end":{"line":13,"column":100}},"12":{"start":{"line":14,"column":31},"end":{"line":14,"column":62}},"13":{"start":{"line":14,"column":38},"end":{"line":14,"column":62}},"14":{"start":{"line":15,"column":33},"end":{"line":15,"column":62}},"15":{"start":{"line":15,"column":40},"end":{"line":15,"column":62}},"16":{"start":{"line":18,"column":31},"end":{"line":21,"column":3}},"17":{"start":{"line":18,"column":76},"end":{"line":21,"column":1}},"18":{"start":{"line":24,"column":25},"end":{"line":32,"column":2}},"19":{"start":{"line":25,"column":4},"end":{"line":31,"column":5}},"20":{"start":{"line":26,"column":27},"end":{"line":26,"column":72}},"21":{"start":{"line":27,"column":8},"end":{"line":27,"column":25}},"22":{"start":{"line":29,"column":8},"end":{"line":29,"column":24}},"23":{"start":{"line":30,"column":8},"end":{"line":30,"column":69}},"24":{"start":{"line":36,"column":26},"end":{"line":54,"column":2}},"25":{"start":{"line":38,"column":4},"end":{"line":40,"column":5}},"26":{"start":{"line":39,"column":8},"end":{"line":39,"column":64}},"27":{"start":{"line":41,"column":4},"end":{"line":43,"column":5}},"28":{"start":{"line":42,"column":8},"end":{"line":42,"column":58}},"29":{"start":{"line":44,"column":4},"end":{"line":46,"column":5}},"30":{"start":{"line":45,"column":8},"end":{"line":45,"column":61}},"31":{"start":{"line":48,"column":29},"end":{"line":48,"column":85}},"32":{"start":{"line":50,"column":4},"end":{"line":52,"column":5}},"33":{"start":{"line":51,"column":8},"end":{"line":51,"column":66}},"34":{"start":{"line":53,"column":4},"end":{"line":53,"column":45}},"35":{"start":{"line":59,"column":0},"end":{"line":71,"column":1}},"36":{"start":{"line":70,"column":33},"end":{"line":70,"column":89}}},"fnMap":{"0":{"name":"(anonymous_0)","decl":{"start":{"line":7,"column":45},"end":{"line":7,"column":46}},"loc":{"start":{"line":7,"column":51},"end":{"line":7,"column":100}},"line":7},"1":{"name":"(anonymous_1)","decl":{"start":{"line":8,"column":40},"end":{"line":8,"column":41}},"loc":{"start":{"line":8,"column":46},"end":{"line":8,"column":93}},"line":8},"2":{"name":"(anonymous_2)","decl":{"start":{"line":9,"column":34},"end":{"line":9,"column":35}},"loc":{"start":{"line":9,"column":40},"end":{"line":9,"column":75}},"line":9},"3":{"name":"(anonymous_3)","decl":{"start":{"line":10,"column":37},"end":{"line":10,"column":38}},"loc":{"start":{"line":10,"column":43},"end":{"line":10,"column":82}},"line":10},"4":{"name":"(anonymous_4)","decl":{"start":{"line":13,"column":33},"end":{"line":13,"column":34}},"loc":{"start":{"line":13,"column":40},"end":{"line":13,"column":100}},"line":13},"5":{"name":"(anonymous_5)","decl":{"start":{"line":14,"column":31},"end":{"line":14,"column":32}},"loc":{"start":{"line":14,"column":38},"end":{"line":14,"column":62}},"line":14},"6":{"name":"(anonymous_6)","decl":{"start":{"line":15,"column":33},"end":{"line":15,"column":34}},"loc":{"start":{"line":15,"column":40},"end":{"line":15,"column":62}},"line":15},"7":{"name":"(anonymous_7)","decl":{"start":{"line":18,"column":37},"end":{"line":18,"column":38}},"loc":{"start":{"line":18,"column":76},"end":{"line":21,"column":1}},"line":18},"8":{"name":"(anonymous_8)","decl":{"start":{"line":24,"column":31},"end":{"line":24,"column":32}},"loc":{"start":{"line":24,"column":82},"end":{"line":32,"column":1}},"line":24},"9":{"name":"(anonymous_9)","decl":{"start":{"line":36,"column":32},"end":{"line":36,"column":33}},"loc":{"start":{"line":36,"column":106},"end":{"line":54,"column":1}},"line":36},"10":{"name":"(anonymous_10)","decl":{"start":{"line":70,"column":19},"end":{"line":70,"column":20}},"loc":{"start":{"line":70,"column":33},"end":{"line":70,"column":89}},"line":70}},"branchMap":{"0":{"loc":{"start":{"line":13,"column":40},"end":{"line":13,"column":100}},"type":"binary-expr","locations":[{"start":{"line":13,"column":40},"end":{"line":13,"column":52}},{"start":{"line":13,"column":56},"end":{"line":13,"column":73}},{"start":{"line":13,"column":77},"end":{"line":13,"column":100}}],"line":13},"1":{"loc":{"start":{"line":38,"column":4},"end":{"line":40,"column":5}},"type":"if","locations":[{"start":{"line":38,"column":4},"end":{"line":40,"column":5}},{"start":{"line":38,"column":4},"end":{"line":40,"column":5}}],"line":38},"2":{"loc":{"start":{"line":41,"column":4},"end":{"line":43,"column":5}},"type":"if","locations":[{"start":{"line":41,"column":4},"end":{"line":43,"column":5}},{"start":{"line":41,"column":4},"end":{"line":43,"column":5}}],"line":41},"3":{"loc":{"start":{"line":44,"column":4},"end":{"line":46,"column":5}},"type":"if","locations":[{"start":{"line":44,"column":4},"end":{"line":46,"column":5}},{"start":{"line":44,"column":4},"end":{"line":46,"column":5}}],"line":44},"4":{"loc":{"start":{"line":50,"column":4},"end":{"line":52,"column":5}},"type":"if","locations":[{"start":{"line":50,"column":4},"end":{"line":52,"column":5}},{"start":{"line":50,"column":4},"end":{"line":52,"column":5}}],"line":50}},"s":{"0":1,"1":1,"2":1,"3":1,"4":1,"5":2,"6":1,"7":2,"8":1,"9":2,"10":1,"11":8,"12":1,"13":7,"14":1,"15":6,"16":1,"17":4,"18":1,"19":3,"20":3,"21":2,"22":1,"23":1,"24":1,"25":5,"26":1,"27":4,"28":1,"29":3,"30":1,"31":2,"32":2,"33":1,"34":1,"35":1,"36":0},"f":{"0":1,"1":2,"2":2,"3":2,"4":8,"5":7,"6":6,"7":4,"8":3,"9":5,"10":0},"b":{"0":[8,7,7],"1":[1,4],"2":[1,3],"3":[1,2],"4":[1,1]},"_coverageSchema":"1a1c01bbd47fc00a2c39e90264f33305004495a9","hash":"5a85288cd4982f0490a98d6076a5022c86773127","contentHash":"5bd738cc1982523663802c17eebab50ac1b8839f1540fe833d6df22debddfbeb"},"/Volumes/development/aws_serverless/src/opt/nodejs/sqs.connector.js":{"path":"/Volumes/development/aws_serverless/src/opt/nodejs/sqs.connector.js","statementMap":{"0":{"start":{"line":1,"column":12},"end":{"line":1,"column":30}},"1":{"start":{"line":2,"column":23},"end":{"line":2,"column":43}},"2":{"start":{"line":8,"column":4},"end":{"line":8,"column":39}},"3":{"start":{"line":13,"column":4},"end":{"line":13,"column":37}},"4":{"start":{"line":15,"column":31},"end":{"line":15,"column":69}},"5":{"start":{"line":15,"column":37},"end":{"line":15,"column":69}},"6":{"start":{"line":16,"column":27},"end":{"line":16,"column":66}},"7":{"start":{"line":16,"column":33},"end":{"line":16,"column":66}},"8":{"start":{"line":17,"column":30},"end":{"line":17,"column":85}},"9":{"start":{"line":17,"column":36},"end":{"line":17,"column":85}},"10":{"start":{"line":18,"column":32},"end":{"line":18,"column":72}},"11":{"start":{"line":18,"column":38},"end":{"line":18,"column":72}},"12":{"start":{"line":19,"column":42},"end":{"line":19,"column":93}},"13":{"start":{"line":19,"column":48},"end":{"line":19,"column":93}},"14":{"start":{"line":20,"column":42},"end":{"line":20,"column":94}},"15":{"start":{"line":20,"column":48},"end":{"line":20,"column":94}},"16":{"start":{"line":21,"column":38},"end":{"line":21,"column":86}},"17":{"start":{"line":21,"column":44},"end":{"line":21,"column":86}},"18":{"start":{"line":24,"column":32},"end":{"line":36,"column":2}},"19":{"start":{"line":25,"column":2},"end":{"line":35,"column":3}},"20":{"start":{"line":38,"column":31},"end":{"line":54,"column":2}},"21":{"start":{"line":39,"column":2},"end":{"line":53,"column":3}},"22":{"start":{"line":57,"column":25},"end":{"line":64,"column":2}},"23":{"start":{"line":58,"column":2},"end":{"line":63,"column":3}},"24":{"start":{"line":59,"column":27},"end":{"line":59,"column":43}},"25":{"start":{"line":60,"column":4},"end":{"line":60,"column":42}},"26":{"start":{"line":62,"column":4},"end":{"line":62,"column":58}},"27":{"start":{"line":66,"column":26},"end":{"line":71,"column":1}},"28":{"start":{"line":67,"column":2},"end":{"line":68,"column":16}},"29":{"start":{"line":68,"column":4},"end":{"line":68,"column":16}},"30":{"start":{"line":69,"column":21},"end":{"line":69,"column":54}},"31":{"start":{"line":69,"column":38},"end":{"line":69,"column":53}},"32":{"start":{"line":70,"column":2},"end":{"line":70,"column":31}},"33":{"start":{"line":74,"column":20},"end":{"line":87,"column":2}},"34":{"start":{"line":75,"column":2},"end":{"line":76,"column":51}},"35":{"start":{"line":76,"column":4},"end":{"line":76,"column":51}},"36":{"start":{"line":77,"column":2},"end":{"line":78,"column":47}},"37":{"start":{"line":78,"column":4},"end":{"line":78,"column":47}},"38":{"start":{"line":80,"column":2},"end":{"line":86,"column":4}},"39":{"start":{"line":81,"column":4},"end":{"line":85,"column":6}},"40":{"start":{"line":82,"column":6},"end":{"line":83,"column":17}},"41":{"start":{"line":83,"column":8},"end":{"line":83,"column":17}},"42":{"start":{"line":84,"column":6},"end":{"line":84,"column":19}},"43":{"start":{"line":89,"column":23},"end":{"line":114,"column":2}},"44":{"start":{"line":91,"column":2},"end":{"line":92,"column":49}},"45":{"start":{"line":92,"column":4},"end":{"line":92,"column":49}},"46":{"start":{"line":94,"column":2},"end":{"line":95,"column":50}},"47":{"start":{"line":95,"column":4},"end":{"line":95,"column":50}},"48":{"start":{"line":97,"column":2},"end":{"line":98,"column":50}},"49":{"start":{"line":98,"column":4},"end":{"line":98,"column":50}},"50":{"start":{"line":100,"column":15},"end":{"line":100,"column":38}},"51":{"start":{"line":102,"column":2},"end":{"line":103,"column":62}},"52":{"start":{"line":103,"column":4},"end":{"line":103,"column":62}},"53":{"start":{"line":105,"column":25},"end":{"line":105,"column":71}},"54":{"start":{"line":107,"column":17},"end":{"line":107,"column":105}},"55":{"start":{"line":109,"column":2},"end":{"line":112,"column":4}},"56":{"start":{"line":110,"column":4},"end":{"line":110,"column":20}},"57":{"start":{"line":111,"column":4},"end":{"line":111,"column":52}},"58":{"start":{"line":116,"column":33},"end":{"line":135,"column":2}},"59":{"start":{"line":118,"column":2},"end":{"line":119,"column":49}},"60":{"start":{"line":119,"column":4},"end":{"line":119,"column":49}},"61":{"start":{"line":121,"column":2},"end":{"line":122,"column":47}},"62":{"start":{"line":122,"column":4},"end":{"line":122,"column":47}},"63":{"start":{"line":124,"column":15},"end":{"line":124,"column":38}},"64":{"start":{"line":126,"column":2},"end":{"line":127,"column":62}},"65":{"start":{"line":127,"column":4},"end":{"line":127,"column":62}},"66":{"start":{"line":129,"column":17},"end":{"line":129,"column":92}},"67":{"start":{"line":131,"column":2},"end":{"line":134,"column":4}},"68":{"start":{"line":132,"column":4},"end":{"line":132,"column":20}},"69":{"start":{"line":133,"column":4},"end":{"line":133,"column":62}},"70":{"start":{"line":139,"column":0},"end":{"line":156,"column":1}}},"fnMap":{"0":{"name":"(anonymous_0)","decl":{"start":{"line":15,"column":31},"end":{"line":15,"column":32}},"loc":{"start":{"line":15,"column":37},"end":{"line":15,"column":69}},"line":15},"1":{"name":"(anonymous_1)","decl":{"start":{"line":16,"column":27},"end":{"line":16,"column":28}},"loc":{"start":{"line":16,"column":33},"end":{"line":16,"column":66}},"line":16},"2":{"name":"(anonymous_2)","decl":{"start":{"line":17,"column":30},"end":{"line":17,"column":31}},"loc":{"start":{"line":17,"column":36},"end":{"line":17,"column":85}},"line":17},"3":{"name":"(anonymous_3)","decl":{"start":{"line":18,"column":32},"end":{"line":18,"column":33}},"loc":{"start":{"line":18,"column":38},"end":{"line":18,"column":72}},"line":18},"4":{"name":"(anonymous_4)","decl":{"start":{"line":19,"column":42},"end":{"line":19,"column":43}},"loc":{"start":{"line":19,"column":48},"end":{"line":19,"column":93}},"line":19},"5":{"name":"(anonymous_5)","decl":{"start":{"line":20,"column":42},"end":{"line":20,"column":43}},"loc":{"start":{"line":20,"column":48},"end":{"line":20,"column":94}},"line":20},"6":{"name":"(anonymous_6)","decl":{"start":{"line":21,"column":38},"end":{"line":21,"column":39}},"loc":{"start":{"line":21,"column":44},"end":{"line":21,"column":86}},"line":21},"7":{"name":"(anonymous_7)","decl":{"start":{"line":24,"column":38},"end":{"line":24,"column":39}},"loc":{"start":{"line":24,"column":87},"end":{"line":36,"column":1}},"line":24},"8":{"name":"(anonymous_8)","decl":{"start":{"line":38,"column":37},"end":{"line":38,"column":38}},"loc":{"start":{"line":38,"column":100},"end":{"line":54,"column":1}},"line":38},"9":{"name":"(anonymous_9)","decl":{"start":{"line":57,"column":31},"end":{"line":57,"column":32}},"loc":{"start":{"line":57,"column":53},"end":{"line":64,"column":1}},"line":57},"10":{"name":"(anonymous_10)","decl":{"start":{"line":66,"column":26},"end":{"line":66,"column":27}},"loc":{"start":{"line":66,"column":33},"end":{"line":71,"column":1}},"line":66},"11":{"name":"(anonymous_11)","decl":{"start":{"line":69,"column":32},"end":{"line":69,"column":33}},"loc":{"start":{"line":69,"column":38},"end":{"line":69,"column":53}},"line":69},"12":{"name":"(anonymous_12)","decl":{"start":{"line":74,"column":26},"end":{"line":74,"column":27}},"loc":{"start":{"line":74,"column":44},"end":{"line":87,"column":1}},"line":74},"13":{"name":"(anonymous_13)","decl":{"start":{"line":80,"column":21},"end":{"line":80,"column":22}},"loc":{"start":{"line":80,"column":40},"end":{"line":86,"column":3}},"line":80},"14":{"name":"(anonymous_14)","decl":{"start":{"line":81,"column":17},"end":{"line":81,"column":18}},"loc":{"start":{"line":81,"column":32},"end":{"line":85,"column":5}},"line":81},"15":{"name":"(anonymous_15)","decl":{"start":{"line":89,"column":29},"end":{"line":89,"column":30}},"loc":{"start":{"line":89,"column":89},"end":{"line":114,"column":1}},"line":89},"16":{"name":"(anonymous_16)","decl":{"start":{"line":109,"column":41},"end":{"line":109,"column":42}},"loc":{"start":{"line":109,"column":48},"end":{"line":112,"column":3}},"line":109},"17":{"name":"(anonymous_17)","decl":{"start":{"line":116,"column":39},"end":{"line":116,"column":40}},"loc":{"start":{"line":116,"column":72},"end":{"line":135,"column":1}},"line":116},"18":{"name":"(anonymous_18)","decl":{"start":{"line":131,"column":41},"end":{"line":131,"column":42}},"loc":{"start":{"line":131,"column":48},"end":{"line":134,"column":3}},"line":131}},"branchMap":{"0":{"loc":{"start":{"line":67,"column":2},"end":{"line":68,"column":16}},"type":"if","locations":[{"start":{"line":67,"column":2},"end":{"line":68,"column":16}},{"start":{"line":67,"column":2},"end":{"line":68,"column":16}}],"line":67},"1":{"loc":{"start":{"line":75,"column":2},"end":{"line":76,"column":51}},"type":"if","locations":[{"start":{"line":75,"column":2},"end":{"line":76,"column":51}},{"start":{"line":75,"column":2},"end":{"line":76,"column":51}}],"line":75},"2":{"loc":{"start":{"line":77,"column":2},"end":{"line":78,"column":47}},"type":"if","locations":[{"start":{"line":77,"column":2},"end":{"line":78,"column":47}},{"start":{"line":77,"column":2},"end":{"line":78,"column":47}}],"line":77},"3":{"loc":{"start":{"line":82,"column":6},"end":{"line":83,"column":17}},"type":"if","locations":[{"start":{"line":82,"column":6},"end":{"line":83,"column":17}},{"start":{"line":82,"column":6},"end":{"line":83,"column":17}}],"line":82},"4":{"loc":{"start":{"line":91,"column":2},"end":{"line":92,"column":49}},"type":"if","locations":[{"start":{"line":91,"column":2},"end":{"line":92,"column":49}},{"start":{"line":91,"column":2},"end":{"line":92,"column":49}}],"line":91},"5":{"loc":{"start":{"line":94,"column":2},"end":{"line":95,"column":50}},"type":"if","locations":[{"start":{"line":94,"column":2},"end":{"line":95,"column":50}},{"start":{"line":94,"column":2},"end":{"line":95,"column":50}}],"line":94},"6":{"loc":{"start":{"line":97,"column":2},"end":{"line":98,"column":50}},"type":"if","locations":[{"start":{"line":97,"column":2},"end":{"line":98,"column":50}},{"start":{"line":97,"column":2},"end":{"line":98,"column":50}}],"line":97},"7":{"loc":{"start":{"line":102,"column":2},"end":{"line":103,"column":62}},"type":"if","locations":[{"start":{"line":102,"column":2},"end":{"line":103,"column":62}},{"start":{"line":102,"column":2},"end":{"line":103,"column":62}}],"line":102},"8":{"loc":{"start":{"line":118,"column":2},"end":{"line":119,"column":49}},"type":"if","locations":[{"start":{"line":118,"column":2},"end":{"line":119,"column":49}},{"start":{"line":118,"column":2},"end":{"line":119,"column":49}}],"line":118},"9":{"loc":{"start":{"line":121,"column":2},"end":{"line":122,"column":47}},"type":"if","locations":[{"start":{"line":121,"column":2},"end":{"line":122,"column":47}},{"start":{"line":121,"column":2},"end":{"line":122,"column":47}}],"line":121},"10":{"loc":{"start":{"line":126,"column":2},"end":{"line":127,"column":62}},"type":"if","locations":[{"start":{"line":126,"column":2},"end":{"line":127,"column":62}},{"start":{"line":126,"column":2},"end":{"line":127,"column":62}}],"line":126}},"s":{"0":1,"1":1,"2":1,"3":1,"4":1,"5":2,"6":1,"7":3,"8":1,"9":2,"10":1,"11":2,"12":1,"13":2,"14":1,"15":3,"16":1,"17":2,"18":1,"19":3,"20":1,"21":3,"22":1,"23":4,"24":4,"25":3,"26":1,"27":1,"28":6,"29":1,"30":5,"31":10,"32":5,"33":1,"34":8,"35":1,"36":7,"37":1,"38":6,"39":6,"40":6,"41":3,"42":6,"43":1,"44":6,"45":1,"46":5,"47":1,"48":4,"49":1,"50":3,"51":3,"52":1,"53":2,"54":2,"55":2,"56":1,"57":1,"58":1,"59":5,"60":1,"61":4,"62":1,"63":3,"64":3,"65":1,"66":2,"67":2,"68":1,"69":1,"70":1},"f":{"0":2,"1":3,"2":2,"3":2,"4":2,"5":3,"6":2,"7":3,"8":3,"9":4,"10":6,"11":10,"12":8,"13":6,"14":6,"15":6,"16":1,"17":5,"18":1},"b":{"0":[1,5],"1":[1,7],"2":[1,6],"3":[3,3],"4":[1,5],"5":[1,4],"6":[1,3],"7":[1,2],"8":[1,4],"9":[1,3],"10":[1,2]},"_coverageSchema":"1a1c01bbd47fc00a2c39e90264f33305004495a9","hash":"351a03587f631350cb110a987b40f9e545fb344c","contentHash":"42df317dd14ab59ba697418ca5621f783216e5cf3798ca6d0bd14fabe96ea0a9"},"/Volumes/development/aws_serverless/src/acceptRequest/index.js":{"path":"/Volumes/development/aws_serverless/src/acceptRequest/index.js","statementMap":{"0":{"start":{"line":1,"column":16},"end":{"line":1,"column":70}},"1":{"start":{"line":4,"column":23},"end":{"line":4,"column":43}},"2":{"start":{"line":5,"column":28},"end":{"line":5,"column":76}},"3":{"start":{"line":8,"column":25},"end":{"line":8,"column":70}},"4":{"start":{"line":12,"column":30},"end":{"line":12,"column":73}},"5":{"start":{"line":14,"column":26},"end":{"line":14,"column":69}},"6":{"start":{"line":15,"column":23},"end":{"line":15,"column":62}},"7":{"start":{"line":19,"column":29},"end":{"line":45,"column":2}},"8":{"start":{"line":20,"column":4},"end":{"line":20,"column":50}},"9":{"start":{"line":22,"column":18},"end":{"line":22,"column":37}},"10":{"start":{"line":23,"column":22},"end":{"line":23,"column":45}},"11":{"start":{"line":25,"column":4},"end":{"line":28,"column":5}},"12":{"start":{"line":26,"column":8},"end":{"line":26,"column":40}},"13":{"start":{"line":27,"column":8},"end":{"line":27,"column":50}},"14":{"start":{"line":30,"column":4},"end":{"line":33,"column":5}},"15":{"start":{"line":31,"column":8},"end":{"line":31,"column":44}},"16":{"start":{"line":32,"column":8},"end":{"line":32,"column":54}},"17":{"start":{"line":35,"column":4},"end":{"line":44,"column":5}},"18":{"start":{"line":36,"column":23},"end":{"line":36,"column":68}},"19":{"start":{"line":37,"column":8},"end":{"line":37,"column":27}},"20":{"start":{"line":38,"column":20},"end":{"line":38,"column":61}},"21":{"start":{"line":39,"column":24},"end":{"line":39,"column":59}},"22":{"start":{"line":40,"column":8},"end":{"line":40,"column":22}},"23":{"start":{"line":42,"column":8},"end":{"line":42,"column":64}},"24":{"start":{"line":43,"column":8},"end":{"line":43,"column":66}},"25":{"start":{"line":47,"column":0},"end":{"line":50,"column":1}}},"fnMap":{"0":{"name":"(anonymous_0)","decl":{"start":{"line":19,"column":35},"end":{"line":19,"column":36}},"loc":{"start":{"line":19,"column":105},"end":{"line":45,"column":1}},"line":19}},"branchMap":{"0":{"loc":{"start":{"line":1,"column":16},"end":{"line":1,"column":70}},"type":"cond-expr","locations":[{"start":{"line":1,"column":37},"end":{"line":1,"column":53}},{"start":{"line":1,"column":56},"end":{"line":1,"column":70}}],"line":1},"1":{"loc":{"start":{"line":25,"column":4},"end":{"line":28,"co
[...]
{"line":286,"column":24}},"162":{"start":{"line":287,"column":8},"end":{"line":287,"column":68}},"163":{"start":{"line":292,"column":29},"end":{"line":352,"column":2}},"164":{"start":{"line":293,"column":4},"end":{"line":351,"column":5}},"165":{"start":{"line":295,"column":8},"end":{"line":296,"column":57}},"166":{"start":{"line":296,"column":12},"end":{"line":296,"column":57}},"167":{"start":{"line":298,"column":8},"end":{"line":299,"column":58}},"168":{"start":{"line":299,"column":12},"end":{"line":299,"column":58}},"169":{"start":{"line":301,"column":8},"end":{"line":302,"column":52}},"170":{"start":{"line":302,"column":12},"end":{"line":302,"column":52}},"171":{"start":{"line":304,"column":8},"end":{"line":305,"column":57}},"172":{"start":{"line":305,"column":12},"end":{"line":305,"column":57}},"173":{"start":{"line":307,"column":8},"end":{"line":308,"column":57}},"174":{"start":{"line":308,"column":12},"end":{"line":308,"column":57}},"175":{"start":{"line":310,"column":8},"end":{"line":311,"column":54}},"176":{"start":{"line":311,"column":12},"end":{"line":311,"column":54}},"177":{"start":{"line":313,"column":8},"end":{"line":314,"column":55}},"178":{"start":{"line":314,"column":12},"end":{"line":314,"column":55}},"179":{"start":{"line":316,"column":20},"end":{"line":316,"column":44}},"180":{"start":{"line":317,"column":8},"end":{"line":318,"column":54}},"181":{"start":{"line":318,"column":12},"end":{"line":318,"column":54}},"182":{"start":{"line":320,"column":8},"end":{"line":320,"column":23}},"183":{"start":{"line":323,"column":25},"end":{"line":323,"column":68}},"184":{"start":{"line":325,"column":27},"end":{"line":332,"column":9}},"185":{"start":{"line":333,"column":8},"end":{"line":346,"column":10}},"186":{"start":{"line":344,"column":12},"end":{"line":344,"column":28}},"187":{"start":{"line":345,"column":12},"end":{"line":345,"column":66}},"188":{"start":{"line":349,"column":8},"end":{"line":349,"column":24}},"189":{"start":{"line":350,"column":8},"end":{"line":350,"column":62}},"190":{"start":{"line":355,"column":0},"end":{"line":389,"column":1}},"191":{"start":{"line":379,"column":32},"end":{"line":379,"column":75}},"192":{"start":{"line":380,"column":35},"end":{"line":380,"column":81}},"193":{"start":{"line":381,"column":32},"end":{"line":381,"column":100}},"194":{"start":{"line":382,"column":36},"end":{"line":382,"column":108}},"195":{"start":{"line":383,"column":40},"end":{"line":383,"column":116}},"196":{"start":{"line":385,"column":8},"end":{"line":385,"column":60}},"197":{"start":{"line":386,"column":40},"end":{"line":386,"column":91}},"198":{"start":{"line":387,"column":42},"end":{"line":387,"column":95}},"199":{"start":{"line":388,"column":36},"end":{"line":388,"column":83}}},"fnMap":{"0":{"name":"(anonymous_0)","decl":{"start":{"line":32,"column":26},"end":{"line":32,"column":27}},"loc":{"start":{"line":32,"column":32},"end":{"line":32,"column":58}},"line":32},"1":{"name":"(anonymous_1)","decl":{"start":{"line":33,"column":34},"end":{"line":33,"column":35}},"loc":{"start":{"line":33,"column":40},"end":{"line":33,"column":76}},"line":33},"2":{"name":"(anonymous_2)","decl":{"start":{"line":34,"column":37},"end":{"line":34,"column":38}},"loc":{"start":{"line":34,"column":43},"end":{"line":34,"column":84}},"line":34},"3":{"name":"(anonymous_3)","decl":{"start":{"line":35,"column":34},"end":{"line":35,"column":35}},"loc":{"start":{"line":35,"column":40},"end":{"line":35,"column":78}},"line":35},"4":{"name":"(anonymous_4)","decl":{"start":{"line":36,"column":38},"end":{"line":36,"column":39}},"loc":{"start":{"line":36,"column":44},"end":{"line":36,"column":87}},"line":36},"5":{"name":"(anonymous_5)","decl":{"start":{"line":37,"column":42},"end":{"line":37,"column":43}},"loc":{"start":{"line":37,"column":48},"end":{"line":37,"column":94}},"line":37},"6":{"name":"(anonymous_6)","decl":{"start":{"line":38,"column":41},"end":{"line":38,"column":42}},"loc":{"start":{"line":38,"column":47},"end":{"line":38,"column":93}},"line":38},"7":{"name":"(anonymous_7)","decl":{"start":{"line":39,"column":43},"end":{"line":39,"column":44}},"loc":{"start":{"line":39,"column":49},"end":{"line":39,"column":97}},"line":39},"8":{"name":"(anonymous_8)","decl":{"start":{"line":40,"column":42},"end":{"line":40,"column":43}},"loc":{"start":{"line":40,"column":48},"end":{"line":40,"column":93}},"line":40},"9":{"name":"(anonymous_9)","decl":{"start":{"line":41,"column":42},"end":{"line":41,"column":43}},"loc":{"start":{"line":41,"column":48},"end":{"line":41,"column":93}},"line":41},"10":{"name":"(anonymous_10)","decl":{"start":{"line":42,"column":44},"end":{"line":42,"column":45}},"loc":{"start":{"line":42,"column":50},"end":{"line":42,"column":97}},"line":42},"11":{"name":"(anonymous_11)","decl":{"start":{"line":43,"column":38},"end":{"line":43,"column":39}},"loc":{"start":{"line":43,"column":44},"end":{"line":43,"column":85}},"line":43},"12":{"name":"(anonymous_12)","decl":{"start":{"line":46,"column":34},"end":{"line":46,"column":35}},"loc":{"start":{"line":46,"column":53},"end":{"line":54,"column":1}},"line":46},"13":{"name":"(anonymous_13)","decl":{"start":{"line":56,"column":36},"end":{"line":56,"column":37}},"loc":{"start":{"line":56,"column":56},"end":{"line":64,"column":1}},"line":56},"14":{"name":"(anonymous_14)","decl":{"start":{"line":58,"column":34},"end":{"line":58,"column":35}},"loc":{"start":{"line":58,"column":40},"end":{"line":58,"column":53}},"line":58},"15":{"name":"(anonymous_15)","decl":{"start":{"line":67,"column":31},"end":{"line":67,"column":32}},"loc":{"start":{"line":67,"column":65},"end":{"line":93,"column":1}},"line":67},"16":{"name":"(anonymous_16)","decl":{"start":{"line":84,"column":17},"end":{"line":84,"column":18}},"loc":{"start":{"line":84,"column":24},"end":{"line":87,"column":9}},"line":84},"17":{"name":"(anonymous_17)","decl":{"start":{"line":96,"column":34},"end":{"line":96,"column":35}},"loc":{"start":{"line":96,"column":63},"end":{"line":115,"column":1}},"line":96},"18":{"name":"(anonymous_18)","decl":{"start":{"line":107,"column":44},"end":{"line":107,"column":45}},"loc":{"start":{"line":107,"column":51},"end":{"line":110,"column":9}},"line":107},"19":{"name":"(anonymous_19)","decl":{"start":{"line":117,"column":31},"end":{"line":117,"column":32}},"loc":{"start":{"line":117,"column":71},"end":{"line":139,"column":1}},"line":117},"20":{"name":"(anonymous_20)","decl":{"start":{"line":130,"column":54},"end":{"line":130,"column":55}},"loc":{"start":{"line":130,"column":61},"end":{"line":133,"column":9}},"line":130},"21":{"name":"(anonymous_21)","decl":{"start":{"line":142,"column":35},"end":{"line":142,"column":36}},"loc":{"start":{"line":142,"column":81},"end":{"line":165,"column":1}},"line":142},"22":{"name":"(anonymous_22)","decl":{"start":{"line":156,"column":14},"end":{"line":156,"column":15}},"loc":{"start":{"line":156,"column":22},"end":{"line":156,"column":55}},"line":156},"23":{"name":"(anonymous_23)","decl":{"start":{"line":156,"column":31},"end":{"line":156,"column":32}},"loc":{"start":{"line":156,"column":38},"end":{"line":156,"column":54}},"line":156},"24":{"name":"(anonymous_24)","decl":{"start":{"line":157,"column":15},"end":{"line":157,"column":16}},"loc":{"start":{"line":157,"column":22},"end":{"line":160,"column":9}},"line":157},"25":{"name":"(anonymous_25)","decl":{"start":{"line":167,"column":39},"end":{"line":167,"column":40}},"loc":{"start":{"line":167,"column":85},"end":{"line":188,"column":1}},"line":167},"26":{"name":"(anonymous_26)","decl":{"start":{"line":180,"column":15},"end":{"line":180,"column":16}},"loc":{"start":{"line":180,"column":22},"end":{"line":183,"column":9}},"line":180},"27":{"name":"(anonymous_27)","decl":{"start":{"line":190,"column":40},"end":{"line":190,"column":41}},"loc":{"start":{"line":190,"column":97},"end":{"line":227,"column":1}},"line":190},"28":{"name":"(anonymous_28)","decl":{"start":{"line":219,"column":58},"end":{"line":219,"column":59}},"loc":{"start":{"line":219,"column":65},"end":{"line":222,"column":9}},"line":219},"29":{"name":"(anonymous_29)","decl":{"start":{"line":231,"column":39},"end":{"line":231,"column":40}},"loc":{"start":{"line":231,"column":82},"end":{"line":260,"column":1}},"line":231},"30":{"name":"(anonymous_30)","decl":{"start":{"line":252,"column":55},"end":{"line":252,"column":56}},"loc":{"start":{"line":252,"column":62},"end":{"line":255,"column":9}},"line":252},"31":{"name":"(anonymous_31)","decl":{"start":{"line":263,"column":41},"end":{"line":263,"column":42}},"loc":{"start":{"line":263,"column":77},"end":{"line":289,"column":1}},"line":263},"32":{"name":"(anonymous_32)","decl":{"start":{"line":281,"column":62},"end":{"line":281,"column":63}},"loc":{"start":{"line":281,"column":69},"end":{"line":284,"column":9}},"line":281},"33":{"name":"(anonymous_33)","decl":{"start":{"line":292,"column":35},"end":{"line":292,"column":36}},"loc":{"start":{"line":292,"column":136},"end":{"line":352,"column":1}},"line":292},"34":{"name":"(anonymous_34)","decl":{"start":{"line":343,"column":17},"end":{"line":343,"column":18}},"loc":{"start":{"line":343,"column":24},"end":{"line":346,"column":9}},"line":343},"35":{"name":"(anonymous_35)","decl":{"start":{"line":379,"column":18},"end":{"line":379,"column":19}},"loc":{"start":{"line":379,"column":32},"end":{"line":379,"column":75}},"line":379},"36":{"name":"(anonymous_36)","decl":{"start":{"line":380,"column":21},"end":{"line":380,"column":22}},"loc":{"start":{"line":380,"column":35},"end":{"line":380,"column":81}},"line":380},"37":{"name":"(anonymous_37)","decl":{"start":{"line":381,"column":18},"end":{"line":381,"column":19}},"loc":{"start":{"line":381,"column":32},"end":{"line":381,"column":100}},"line":381},"38":{"name":"(anonymous_38)","decl":{"start":{"line":382,"column":22},"end":{"line":382,"column":23}},"loc":{"start":{"line":382,"column":36},"end":{"line":382,"column":108}},"line":382},"39":{"name":"(anonymous_39)","decl":{"start":{"line":383,"column":26},"end":{"line":383,"column":27}},"loc":{"start":{"line":383,"column":40},"end":{"line":383,"column":116}},"line":383},"40":{"name":"(anonymous_40)","decl":{"start":{"line":384,"column":27},"end":{"line":384,"column":28}},"loc":{"start":{"line":385,"column":8},"end":{"line":385,"column":60}},"line":385},"41":{"name":"(anonymous_41)","decl":{"start":{"line":386,"column":26},"end":{"line":386,"column":27}},"loc":{"start":{"line":386,"column":40},"end":{"line":386,"column":91}},"line":386},"42":{"name":"(anonymous_42)","decl":{"start":{"line":387,"column":28},"end":{"line":387,"column":29}},"loc":{"start":{"line":387,"column":42},"end":{"line":387,"column":95}},"line":387},"43":{"name":"(anonymous_43)","decl":{"start":{"line":388,"column":22},"end":{"line":388,"column":23}},"loc":{"start":{"line":388,"column":36},"end":{"line":388,"column":83}},"line":388}},"branchMap":{"0":{"loc":{"start":{"line":69,"column":8},"end":{"line":70,"column":48}},"type":"if","locations":[{"start":{"line":69,"column":8},"end":{"line":70,"column":48}},{"start":{"line":69,"column":8},"end":{"line":70,"column":48}}],"line":69},"1":{"loc":{"start":{"line":72,"column":8},"end":{"line":73,"column":49}},"type":"if","locations":[{"start":{"line":72,"column":8},"end":{"line":73,"column":49}},{"start":{"line":72,"column":8},"end":{"line":73,"column":49}}],"line":72},"2":{"loc":{"start":{"line":76,"column":8},"end":{"line":77,"column":54}},"type":"if","locations":[{"start":{"line":76,"column":8},"end":{"line":77,"column":54}},{"start":{"line":76,"column":8},"end":{"line":77,"column":54}}],"line":76},"3":{"loc":{"start":{"line":98,"column":8},"end":{"line":99,"column":45}},"type":"if","locations":[{"start":{"line":98,"column":8},"end":{"line":99,"column":45}},{"start":{"line":98,"column":8},"end":{"line":99,"column":45}}],"line":98},"4":{"loc":{"start":{"line":102,"column":8},"end":{"line":103,"column":54}},"type":"if","locations":[{"start":{"line":102,"column":8},"end":{"line":103,"column":54}},{"start":{"line":102,"column":8},"end":{"line":103,"column":54}}],"line":102},"5":{"loc":{"start":{"line":119,"column":8},"end":{"line":120,"column":48}},"type":"if","locations":[{"start":{"line":119,"column":8},"end":{"line":120,"column":48}},{"start":{"line":119,"column":8},"end":{"line":120,"column":48}}],"line":119},"6":{"loc":{"start":{"line":123,"column":8},"end":{"line":124,"column":54}},"type":"if","locations":[{"start":{"line":123,"column":8},"end":{"line":124,"column":54}},{"start":{"line":123,"column":8},"end":{"line":124,"column":54}}],"line":123},"7":{"loc":{"start":{"line":144,"column":8},"end":{"line":145,"column":54}},"type":"if","locations":[{"start":{"line":144,"column":8},"end":{"line":145,"column":54}},{"start":{"line":144,"column":8},"end":{"line":145,"column":54}}],"line":144},"8":{"loc":{"start":{"line":148,"column":8},"end":{"line":149,"column":54}},"type":"if","locations":[{"start":{"line":148,"column":8},"end":{"line":149,"column":54}},{"start":{"line":148,"column":8},"end":{"line":149,"column":54}}],"line":148},"9":{"loc":{"start":{"line":169,"column":8},"end":{"line":170,"column":54}},"type":"if","locations":[{"start":{"line":169,"column":8},"end":{"line":170,"column":54}},{"start":{"line":169,"column":8},"end":{"line":170,"column":54}}],"line":169},"10":{"loc":{"start":{"line":173,"column":8},"end":{"line":174,"column":54}},"type":"if","locations":[{"start":{"line":173,"column":8},"end":{"line":174,"column":54}},{"start":{"line":173,"column":8},"end":{"line":174,"column":54}}],"line":173},"11":{"loc":{"start":{"line":192,"column":8},"end":{"line":193,"column":61}},"type":"if","locations":[{"start":{"line":192,"column":8},"end":{"line":193,"column":61}},{"start":{"line":192,"column":8},"end":{"line":193,"column":61}}],"line":192},"12":{"loc":{"start":{"line":195,"column":8},"end":{"line":196,"column":57}},"type":"if","locations":[{"start":{"line":195,"column":8},"end":{"line":196,"column":57}},{"start":{"line":195,"column":8},"end":{"line":196,"column":57}}],"line":195},"13":{"loc":{"start":{"line":198,"column":8},"end":{"line":199,"column":58}},"type":"if","locations":[{"start":{"line":198,"column":8},"end":{"line":199,"column":58}},{"start":{"line":198,"column":8},"end":{"line":199,"column":58}}],"line":198},"14":{"loc":{"start":{"line":203,"column":8},"end":{"line":204,"column":54}},"type":"if","locations":[{"start":{"line":203,"column":8},"end":{"line":204,"column":54}},{"start":{"line":203,"column":8},"end":{"line":204,"column":54}}],"line":203},"15":{"loc":{"start":{"line":234,"column":8},"end":{"line":235,"column":61}},"type":"if","locations":[{"start":{"line":234,"column":8},"end":{"line":235,"column":61}},{"start":{"line":234,"column":8},"end":{"line":235,"column":61}}],"line":234},"16":{"loc":{"start":{"line":237,"column":8},"end":{"line":238,"column":49}},"type":"if","locations":[{"start":{"line":237,"column":8},"end":{"line":238,"column":49}},{"start":{"line":237,"column":8},"end":{"line":238,"column":49}}],"line":237},"17":{"loc":{"start":{"line":242,"column":8},"end":{"line":243,"column":54}},"type":"if","locations":[{"start":{"line":242,"column":8},"end":{"line":243,"column":54}},{"start":{"line":242,"column":8},"end":{"line":243,"column":54}}],"line":242},"18":{"loc":{"start":{"line":266,"column":8},"end":{"line":267,"column":61}},"type":"if","locations":[{"start":{"line":266,"column":8},"end":{"line":267,"column":61}},{"start":{"line":266,"column":8},"end":{"line":267,"column":61}}],"line":266},"19":{"loc":{"start":{"line":271,"column":8},"end":{"line":272,"column":54}},"type":"if","locations":[{"start":{"line":271,"column":8},"end":{"line":272,"column":54}},{"start":{"line":271,"column":8},"end":{"line":272,"column":54}}],"line":271},"20":{"loc":{"start":{"line":295,"column":8},"end":{"line":296,"column":57}},"type":"if","locations":[{"start":{"line":295,"column":8},"end":{"line":296,"column":57}},{"start":{"line":295,"column":8},"end":{"line":296,"column":57}}],"line":295},"21":{"loc":{"start":{"line":298,"column":8},"end":{"line":299,"column":58}},"type":"if","locations":[{"start":{"line":298,"column":8},"end":{"line":299,"column":58}},{"start":{"line":298,"column":8},"end":{"line":299,"column":58}}],"line":298},"22":{"loc":{"start":{"line":301,"column":8},"end":{"line":302,"column":52}},"type":"if","locations":[{"start":{"line":301,"column":8},"end":{"line":302,"column":52}},{"start":{"line":301,"column":8},"end":{"line":302,"column":52}}],"line":301},"23":{"loc":{"start":{"line":304,"column":8},"end":{"line":305,"column":57}},"type":"if","locations":[{"start":{"line":304,"column":8},"end":{"line":305,"column":57}},{"start":{"line":304,"column":8},"end":{"line":305,"column":57}}],"line":304},"24":{"loc":{"start":{"line":307,"column":8},"end":{"line":308,"column":57}},"type":"if","locations":[{"start":{"line":307,"column":8},"end":{"line":308,"column":57}},{"start":{"line":307,"column":8},"end":{"line":308,"column":57}}],"line":307},"25":{"loc":{"start":{"line":310,"column":8},"end":{"line":311,"column":54}},"type":"if","locations":[{"start":{"line":310,"column":8},"end":{"line":311,"column":54}},{"start":{"line":310,"column":8},"end":{"line":311,"column":54}}],"line":310},"26":{"loc":{"start":{"line":313,"column":8},"end":{"line":314,"column":55}},"type":"if","locations":[{"start":{"line":313,"column":8},"end":{"line":314,"column":55}},{"start":{"line":313,"column":8},"end":{"line":314,"column":55}}],"line":313},"27":{"loc":{"start":{"line":317,"column":8},"end":{"line":318,"column":54}},"type":"if","locations":[{"start":{"line":317,"column":8},"end":{"line":318,"column":54}},{"start":{"line":317,"column":8},"end":{"line":318,"column":54}}],"line":317}},"s":{"0":1,"1":1,"2":1,"3":1,"4":1,"5":1,"6":19,"7":1,"8":5,"9":1,"10":5,"11":1,"12":5,"13":1,"14":5,"15":1,"16":5,"17":1,"18":2,"19":1,"20":2,"21":1,"22":5,"23":1,"24":5,"25":1,"26":5,"27":1,"28":5,"29":1,"30":6,"31":6,"32":5,"33":1,"34":1,"35":1,"36":6,"37":6,"38":11,"39":5,"40":1,"41":1,"42":1,"43":6,"44":6,"45":1,"46":5,"47":1,"48":4,"49":4,"50":1,"51":3,"52":2,"53":1,"54":1,"55":1,"56":1,"57":1,"58":5,"59":5,"60":1,"61":4,"62":4,"63":1,"64":3,"65":2,"66":1,"67":1,"68":1,"69":1,"70":1,"71":5,"72":5,"73":1,"74":4,"75":4,"76":1,"77":3,"78":2,"79":2,"80":1,"81":1,"82":1,"83":1,"84":1,"85":5,"86":5,"87":1,"88":4,"89":4,"90":1,"91":3,"92":2,"93":2,"94":1,"95":1,"96":1,"97":1,"98":1,"99":1,"100":1,"101":5,"102":5,"103":1,"104":4,"105":4,"106":1,"107":3,"108":2,"109":2,"110":1,"111":1,"112":1,"113":1,"114":1,"115":7,"116":7,"117":1,"118":6,"119":1,"120":5,"121":1,"122":4,"123":4,"124":1,"125":3,"126":2,"127":2,"128":2,"129":1,"130":1,"131":1,"132":1,"133":1,"134":6,"135":6,"136":1,"137":5,"138":1,"139":4,"140":4,"141":1,"142":3,"143":2,"144":2,"145":1,"146":1,"147":1,"148":1,"149":1,"150":5,"151":5,"152":1,"153":4,"154":4,"155":1,"156":3,"157":2,"158":2,"159":1,"160":1,"161":1,"162":1,"163":1,"164":11,"165":11,"166":1,"167":10,"168":1,"169":9,"170":1,"171":8,"172":1,"173":7,"174":1,"175":6,"176":1,"177":5,"178":1,"179":4,"180":4,"181":1,"182":3,"183":2,"184":2,"185":2,"186":1,"187":1,"188":1,"189":1,"190":1,"191":0,"192":0,"193":0,"194":0,"195":0,"196":0,"197":0,"198":0,"199":0},"f":{"0":19,"1":5,"2":5,"3":5,"4":5,"5":5,"6":2,"7":2,"8":5,"9":5,"10":5,"11":5,"12":6,"13":6,"14":11,"15":6,"16":1,"17":5,"18":1,"19":5,"20":1,"21":5,"22":1,"23":1,"24":1,"25":5,"26":1,"27":7,"28":1,"29":6,"30":1,"31":5,"32":1,"33":11,"34":1,"35":0,"36":0,"37":0,"38":0,"39":0,"40":0,"41":0,"42":0,"43":0},"b":{"0":[1,5],"1":[1,4],"2":[1,3],"3":[1,4],"4":[1,3],"5":[1,4],"6":[1,3],"7":[1,4],"8":[1,3],"9":[1,4],"10":[1,3],"11":[1,6],"12":[1,5],"13":[1,4],"14":[1,3],"15":[1,5],"16":[1,4],"17":[1,3],"18":[1,4],"19":[1,3],"20":[1,10],"21":[1,9],"22":[1,8],"23":[1,7],"24":[1,6],"25":[1,5],"26":[1,4],"27":[1,3]},"_coverageSchema":"1a1c01bbd47fc00a2c39e90264f33305004495a9","hash":"7d056779891141e8b98378da11f7e63aaae426e2","contentHash":"957018a75c30b5fef755554ccc892fff2b2a2f8d79af89ec307a4e99569f07fc"}}